running develop
Removing /home/netrunner/Documents/Robotics_and_Automation/CA/Qbot--3D-object-mapping/simulation/install/qbot_scanner/lib/python3.10/site-packages/qbot-scanner.egg-link (link to .)
running egg_info
writing ../../build/qbot_scanner/qbot_scanner.egg-info/PKG-INFO
writing dependency_links to ../../build/qbot_scanner/qbot_scanner.egg-info/dependency_links.txt
writing entry points to ../../build/qbot_scanner/qbot_scanner.egg-info/entry_points.txt
writing requirements to ../../build/qbot_scanner/qbot_scanner.egg-info/requires.txt
writing top-level names to ../../build/qbot_scanner/qbot_scanner.egg-info/top_level.txt
reading manifest file '../../build/qbot_scanner/qbot_scanner.egg-info/SOURCES.txt'
writing manifest file '../../build/qbot_scanner/qbot_scanner.egg-info/SOURCES.txt'
running build
running build_py
running install
running install_lib
creating /home/netrunner/Documents/Robotics_and_Automation/CA/Qbot--3D-object-mapping/simulation/install/qbot_scanner/lib/python3.10/site-packages/qbot_scanner
copying /home/netrunner/Documents/Robotics_and_Automation/CA/Qbot--3D-object-mapping/simulation/build/qbot_scanner/build/lib/qbot_scanner/__init__.py -> /home/netrunner/Documents/Robotics_and_Automation/CA/Qbot--3D-object-mapping/simulation/install/qbot_scanner/lib/python3.10/site-packages/qbot_scanner
copying /home/netrunner/Documents/Robotics_and_Automation/CA/Qbot--3D-object-mapping/simulation/build/qbot_scanner/build/lib/qbot_scanner/scan_logic.py -> /home/netrunner/Documents/Robotics_and_Automation/CA/Qbot--3D-object-mapping/simulation/install/qbot_scanner/lib/python3.10/site-packages/qbot_scanner
byte-compiling /home/netrunner/Documents/Robotics_and_Automation/CA/Qbot--3D-object-mapping/simulation/install/qbot_scanner/lib/python3.10/site-packages/qbot_scanner/__init__.py to __init__.cpython-310.pyc
byte-compiling /home/netrunner/Documents/Robotics_and_Automation/CA/Qbot--3D-object-mapping/simulation/install/qbot_scanner/lib/python3.10/site-packages/qbot_scanner/scan_logic.py to scan_logic.cpython-310.pyc
running install_data
copying resource/qbot_scanner -> /home/netrunner/Documents/Robotics_and_Automation/CA/Qbot--3D-object-mapping/simulation/install/qbot_scanner/share/ament_index/resource_index/packages
copying package.xml -> /home/netrunner/Documents/Robotics_and_Automation/CA/Qbot--3D-object-mapping/simulation/install/qbot_scanner/share/qbot_scanner
running install_egg_info
Copying ../../build/qbot_scanner/qbot_scanner.egg-info to /home/netrunner/Documents/Robotics_and_Automation/CA/Qbot--3D-object-mapping/simulation/install/qbot_scanner/lib/python3.10/site-packages/qbot_scanner-0.0.0-py3.10.egg-info
running install_scripts
writing list of installed files to '/home/netrunner/Documents/Robotics_and_Automation/CA/Qbot--3D-object-mapping/simulation/build/qbot_scanner/install.log'
