-- Install configuration: ""
-- Up-to-date: /home/sanjuna/Desktop/FP_Robotics_and_Automation/Qbot--3D-object-mapping/install/qbot_description/share/qbot_description/urdf
-- Up-to-date: /home/sanjuna/Desktop/FP_Robotics_and_Automation/Qbot--3D-object-mapping/install/qbot_description/share/qbot_description/urdf/qbot.urdf
-- Up-to-date: /home/sanjuna/Desktop/FP_Robotics_and_Automation/Qbot--3D-object-mapping/install/qbot_description/share/qbot_description/launch
-- Up-to-date: /home/sanjuna/Desktop/FP_Robotics_and_Automation/Qbot--3D-object-mapping/install/qbot_description/share/qbot_description/launch/gazebo.launch.py
-- Up-to-date: /home/sanjuna/Desktop/FP_Robotics_and_Automation/Qbot--3D-object-mapping/install/qbot_description/share/qbot_description/launch/simulation.launch.py
-- Up-to-date: /home/sanjuna/Desktop/FP_Robotics_and_Automation/Qbot--3D-object-mapping/install/qbot_description/share/qbot_description/launch/display.launch.py
-- Up-to-date: /home/sanjuna/Desktop/FP_Robotics_and_Automation/Qbot--3D-object-mapping/install/qbot_description/share/qbot_description/rviz
-- Installing: /home/sanjuna/Desktop/FP_Robotics_and_Automation/Qbot--3D-object-mapping/install/qbot_description/share/qbot_description/rviz/qbot.rviz
-- Up-to-date: /home/sanjuna/Desktop/FP_Robotics_and_Automation/Qbot--3D-object-mapping/install/qbot_description/share/qbot_description/sdf
-- Up-to-date: /home/sanjuna/Desktop/FP_Robotics_and_Automation/Qbot--3D-object-mapping/install/qbot_description/share/qbot_description/sdf/qbot_world.sdf
-- Up-to-date: /home/sanjuna/Desktop/FP_Robotics_and_Automation/Qbot--3D-object-mapping/install/qbot_description/share/qbot_description/sdf/qbot.sdf
-- Up-to-date: /home/sanjuna/Desktop/FP_Robotics_and_Automation/Qbot--3D-object-mapping/install/qbot_description/share/qbot_description/config
-- Up-to-date: /home/sanjuna/Desktop/FP_Robotics_and_Automation/Qbot--3D-object-mapping/install/qbot_description/share/qbot_description/config/qbot_controllers.yaml
-- Up-to-date: /home/sanjuna/Desktop/FP_Robotics_and_Automation/Qbot--3D-object-mapping/install/qbot_description/share/ament_index/resource_index/package_run_dependencies/qbot_description
-- Up-to-date: /home/sanjuna/Desktop/FP_Robotics_and_Automation/Qbot--3D-object-mapping/install/qbot_description/share/ament_index/resource_index/parent_prefix_path/qbot_description
-- Up-to-date: /home/sanjuna/Desktop/FP_Robotics_and_Automation/Qbot--3D-object-mapping/install/qbot_description/share/qbot_description/environment/ament_prefix_path.sh
-- Up-to-date: /home/sanjuna/Desktop/FP_Robotics_and_Automation/Qbot--3D-object-mapping/install/qbot_description/share/qbot_description/environment/ament_prefix_path.dsv
-- Up-to-date: /home/sanjuna/Desktop/FP_Robotics_and_Automation/Qbot--3D-object-mapping/install/qbot_description/share/qbot_description/environment/path.sh
-- Up-to-date: /home/sanjuna/Desktop/FP_Robotics_and_Automation/Qbot--3D-object-mapping/install/qbot_description/share/qbot_description/environment/path.dsv
-- Up-to-date: /home/sanjuna/Desktop/FP_Robotics_and_Automation/Qbot--3D-object-mapping/install/qbot_description/share/qbot_description/local_setup.bash
-- Up-to-date: /home/sanjuna/Desktop/FP_Robotics_and_Automation/Qbot--3D-object-mapping/install/qbot_description/share/qbot_description/local_setup.sh
-- Up-to-date: /home/sanjuna/Desktop/FP_Robotics_and_Automation/Qbot--3D-object-mapping/install/qbot_description/share/qbot_description/local_setup.zsh
-- Up-to-date: /home/sanjuna/Desktop/FP_Robotics_and_Automation/Qbot--3D-object-mapping/install/qbot_description/share/qbot_description/local_setup.dsv
-- Up-to-date: /home/sanjuna/Desktop/FP_Robotics_and_Automation/Qbot--3D-object-mapping/install/qbot_description/share/qbot_description/package.dsv
-- Up-to-date: /home/sanjuna/Desktop/FP_Robotics_and_Automation/Qbot--3D-object-mapping/install/qbot_description/share/ament_index/resource_index/packages/qbot_description
-- Up-to-date: /home/sanjuna/Desktop/FP_Robotics_and_Automation/Qbot--3D-object-mapping/install/qbot_description/share/qbot_description/cmake/qbot_descriptionConfig.cmake
-- Up-to-date: /home/sanjuna/Desktop/FP_Robotics_and_Automation/Qbot--3D-object-mapping/install/qbot_description/share/qbot_description/cmake/qbot_descriptionConfig-version.cmake
-- Up-to-date: /home/sanjuna/Desktop/FP_Robotics_and_Automation/Qbot--3D-object-mapping/install/qbot_description/share/qbot_description/package.xml
