[0.009s] Invoking command in '/home/sanjuna/Desktop/FP_Robotics_and_Automation/Qbot--3D-object-mapping/build/qbot_description': AMENT_PREFIX_PATH=/home/sanjuna/Desktop/FP_Robotics_and_Automation/Qbot--3D-object-mapping/install/interfaces:${AMENT_PREFIX_PATH} CMAKE_PREFIX_PATH=/home/sanjuna/Desktop/FP_Robotics_and_Automation/Qbot--3D-object-mapping/install/interfaces:/opt/ros/humble LD_LIBRARY_PATH=/home/sanjuna/Desktop/FP_Robotics_and_Automation/Qbot--3D-object-mapping/install/interfaces/lib:${LD_LIBRARY_PATH} PYTHONPATH=/home/sanjuna/Desktop/FP_Robotics_and_Automation/Qbot--3D-object-mapping/install/interfaces/local/lib/python3.10/dist-packages:${PYTHONPATH} /usr/bin/cmake --build /home/sanjuna/Desktop/FP_Robotics_and_Automation/Qbot--3D-object-mapping/build/qbot_description -- -j8 -l8
[0.047s] Invoked command in '/home/sanjuna/Desktop/FP_Robotics_and_Automation/Qbot--3D-object-mapping/build/qbot_description' returned '0': AMENT_PREFIX_PATH=/home/sanjuna/Desktop/FP_Robotics_and_Automation/Qbot--3D-object-mapping/install/interfaces:${AMENT_PREFIX_PATH} CMAKE_PREFIX_PATH=/home/sanjuna/Desktop/FP_Robotics_and_Automation/Qbot--3D-object-mapping/install/interfaces:/opt/ros/humble LD_LIBRARY_PATH=/home/sanjuna/Desktop/FP_Robotics_and_Automation/Qbot--3D-object-mapping/install/interfaces/lib:${LD_LIBRARY_PATH} PYTHONPATH=/home/sanjuna/Desktop/FP_Robotics_and_Automation/Qbot--3D-object-mapping/install/interfaces/local/lib/python3.10/dist-packages:${PYTHONPATH} /usr/bin/cmake --build /home/sanjuna/Desktop/FP_Robotics_and_Automation/Qbot--3D-object-mapping/build/qbot_description -- -j8 -l8
[0.049s] Invoking command in '/home/sanjuna/Desktop/FP_Robotics_and_Automation/Qbot--3D-object-mapping/build/qbot_description': AMENT_PREFIX_PATH=/home/sanjuna/Desktop/FP_Robotics_and_Automation/Qbot--3D-object-mapping/install/interfaces:${AMENT_PREFIX_PATH} CMAKE_PREFIX_PATH=/home/sanjuna/Desktop/FP_Robotics_and_Automation/Qbot--3D-object-mapping/install/interfaces:/opt/ros/humble LD_LIBRARY_PATH=/home/sanjuna/Desktop/FP_Robotics_and_Automation/Qbot--3D-object-mapping/install/interfaces/lib:${LD_LIBRARY_PATH} PYTHONPATH=/home/sanjuna/Desktop/FP_Robotics_and_Automation/Qbot--3D-object-mapping/install/interfaces/local/lib/python3.10/dist-packages:${PYTHONPATH} /usr/bin/cmake --install /home/sanjuna/Desktop/FP_Robotics_and_Automation/Qbot--3D-object-mapping/build/qbot_description
[0.057s] -- Install configuration: ""
[0.057s] -- Up-to-date: /home/sanjuna/Desktop/FP_Robotics_and_Automation/Qbot--3D-object-mapping/install/qbot_description/share/qbot_description/urdf
[0.057s] -- Up-to-date: /home/sanjuna/Desktop/FP_Robotics_and_Automation/Qbot--3D-object-mapping/install/qbot_description/share/qbot_description/urdf/qbot.urdf
[0.057s] -- Up-to-date: /home/sanjuna/Desktop/FP_Robotics_and_Automation/Qbot--3D-object-mapping/install/qbot_description/share/qbot_description/launch
[0.057s] -- Up-to-date: /home/sanjuna/Desktop/FP_Robotics_and_Automation/Qbot--3D-object-mapping/install/qbot_description/share/qbot_description/launch/gazebo.launch.py
[0.057s] -- Up-to-date: /home/sanjuna/Desktop/FP_Robotics_and_Automation/Qbot--3D-object-mapping/install/qbot_description/share/qbot_description/launch/simulation.launch.py
[0.057s] -- Up-to-date: /home/sanjuna/Desktop/FP_Robotics_and_Automation/Qbot--3D-object-mapping/install/qbot_description/share/qbot_description/launch/display.launch.py
[0.057s] -- Up-to-date: /home/sanjuna/Desktop/FP_Robotics_and_Automation/Qbot--3D-object-mapping/install/qbot_description/share/qbot_description/rviz
[0.058s] -- Installing: /home/sanjuna/Desktop/FP_Robotics_and_Automation/Qbot--3D-object-mapping/install/qbot_description/share/qbot_description/rviz/qbot.rviz
[0.058s] -- Up-to-date: /home/sanjuna/Desktop/FP_Robotics_and_Automation/Qbot--3D-object-mapping/install/qbot_description/share/qbot_description/sdf
[0.058s] -- Up-to-date: /home/sanjuna/Desktop/FP_Robotics_and_Automation/Qbot--3D-object-mapping/install/qbot_description/share/qbot_description/sdf/qbot_world.sdf
[0.058s] -- Up-to-date: /home/sanjuna/Desktop/FP_Robotics_and_Automation/Qbot--3D-object-mapping/install/qbot_description/share/qbot_description/sdf/qbot.sdf
[0.058s] -- Up-to-date: /home/sanjuna/Desktop/FP_Robotics_and_Automation/Qbot--3D-object-mapping/install/qbot_description/share/qbot_description/config
[0.058s] -- Up-to-date: /home/sanjuna/Desktop/FP_Robotics_and_Automation/Qbot--3D-object-mapping/install/qbot_description/share/qbot_description/config/qbot_controllers.yaml
[0.058s] -- Up-to-date: /home/sanjuna/Desktop/FP_Robotics_and_Automation/Qbot--3D-object-mapping/install/qbot_description/share/ament_index/resource_index/package_run_dependencies/qbot_description
[0.058s] -- Up-to-date: /home/sanjuna/Desktop/FP_Robotics_and_Automation/Qbot--3D-object-mapping/install/qbot_description/share/ament_index/resource_index/parent_prefix_path/qbot_description
[0.058s] -- Up-to-date: /home/sanjuna/Desktop/FP_Robotics_and_Automation/Qbot--3D-object-mapping/install/qbot_description/share/qbot_description/environment/ament_prefix_path.sh
[0.058s] -- Up-to-date: /home/sanjuna/Desktop/FP_Robotics_and_Automation/Qbot--3D-object-mapping/install/qbot_description/share/qbot_description/environment/ament_prefix_path.dsv
[0.058s] -- Up-to-date: /home/sanjuna/Desktop/FP_Robotics_and_Automation/Qbot--3D-object-mapping/install/qbot_description/share/qbot_description/environment/path.sh
[0.058s] -- Up-to-date: /home/sanjuna/Desktop/FP_Robotics_and_Automation/Qbot--3D-object-mapping/install/qbot_description/share/qbot_description/environment/path.dsv
[0.058s] -- Up-to-date: /home/sanjuna/Desktop/FP_Robotics_and_Automation/Qbot--3D-object-mapping/install/qbot_description/share/qbot_description/local_setup.bash
[0.058s] -- Up-to-date: /home/sanjuna/Desktop/FP_Robotics_and_Automation/Qbot--3D-object-mapping/install/qbot_description/share/qbot_description/local_setup.sh
[0.059s] -- Up-to-date: /home/sanjuna/Desktop/FP_Robotics_and_Automation/Qbot--3D-object-mapping/install/qbot_description/share/qbot_description/local_setup.zsh
[0.059s] -- Up-to-date: /home/sanjuna/Desktop/FP_Robotics_and_Automation/Qbot--3D-object-mapping/install/qbot_description/share/qbot_description/local_setup.dsv
[0.059s] -- Up-to-date: /home/sanjuna/Desktop/FP_Robotics_and_Automation/Qbot--3D-object-mapping/install/qbot_description/share/qbot_description/package.dsv
[0.059s] -- Up-to-date: /home/sanjuna/Desktop/FP_Robotics_and_Automation/Qbot--3D-object-mapping/install/qbot_description/share/ament_index/resource_index/packages/qbot_description
[0.059s] -- Up-to-date: /home/sanjuna/Desktop/FP_Robotics_and_Automation/Qbot--3D-object-mapping/install/qbot_description/share/qbot_description/cmake/qbot_descriptionConfig.cmake
[0.059s] -- Up-to-date: /home/sanjuna/Desktop/FP_Robotics_and_Automation/Qbot--3D-object-mapping/install/qbot_description/share/qbot_description/cmake/qbot_descriptionConfig-version.cmake
[0.059s] -- Up-to-date: /home/sanjuna/Desktop/FP_Robotics_and_Automation/Qbot--3D-object-mapping/install/qbot_description/share/qbot_description/package.xml
[0.060s] Invoked command in '/home/sanjuna/Desktop/FP_Robotics_and_Automation/Qbot--3D-object-mapping/build/qbot_description' returned '0': AMENT_PREFIX_PATH=/home/sanjuna/Desktop/FP_Robotics_and_Automation/Qbot--3D-object-mapping/install/interfaces:${AMENT_PREFIX_PATH} CMAKE_PREFIX_PATH=/home/sanjuna/Desktop/FP_Robotics_and_Automation/Qbot--3D-object-mapping/install/interfaces:/opt/ros/humble LD_LIBRARY_PATH=/home/sanjuna/Desktop/FP_Robotics_and_Automation/Qbot--3D-object-mapping/install/interfaces/lib:${LD_LIBRARY_PATH} PYTHONPATH=/home/sanjuna/Desktop/FP_Robotics_and_Automation/Qbot--3D-object-mapping/install/interfaces/local/lib/python3.10/dist-packages:${PYTHONPATH} /usr/bin/cmake --install /home/sanjuna/Desktop/FP_Robotics_and_Automation/Qbot--3D-object-mapping/build/qbot_description
