[0.480s] Invoking command in '/home/netrunner/Documents/Robotics_and_Automation/CA/Qbot--3D-object-mapping/simulation/build/qbot_scanner': PYTHONPATH=/home/netrunner/Documents/Robotics_and_Automation/CA/Qbot--3D-object-mapping/simulation/build/qbot_scanner/prefix_override:/usr/lib/python3/dist-packages/colcon_core/task/python/colcon_distutils_commands:/home/netrunner/Documents/Robotics_and_Automation/CA/Qbot--3D-object-mapping/simulation/install/qbot_scanner/lib/python3.10/site-packages:${PYTHONPATH} /usr/bin/python3 -W ignore:setup.py install is deprecated -W ignore:easy_install command is deprecated setup.py develop --uninstall --editable --build-directory /home/netrunner/Documents/Robotics_and_Automation/CA/Qbot--3D-object-mapping/simulation/build/qbot_scanner/build
[0.671s] running develop
[0.800s] Removing /home/netrunner/Documents/Robotics_and_Automation/CA/Qbot--3D-object-mapping/simulation/install/qbot_scanner/lib/python3.10/site-packages/qbot-scanner.egg-link (link to .)
[0.818s] Invoked command in '/home/netrunner/Documents/Robotics_and_Automation/CA/Qbot--3D-object-mapping/simulation/build/qbot_scanner' returned '0': PYTHONPATH=/home/netrunner/Documents/Robotics_and_Automation/CA/Qbot--3D-object-mapping/simulation/build/qbot_scanner/prefix_override:/usr/lib/python3/dist-packages/colcon_core/task/python/colcon_distutils_commands:/home/netrunner/Documents/Robotics_and_Automation/CA/Qbot--3D-object-mapping/simulation/install/qbot_scanner/lib/python3.10/site-packages:${PYTHONPATH} /usr/bin/python3 -W ignore:setup.py install is deprecated -W ignore:easy_install command is deprecated setup.py develop --uninstall --editable --build-directory /home/netrunner/Documents/Robotics_and_Automation/CA/Qbot--3D-object-mapping/simulation/build/qbot_scanner/build
[0.819s] Invoking command in '/home/netrunner/Documents/Robotics_and_Automation/CA/Qbot--3D-object-mapping/simulation/src/qbot_scanner': PYTHONPATH=/home/netrunner/Documents/Robotics_and_Automation/CA/Qbot--3D-object-mapping/simulation/build/qbot_scanner/prefix_override:/usr/lib/python3/dist-packages/colcon_core/task/python/colcon_distutils_commands:/home/netrunner/Documents/Robotics_and_Automation/CA/Qbot--3D-object-mapping/simulation/install/qbot_scanner/lib/python3.10/site-packages:${PYTHONPATH} /usr/bin/python3 -W ignore:setup.py install is deprecated -W ignore:easy_install command is deprecated setup.py egg_info --egg-base ../../build/qbot_scanner build --build-base /home/netrunner/Documents/Robotics_and_Automation/CA/Qbot--3D-object-mapping/simulation/build/qbot_scanner/build install --record /home/netrunner/Documents/Robotics_and_Automation/CA/Qbot--3D-object-mapping/simulation/build/qbot_scanner/install.log --single-version-externally-managed install_data --force
[0.998s] running egg_info
[0.998s] writing ../../build/qbot_scanner/qbot_scanner.egg-info/PKG-INFO
[0.999s] writing dependency_links to ../../build/qbot_scanner/qbot_scanner.egg-info/dependency_links.txt
[0.999s] writing entry points to ../../build/qbot_scanner/qbot_scanner.egg-info/entry_points.txt
[0.999s] writing requirements to ../../build/qbot_scanner/qbot_scanner.egg-info/requires.txt
[0.999s] writing top-level names to ../../build/qbot_scanner/qbot_scanner.egg-info/top_level.txt
[1.000s] reading manifest file '../../build/qbot_scanner/qbot_scanner.egg-info/SOURCES.txt'
[1.001s] writing manifest file '../../build/qbot_scanner/qbot_scanner.egg-info/SOURCES.txt'
[1.001s] running build
[1.001s] running build_py
[1.001s] copying qbot_scanner/scan_logic.py -> /home/netrunner/Documents/Robotics_and_Automation/CA/Qbot--3D-object-mapping/simulation/build/qbot_scanner/build/lib/qbot_scanner
[1.001s] running install
[1.002s] running install_lib
[1.002s] creating /home/netrunner/Documents/Robotics_and_Automation/CA/Qbot--3D-object-mapping/simulation/install/qbot_scanner/lib/python3.10/site-packages/qbot_scanner
[1.002s] copying /home/netrunner/Documents/Robotics_and_Automation/CA/Qbot--3D-object-mapping/simulation/build/qbot_scanner/build/lib/qbot_scanner/__init__.py -> /home/netrunner/Documents/Robotics_and_Automation/CA/Qbot--3D-object-mapping/simulation/install/qbot_scanner/lib/python3.10/site-packages/qbot_scanner
[1.002s] copying /home/netrunner/Documents/Robotics_and_Automation/CA/Qbot--3D-object-mapping/simulation/build/qbot_scanner/build/lib/qbot_scanner/scan_logic.py -> /home/netrunner/Documents/Robotics_and_Automation/CA/Qbot--3D-object-mapping/simulation/install/qbot_scanner/lib/python3.10/site-packages/qbot_scanner
[1.002s] byte-compiling /home/netrunner/Documents/Robotics_and_Automation/CA/Qbot--3D-object-mapping/simulation/install/qbot_scanner/lib/python3.10/site-packages/qbot_scanner/__init__.py to __init__.cpython-310.pyc
[1.003s] byte-compiling /home/netrunner/Documents/Robotics_and_Automation/CA/Qbot--3D-object-mapping/simulation/install/qbot_scanner/lib/python3.10/site-packages/qbot_scanner/scan_logic.py to scan_logic.cpython-310.pyc
[1.003s] running install_data
[1.003s] copying resource/qbot_scanner -> /home/netrunner/Documents/Robotics_and_Automation/CA/Qbot--3D-object-mapping/simulation/install/qbot_scanner/share/ament_index/resource_index/packages
[1.003s] copying package.xml -> /home/netrunner/Documents/Robotics_and_Automation/CA/Qbot--3D-object-mapping/simulation/install/qbot_scanner/share/qbot_scanner
[1.003s] copying launch/qbot_bringup.launch.py -> /home/netrunner/Documents/Robotics_and_Automation/CA/Qbot--3D-object-mapping/simulation/install/qbot_scanner/share/qbot_scanner/launch
[1.003s] copying urdf/qbot.urdf -> /home/netrunner/Documents/Robotics_and_Automation/CA/Qbot--3D-object-mapping/simulation/install/qbot_scanner/share/qbot_scanner/urdf
[1.004s] copying worlds/scan_world.world -> /home/netrunner/Documents/Robotics_and_Automation/CA/Qbot--3D-object-mapping/simulation/install/qbot_scanner/share/qbot_scanner/worlds
[1.004s] running install_egg_info
[1.005s] Copying ../../build/qbot_scanner/qbot_scanner.egg-info to /home/netrunner/Documents/Robotics_and_Automation/CA/Qbot--3D-object-mapping/simulation/install/qbot_scanner/lib/python3.10/site-packages/qbot_scanner-0.0.0-py3.10.egg-info
[1.005s] running install_scripts
[1.020s] Installing scan_logic script to /home/netrunner/Documents/Robotics_and_Automation/CA/Qbot--3D-object-mapping/simulation/install/qbot_scanner/lib/qbot_scanner
[1.020s] writing list of installed files to '/home/netrunner/Documents/Robotics_and_Automation/CA/Qbot--3D-object-mapping/simulation/build/qbot_scanner/install.log'
[1.037s] Invoked command in '/home/netrunner/Documents/Robotics_and_Automation/CA/Qbot--3D-object-mapping/simulation/src/qbot_scanner' returned '0': PYTHONPATH=/home/netrunner/Documents/Robotics_and_Automation/CA/Qbot--3D-object-mapping/simulation/build/qbot_scanner/prefix_override:/usr/lib/python3/dist-packages/colcon_core/task/python/colcon_distutils_commands:/home/netrunner/Documents/Robotics_and_Automation/CA/Qbot--3D-object-mapping/simulation/install/qbot_scanner/lib/python3.10/site-packages:${PYTHONPATH} /usr/bin/python3 -W ignore:setup.py install is deprecated -W ignore:easy_install command is deprecated setup.py egg_info --egg-base ../../build/qbot_scanner build --build-base /home/netrunner/Documents/Robotics_and_Automation/CA/Qbot--3D-object-mapping/simulation/build/qbot_scanner/build install --record /home/netrunner/Documents/Robotics_and_Automation/CA/Qbot--3D-object-mapping/simulation/build/qbot_scanner/install.log --single-version-externally-managed install_data --force
