[0.012s] Invoking command in '/home/sanjuna/Desktop/FP_Robotics_and_Automation/Qbot--3D-object-mapping/build/interfaces': CMAKE_PREFIX_PATH=/opt/ros/humble /usr/bin/cmake --build /home/sanjuna/Desktop/FP_Robotics_and_Automation/Qbot--3D-object-mapping/build/interfaces -- -j8 -l8
[0.057s] [35m[1mConsolidate compiler generated dependencies of target interfaces__rosidl_generator_c[0m
[0.066s] [  2%] Built target interfaces__rs
[0.067s] [  4%] Built target interfaces__cpp
[0.070s] [ 14%] Built target interfaces__rosidl_generator_c
[0.084s] [ 14%] Built target ament_cmake_python_copy_interfaces
[0.084s] [35m[1mConsolidate compiler generated dependencies of target interfaces__rosidl_typesupport_fastrtps_cpp[0m
[0.084s] [35m[1mConsolidate compiler generated dependencies of target interfaces__rosidl_typesupport_cpp[0m
[0.084s] [35m[1mConsolidate compiler generated dependencies of target interfaces__rosidl_typesupport_introspection_cpp[0m
[0.085s] [35m[1mConsolidate compiler generated dependencies of target interfaces__rosidl_typesupport_fastrtps_c[0m
[0.089s] [35m[1mConsolidate compiler generated dependencies of target interfaces__rosidl_typesupport_introspection_c[0m
[0.089s] [35m[1mConsolidate compiler generated dependencies of target interfaces__rosidl_typesupport_c[0m
[0.104s] [ 25%] Built target interfaces__rosidl_typesupport_introspection_c
[0.105s] [ 35%] Built target interfaces__rosidl_typesupport_cpp
[0.105s] [ 56%] Built target interfaces__rosidl_typesupport_fastrtps_c
[0.105s] [ 56%] Built target interfaces__rosidl_typesupport_c
[0.107s] [ 66%] Built target interfaces__rosidl_typesupport_introspection_cpp
[0.109s] [ 77%] Built target interfaces__rosidl_typesupport_fastrtps_cpp
[0.131s] [ 77%] Built target interfaces
[0.154s] [ 79%] Built target interfaces__py
[0.166s] [35m[1mConsolidate compiler generated dependencies of target interfaces__rosidl_generator_py[0m
[0.180s] [ 87%] Built target interfaces__rosidl_generator_py
[0.196s] [35m[1mConsolidate compiler generated dependencies of target interfaces__rosidl_typesupport_c__pyext[0m
[0.196s] [35m[1mConsolidate compiler generated dependencies of target interfaces__rosidl_typesupport_fastrtps_c__pyext[0m
[0.196s] [35m[1mConsolidate compiler generated dependencies of target interfaces__rosidl_typesupport_introspection_c__pyext[0m
[0.212s] [ 91%] Built target interfaces__rosidl_typesupport_introspection_c__pyext
[0.213s] [100%] Built target interfaces__rosidl_typesupport_c__pyext
[0.214s] [100%] Built target interfaces__rosidl_typesupport_fastrtps_c__pyext
[0.414s] running egg_info
[0.415s] writing interfaces.egg-info/PKG-INFO
[0.416s] writing dependency_links to interfaces.egg-info/dependency_links.txt
[0.416s] writing top-level names to interfaces.egg-info/top_level.txt
[0.419s] reading manifest file 'interfaces.egg-info/SOURCES.txt'
[0.420s] writing manifest file 'interfaces.egg-info/SOURCES.txt'
[0.450s] [100%] Built target ament_cmake_python_build_interfaces_egg
[0.461s] Invoked command in '/home/sanjuna/Desktop/FP_Robotics_and_Automation/Qbot--3D-object-mapping/build/interfaces' returned '0': CMAKE_PREFIX_PATH=/opt/ros/humble /usr/bin/cmake --build /home/sanjuna/Desktop/FP_Robotics_and_Automation/Qbot--3D-object-mapping/build/interfaces -- -j8 -l8
[0.471s] Invoking command in '/home/sanjuna/Desktop/FP_Robotics_and_Automation/Qbot--3D-object-mapping/build/interfaces': CMAKE_PREFIX_PATH=/opt/ros/humble /usr/bin/cmake --install /home/sanjuna/Desktop/FP_Robotics_and_Automation/Qbot--3D-object-mapping/build/interfaces
[0.479s] -- Install configuration: ""
[0.479s] -- Up-to-date: /home/sanjuna/Desktop/FP_Robotics_and_Automation/Qbot--3D-object-mapping/install/interfaces/share/ament_index/resource_index/rosidl_interfaces/interfaces
[0.479s] -- Up-to-date: /home/sanjuna/Desktop/FP_Robotics_and_Automation/Qbot--3D-object-mapping/install/interfaces/include/interfaces/interfaces
[0.479s] -- Up-to-date: /home/sanjuna/Desktop/FP_Robotics_and_Automation/Qbot--3D-object-mapping/install/interfaces/include/interfaces/interfaces/action
[0.479s] -- Up-to-date: /home/sanjuna/Desktop/FP_Robotics_and_Automation/Qbot--3D-object-mapping/install/interfaces/include/interfaces/interfaces/action/navigation.h
[0.479s] -- Up-to-date: /home/sanjuna/Desktop/FP_Robotics_and_Automation/Qbot--3D-object-mapping/install/interfaces/include/interfaces/interfaces/action/detail
[0.479s] -- Up-to-date: /home/sanjuna/Desktop/FP_Robotics_and_Automation/Qbot--3D-object-mapping/install/interfaces/include/interfaces/interfaces/action/detail/navigation__struct.h
[0.479s] -- Up-to-date: /home/sanjuna/Desktop/FP_Robotics_and_Automation/Qbot--3D-object-mapping/install/interfaces/include/interfaces/interfaces/action/detail/navigation__type_support.h
[0.480s] -- Up-to-date: /home/sanjuna/Desktop/FP_Robotics_and_Automation/Qbot--3D-object-mapping/install/interfaces/include/interfaces/interfaces/action/detail/navigation__functions.h
[0.480s] -- Up-to-date: /home/sanjuna/Desktop/FP_Robotics_and_Automation/Qbot--3D-object-mapping/install/interfaces/include/interfaces/interfaces/action/detail/navigation__functions.c
[0.480s] -- Up-to-date: /home/sanjuna/Desktop/FP_Robotics_and_Automation/Qbot--3D-object-mapping/install/interfaces/include/interfaces/interfaces/srv
[0.480s] -- Up-to-date: /home/sanjuna/Desktop/FP_Robotics_and_Automation/Qbot--3D-object-mapping/install/interfaces/include/interfaces/interfaces/srv/get_last_positions.h
[0.480s] -- Up-to-date: /home/sanjuna/Desktop/FP_Robotics_and_Automation/Qbot--3D-object-mapping/install/interfaces/include/interfaces/interfaces/srv/detail
[0.480s] -- Up-to-date: /home/sanjuna/Desktop/FP_Robotics_and_Automation/Qbot--3D-object-mapping/install/interfaces/include/interfaces/interfaces/srv/detail/get_last_positions__functions.h
[0.480s] -- Up-to-date: /home/sanjuna/Desktop/FP_Robotics_and_Automation/Qbot--3D-object-mapping/install/interfaces/include/interfaces/interfaces/srv/detail/get_last_positions__type_support.h
[0.480s] -- Up-to-date: /home/sanjuna/Desktop/FP_Robotics_and_Automation/Qbot--3D-object-mapping/install/interfaces/include/interfaces/interfaces/srv/detail/get_last_positions__struct.h
[0.480s] -- Up-to-date: /home/sanjuna/Desktop/FP_Robotics_and_Automation/Qbot--3D-object-mapping/install/interfaces/include/interfaces/interfaces/srv/detail/get_last_positions__functions.c
[0.480s] -- Up-to-date: /home/sanjuna/Desktop/FP_Robotics_and_Automation/Qbot--3D-object-mapping/install/interfaces/include/interfaces/interfaces/msg
[0.481s] -- Up-to-date: /home/sanjuna/Desktop/FP_Robotics_and_Automation/Qbot--3D-object-mapping/install/interfaces/include/interfaces/interfaces/msg/position.h
[0.481s] -- Up-to-date: /home/sanjuna/Desktop/FP_Robotics_and_Automation/Qbot--3D-object-mapping/install/interfaces/include/interfaces/interfaces/msg/rosidl_generator_c__visibility_control.h
[0.481s] -- Up-to-date: /home/sanjuna/Desktop/FP_Robotics_and_Automation/Qbot--3D-object-mapping/install/interfaces/include/interfaces/interfaces/msg/detail
[0.481s] -- Up-to-date: /home/sanjuna/Desktop/FP_Robotics_and_Automation/Qbot--3D-object-mapping/install/interfaces/include/interfaces/interfaces/msg/detail/position__functions.c
[0.481s] -- Up-to-date: /home/sanjuna/Desktop/FP_Robotics_and_Automation/Qbot--3D-object-mapping/install/interfaces/include/interfaces/interfaces/msg/detail/position__struct.h
[0.481s] -- Up-to-date: /home/sanjuna/Desktop/FP_Robotics_and_Automation/Qbot--3D-object-mapping/install/interfaces/include/interfaces/interfaces/msg/detail/position__type_support.h
[0.481s] -- Up-to-date: /home/sanjuna/Desktop/FP_Robotics_and_Automation/Qbot--3D-object-mapping/install/interfaces/include/interfaces/interfaces/msg/detail/position__functions.h
[0.481s] -- Up-to-date: /home/sanjuna/Desktop/FP_Robotics_and_Automation/Qbot--3D-object-mapping/install/interfaces/share/interfaces/environment/library_path.sh
[0.481s] -- Up-to-date: /home/sanjuna/Desktop/FP_Robotics_and_Automation/Qbot--3D-object-mapping/install/interfaces/share/interfaces/environment/library_path.dsv
[0.481s] -- Up-to-date: /home/sanjuna/Desktop/FP_Robotics_and_Automation/Qbot--3D-object-mapping/install/interfaces/lib/libinterfaces__rosidl_generator_c.so
[0.481s] -- Up-to-date: /home/sanjuna/Desktop/FP_Robotics_and_Automation/Qbot--3D-object-mapping/install/interfaces/include/interfaces/interfaces
[0.481s] -- Up-to-date: /home/sanjuna/Desktop/FP_Robotics_and_Automation/Qbot--3D-object-mapping/install/interfaces/include/interfaces/interfaces/action
[0.481s] -- Up-to-date: /home/sanjuna/Desktop/FP_Robotics_and_Automation/Qbot--3D-object-mapping/install/interfaces/include/interfaces/interfaces/action/detail
[0.482s] -- Up-to-date: /home/sanjuna/Desktop/FP_Robotics_and_Automation/Qbot--3D-object-mapping/install/interfaces/include/interfaces/interfaces/action/detail/navigation__rosidl_typesupport_fastrtps_c.h
[0.482s] -- Up-to-date: /home/sanjuna/Desktop/FP_Robotics_and_Automation/Qbot--3D-object-mapping/install/interfaces/include/interfaces/interfaces/srv
[0.482s] -- Up-to-date: /home/sanjuna/Desktop/FP_Robotics_and_Automation/Qbot--3D-object-mapping/install/interfaces/include/interfaces/interfaces/srv/detail
[0.482s] -- Up-to-date: /home/sanjuna/Desktop/FP_Robotics_and_Automation/Qbot--3D-object-mapping/install/interfaces/include/interfaces/interfaces/srv/detail/get_last_positions__rosidl_typesupport_fastrtps_c.h
[0.482s] -- Up-to-date: /home/sanjuna/Desktop/FP_Robotics_and_Automation/Qbot--3D-object-mapping/install/interfaces/include/interfaces/interfaces/msg
[0.482s] -- Up-to-date: /home/sanjuna/Desktop/FP_Robotics_and_Automation/Qbot--3D-object-mapping/install/interfaces/include/interfaces/interfaces/msg/detail
[0.482s] -- Up-to-date: /home/sanjuna/Desktop/FP_Robotics_and_Automation/Qbot--3D-object-mapping/install/interfaces/include/interfaces/interfaces/msg/detail/position__rosidl_typesupport_fastrtps_c.h
[0.482s] -- Up-to-date: /home/sanjuna/Desktop/FP_Robotics_and_Automation/Qbot--3D-object-mapping/install/interfaces/include/interfaces/interfaces/msg/rosidl_typesupport_fastrtps_c__visibility_control.h
[0.482s] -- Up-to-date: /home/sanjuna/Desktop/FP_Robotics_and_Automation/Qbot--3D-object-mapping/install/interfaces/lib/libinterfaces__rosidl_typesupport_fastrtps_c.so
[0.482s] -- Up-to-date: /home/sanjuna/Desktop/FP_Robotics_and_Automation/Qbot--3D-object-mapping/install/interfaces/include/interfaces/interfaces
[0.483s] -- Up-to-date: /home/sanjuna/Desktop/FP_Robotics_and_Automation/Qbot--3D-object-mapping/install/interfaces/include/interfaces/interfaces/action
[0.483s] -- Up-to-date: /home/sanjuna/Desktop/FP_Robotics_and_Automation/Qbot--3D-object-mapping/install/interfaces/include/interfaces/interfaces/action/detail
[0.483s] -- Up-to-date: /home/sanjuna/Desktop/FP_Robotics_and_Automation/Qbot--3D-object-mapping/install/interfaces/include/interfaces/interfaces/action/detail/navigation__type_support.c
[0.483s] -- Up-to-date: /home/sanjuna/Desktop/FP_Robotics_and_Automation/Qbot--3D-object-mapping/install/interfaces/include/interfaces/interfaces/action/detail/navigation__rosidl_typesupport_introspection_c.h
[0.483s] -- Up-to-date: /home/sanjuna/Desktop/FP_Robotics_and_Automation/Qbot--3D-object-mapping/install/interfaces/include/interfaces/interfaces/srv
[0.483s] -- Up-to-date: /home/sanjuna/Desktop/FP_Robotics_and_Automation/Qbot--3D-object-mapping/install/interfaces/include/interfaces/interfaces/srv/detail
[0.483s] -- Up-to-date: /home/sanjuna/Desktop/FP_Robotics_and_Automation/Qbot--3D-object-mapping/install/interfaces/include/interfaces/interfaces/srv/detail/get_last_positions__rosidl_typesupport_introspection_c.h
[0.483s] -- Up-to-date: /home/sanjuna/Desktop/FP_Robotics_and_Automation/Qbot--3D-object-mapping/install/interfaces/include/interfaces/interfaces/srv/detail/get_last_positions__type_support.c
[0.483s] -- Up-to-date: /home/sanjuna/Desktop/FP_Robotics_and_Automation/Qbot--3D-object-mapping/install/interfaces/include/interfaces/interfaces/msg
[0.484s] -- Up-to-date: /home/sanjuna/Desktop/FP_Robotics_and_Automation/Qbot--3D-object-mapping/install/interfaces/include/interfaces/interfaces/msg/detail
[0.484s] -- Up-to-date: /home/sanjuna/Desktop/FP_Robotics_and_Automation/Qbot--3D-object-mapping/install/interfaces/include/interfaces/interfaces/msg/detail/position__rosidl_typesupport_introspection_c.h
[0.484s] -- Up-to-date: /home/sanjuna/Desktop/FP_Robotics_and_Automation/Qbot--3D-object-mapping/install/interfaces/include/interfaces/interfaces/msg/detail/position__type_support.c
[0.484s] -- Up-to-date: /home/sanjuna/Desktop/FP_Robotics_and_Automation/Qbot--3D-object-mapping/install/interfaces/include/interfaces/interfaces/msg/rosidl_typesupport_introspection_c__visibility_control.h
[0.484s] -- Up-to-date: /home/sanjuna/Desktop/FP_Robotics_and_Automation/Qbot--3D-object-mapping/install/interfaces/lib/libinterfaces__rosidl_typesupport_introspection_c.so
[0.484s] -- Up-to-date: /home/sanjuna/Desktop/FP_Robotics_and_Automation/Qbot--3D-object-mapping/install/interfaces/lib/libinterfaces__rosidl_typesupport_c.so
[0.484s] -- Up-to-date: /home/sanjuna/Desktop/FP_Robotics_and_Automation/Qbot--3D-object-mapping/install/interfaces/include/interfaces/interfaces
[0.484s] -- Up-to-date: /home/sanjuna/Desktop/FP_Robotics_and_Automation/Qbot--3D-object-mapping/install/interfaces/include/interfaces/interfaces/action
[0.484s] -- Up-to-date: /home/sanjuna/Desktop/FP_Robotics_and_Automation/Qbot--3D-object-mapping/install/interfaces/include/interfaces/interfaces/action/detail
[0.484s] -- Up-to-date: /home/sanjuna/Desktop/FP_Robotics_and_Automation/Qbot--3D-object-mapping/install/interfaces/include/interfaces/interfaces/action/detail/navigation__type_support.hpp
[0.484s] -- Up-to-date: /home/sanjuna/Desktop/FP_Robotics_and_Automation/Qbot--3D-object-mapping/install/interfaces/include/interfaces/interfaces/action/detail/navigation__builder.hpp
[0.484s] -- Up-to-date: /home/sanjuna/Desktop/FP_Robotics_and_Automation/Qbot--3D-object-mapping/install/interfaces/include/interfaces/interfaces/action/detail/navigation__traits.hpp
[0.484s] -- Up-to-date: /home/sanjuna/Desktop/FP_Robotics_and_Automation/Qbot--3D-object-mapping/install/interfaces/include/interfaces/interfaces/action/detail/navigation__struct.hpp
[0.484s] -- Up-to-date: /home/sanjuna/Desktop/FP_Robotics_and_Automation/Qbot--3D-object-mapping/install/interfaces/include/interfaces/interfaces/action/navigation.hpp
[0.484s] -- Up-to-date: /home/sanjuna/Desktop/FP_Robotics_and_Automation/Qbot--3D-object-mapping/install/interfaces/include/interfaces/interfaces/srv
[0.485s] -- Up-to-date: /home/sanjuna/Desktop/FP_Robotics_and_Automation/Qbot--3D-object-mapping/install/interfaces/include/interfaces/interfaces/srv/get_last_positions.hpp
[0.485s] -- Up-to-date: /home/sanjuna/Desktop/FP_Robotics_and_Automation/Qbot--3D-object-mapping/install/interfaces/include/interfaces/interfaces/srv/detail
[0.485s] -- Up-to-date: /home/sanjuna/Desktop/FP_Robotics_and_Automation/Qbot--3D-object-mapping/install/interfaces/include/interfaces/interfaces/srv/detail/get_last_positions__traits.hpp
[0.485s] -- Up-to-date: /home/sanjuna/Desktop/FP_Robotics_and_Automation/Qbot--3D-object-mapping/install/interfaces/include/interfaces/interfaces/srv/detail/get_last_positions__type_support.hpp
[0.485s] -- Up-to-date: /home/sanjuna/Desktop/FP_Robotics_and_Automation/Qbot--3D-object-mapping/install/interfaces/include/interfaces/interfaces/srv/detail/get_last_positions__struct.hpp
[0.485s] -- Up-to-date: /home/sanjuna/Desktop/FP_Robotics_and_Automation/Qbot--3D-object-mapping/install/interfaces/include/interfaces/interfaces/srv/detail/get_last_positions__builder.hpp
[0.485s] -- Up-to-date: /home/sanjuna/Desktop/FP_Robotics_and_Automation/Qbot--3D-object-mapping/install/interfaces/include/interfaces/interfaces/msg
[0.485s] -- Up-to-date: /home/sanjuna/Desktop/FP_Robotics_and_Automation/Qbot--3D-object-mapping/install/interfaces/include/interfaces/interfaces/msg/rosidl_generator_cpp__visibility_control.hpp
[0.485s] -- Up-to-date: /home/sanjuna/Desktop/FP_Robotics_and_Automation/Qbot--3D-object-mapping/install/interfaces/include/interfaces/interfaces/msg/position.hpp
[0.485s] -- Up-to-date: /home/sanjuna/Desktop/FP_Robotics_and_Automation/Qbot--3D-object-mapping/install/interfaces/include/interfaces/interfaces/msg/detail
[0.485s] -- Up-to-date: /home/sanjuna/Desktop/FP_Robotics_and_Automation/Qbot--3D-object-mapping/install/interfaces/include/interfaces/interfaces/msg/detail/position__traits.hpp
[0.485s] -- Up-to-date: /home/sanjuna/Desktop/FP_Robotics_and_Automation/Qbot--3D-object-mapping/install/interfaces/include/interfaces/interfaces/msg/detail/position__builder.hpp
[0.485s] -- Up-to-date: /home/sanjuna/Desktop/FP_Robotics_and_Automation/Qbot--3D-object-mapping/install/interfaces/include/interfaces/interfaces/msg/detail/position__type_support.hpp
[0.485s] -- Up-to-date: /home/sanjuna/Desktop/FP_Robotics_and_Automation/Qbot--3D-object-mapping/install/interfaces/include/interfaces/interfaces/msg/detail/position__struct.hpp
[0.485s] -- Up-to-date: /home/sanjuna/Desktop/FP_Robotics_and_Automation/Qbot--3D-object-mapping/install/interfaces/include/interfaces/interfaces
[0.486s] -- Up-to-date: /home/sanjuna/Desktop/FP_Robotics_and_Automation/Qbot--3D-object-mapping/install/interfaces/include/interfaces/interfaces/action
[0.486s] -- Up-to-date: /home/sanjuna/Desktop/FP_Robotics_and_Automation/Qbot--3D-object-mapping/install/interfaces/include/interfaces/interfaces/action/detail
[0.486s] -- Up-to-date: /home/sanjuna/Desktop/FP_Robotics_and_Automation/Qbot--3D-object-mapping/install/interfaces/include/interfaces/interfaces/action/detail/navigation__rosidl_typesupport_fastrtps_cpp.hpp
[0.486s] -- Up-to-date: /home/sanjuna/Desktop/FP_Robotics_and_Automation/Qbot--3D-object-mapping/install/interfaces/include/interfaces/interfaces/action/detail/dds_fastrtps
[0.486s] -- Up-to-date: /home/sanjuna/Desktop/FP_Robotics_and_Automation/Qbot--3D-object-mapping/install/interfaces/include/interfaces/interfaces/srv
[0.486s] -- Up-to-date: /home/sanjuna/Desktop/FP_Robotics_and_Automation/Qbot--3D-object-mapping/install/interfaces/include/interfaces/interfaces/srv/detail
[0.486s] -- Up-to-date: /home/sanjuna/Desktop/FP_Robotics_and_Automation/Qbot--3D-object-mapping/install/interfaces/include/interfaces/interfaces/srv/detail/dds_fastrtps
[0.486s] -- Up-to-date: /home/sanjuna/Desktop/FP_Robotics_and_Automation/Qbot--3D-object-mapping/install/interfaces/include/interfaces/interfaces/srv/detail/get_last_positions__rosidl_typesupport_fastrtps_cpp.hpp
[0.486s] -- Up-to-date: /home/sanjuna/Desktop/FP_Robotics_and_Automation/Qbot--3D-object-mapping/install/interfaces/include/interfaces/interfaces/msg
[0.486s] -- Up-to-date: /home/sanjuna/Desktop/FP_Robotics_and_Automation/Qbot--3D-object-mapping/install/interfaces/include/interfaces/interfaces/msg/rosidl_typesupport_fastrtps_cpp__visibility_control.h
[0.486s] -- Up-to-date: /home/sanjuna/Desktop/FP_Robotics_and_Automation/Qbot--3D-object-mapping/install/interfaces/include/interfaces/interfaces/msg/detail
[0.486s] -- Up-to-date: /home/sanjuna/Desktop/FP_Robotics_and_Automation/Qbot--3D-object-mapping/install/interfaces/include/interfaces/interfaces/msg/detail/position__rosidl_typesupport_fastrtps_cpp.hpp
[0.486s] -- Up-to-date: /home/sanjuna/Desktop/FP_Robotics_and_Automation/Qbot--3D-object-mapping/install/interfaces/include/interfaces/interfaces/msg/detail/dds_fastrtps
[0.486s] -- Up-to-date: /home/sanjuna/Desktop/FP_Robotics_and_Automation/Qbot--3D-object-mapping/install/interfaces/lib/libinterfaces__rosidl_typesupport_fastrtps_cpp.so
[0.486s] -- Up-to-date: /home/sanjuna/Desktop/FP_Robotics_and_Automation/Qbot--3D-object-mapping/install/interfaces/include/interfaces/interfaces
[0.486s] -- Up-to-date: /home/sanjuna/Desktop/FP_Robotics_and_Automation/Qbot--3D-object-mapping/install/interfaces/include/interfaces/interfaces/action
[0.486s] -- Up-to-date: /home/sanjuna/Desktop/FP_Robotics_and_Automation/Qbot--3D-object-mapping/install/interfaces/include/interfaces/interfaces/action/detail
[0.486s] -- Up-to-date: /home/sanjuna/Desktop/FP_Robotics_and_Automation/Qbot--3D-object-mapping/install/interfaces/include/interfaces/interfaces/action/detail/navigation__type_support.cpp
[0.487s] -- Up-to-date: /home/sanjuna/Desktop/FP_Robotics_and_Automation/Qbot--3D-object-mapping/install/interfaces/include/interfaces/interfaces/action/detail/navigation__rosidl_typesupport_introspection_cpp.hpp
[0.487s] -- Up-to-date: /home/sanjuna/Desktop/FP_Robotics_and_Automation/Qbot--3D-object-mapping/install/interfaces/include/interfaces/interfaces/srv
[0.487s] -- Up-to-date: /home/sanjuna/Desktop/FP_Robotics_and_Automation/Qbot--3D-object-mapping/install/interfaces/include/interfaces/interfaces/srv/detail
[0.487s] -- Up-to-date: /home/sanjuna/Desktop/FP_Robotics_and_Automation/Qbot--3D-object-mapping/install/interfaces/include/interfaces/interfaces/srv/detail/get_last_positions__rosidl_typesupport_introspection_cpp.hpp
[0.487s] -- Up-to-date: /home/sanjuna/Desktop/FP_Robotics_and_Automation/Qbot--3D-object-mapping/install/interfaces/include/interfaces/interfaces/srv/detail/get_last_positions__type_support.cpp
[0.487s] -- Up-to-date: /home/sanjuna/Desktop/FP_Robotics_and_Automation/Qbot--3D-object-mapping/install/interfaces/include/interfaces/interfaces/msg
[0.488s] -- Up-to-date: /home/sanjuna/Desktop/FP_Robotics_and_Automation/Qbot--3D-object-mapping/install/interfaces/include/interfaces/interfaces/msg/detail
[0.488s] -- Up-to-date: /home/sanjuna/Desktop/FP_Robotics_and_Automation/Qbot--3D-object-mapping/install/interfaces/include/interfaces/interfaces/msg/detail/position__type_support.cpp
[0.488s] -- Up-to-date: /home/sanjuna/Desktop/FP_Robotics_and_Automation/Qbot--3D-object-mapping/install/interfaces/include/interfaces/interfaces/msg/detail/position__rosidl_typesupport_introspection_cpp.hpp
[0.488s] -- Up-to-date: /home/sanjuna/Desktop/FP_Robotics_and_Automation/Qbot--3D-object-mapping/install/interfaces/lib/libinterfaces__rosidl_typesupport_introspection_cpp.so
[0.488s] -- Up-to-date: /home/sanjuna/Desktop/FP_Robotics_and_Automation/Qbot--3D-object-mapping/install/interfaces/lib/libinterfaces__rosidl_typesupport_cpp.so
[0.488s] -- Up-to-date: /home/sanjuna/Desktop/FP_Robotics_and_Automation/Qbot--3D-object-mapping/install/interfaces/share/interfaces/environment/pythonpath.sh
[0.488s] -- Up-to-date: /home/sanjuna/Desktop/FP_Robotics_and_Automation/Qbot--3D-object-mapping/install/interfaces/share/interfaces/environment/pythonpath.dsv
[0.488s] -- Up-to-date: /home/sanjuna/Desktop/FP_Robotics_and_Automation/Qbot--3D-object-mapping/install/interfaces/local/lib/python3.10/dist-packages/interfaces-0.0.0-py3.10.egg-info
[0.488s] -- Installing: /home/sanjuna/Desktop/FP_Robotics_and_Automation/Qbot--3D-object-mapping/install/interfaces/local/lib/python3.10/dist-packages/interfaces-0.0.0-py3.10.egg-info/SOURCES.txt
[0.488s] -- Installing: /home/sanjuna/Desktop/FP_Robotics_and_Automation/Qbot--3D-object-mapping/install/interfaces/local/lib/python3.10/dist-packages/interfaces-0.0.0-py3.10.egg-info/dependency_links.txt
[0.488s] -- Installing: /home/sanjuna/Desktop/FP_Robotics_and_Automation/Qbot--3D-object-mapping/install/interfaces/local/lib/python3.10/dist-packages/interfaces-0.0.0-py3.10.egg-info/PKG-INFO
[0.488s] -- Installing: /home/sanjuna/Desktop/FP_Robotics_and_Automation/Qbot--3D-object-mapping/install/interfaces/local/lib/python3.10/dist-packages/interfaces-0.0.0-py3.10.egg-info/top_level.txt
[0.488s] -- Up-to-date: /home/sanjuna/Desktop/FP_Robotics_and_Automation/Qbot--3D-object-mapping/install/interfaces/local/lib/python3.10/dist-packages/interfaces
[0.488s] -- Up-to-date: /home/sanjuna/Desktop/FP_Robotics_and_Automation/Qbot--3D-object-mapping/install/interfaces/local/lib/python3.10/dist-packages/interfaces/_interfaces_s.ep.rosidl_typesupport_introspection_c.c
[0.488s] -- Up-to-date: /home/sanjuna/Desktop/FP_Robotics_and_Automation/Qbot--3D-object-mapping/install/interfaces/local/lib/python3.10/dist-packages/interfaces/action
[0.489s] -- Up-to-date: /home/sanjuna/Desktop/FP_Robotics_and_Automation/Qbot--3D-object-mapping/install/interfaces/local/lib/python3.10/dist-packages/interfaces/action/_navigation_s.c
[0.489s] -- Up-to-date: /home/sanjuna/Desktop/FP_Robotics_and_Automation/Qbot--3D-object-mapping/install/interfaces/local/lib/python3.10/dist-packages/interfaces/action/_navigation.py
[0.489s] -- Up-to-date: /home/sanjuna/Desktop/FP_Robotics_and_Automation/Qbot--3D-object-mapping/install/interfaces/local/lib/python3.10/dist-packages/interfaces/action/__init__.py
[0.489s] -- Up-to-date: /home/sanjuna/Desktop/FP_Robotics_and_Automation/Qbot--3D-object-mapping/install/interfaces/local/lib/python3.10/dist-packages/interfaces/interfaces_s__rosidl_typesupport_c.cpython-310-x86_64-linux-gnu.so
[0.489s] -- Up-to-date: /home/sanjuna/Desktop/FP_Robotics_and_Automation/Qbot--3D-object-mapping/install/interfaces/local/lib/python3.10/dist-packages/interfaces/_interfaces_s.ep.rosidl_typesupport_c.c
[0.489s] -- Up-to-date: /home/sanjuna/Desktop/FP_Robotics_and_Automation/Qbot--3D-object-mapping/install/interfaces/local/lib/python3.10/dist-packages/interfaces/srv
[0.489s] -- Up-to-date: /home/sanjuna/Desktop/FP_Robotics_and_Automation/Qbot--3D-object-mapping/install/interfaces/local/lib/python3.10/dist-packages/interfaces/srv/_get_last_positions.py
[0.489s] -- Up-to-date: /home/sanjuna/Desktop/FP_Robotics_and_Automation/Qbot--3D-object-mapping/install/interfaces/local/lib/python3.10/dist-packages/interfaces/srv/_get_last_positions_s.c
[0.489s] -- Up-to-date: /home/sanjuna/Desktop/FP_Robotics_and_Automation/Qbot--3D-object-mapping/install/interfaces/local/lib/python3.10/dist-packages/interfaces/srv/__init__.py
[0.489s] -- Up-to-date: /home/sanjuna/Desktop/FP_Robotics_and_Automation/Qbot--3D-object-mapping/install/interfaces/local/lib/python3.10/dist-packages/interfaces/interfaces_s__rosidl_typesupport_fastrtps_c.cpython-310-x86_64-linux-gnu.so
[0.489s] -- Up-to-date: /home/sanjuna/Desktop/FP_Robotics_and_Automation/Qbot--3D-object-mapping/install/interfaces/local/lib/python3.10/dist-packages/interfaces/msg
[0.489s] -- Up-to-date: /home/sanjuna/Desktop/FP_Robotics_and_Automation/Qbot--3D-object-mapping/install/interfaces/local/lib/python3.10/dist-packages/interfaces/msg/_position.py
[0.489s] -- Up-to-date: /home/sanjuna/Desktop/FP_Robotics_and_Automation/Qbot--3D-object-mapping/install/interfaces/local/lib/python3.10/dist-packages/interfaces/msg/_position_s.c
[0.489s] -- Up-to-date: /home/sanjuna/Desktop/FP_Robotics_and_Automation/Qbot--3D-object-mapping/install/interfaces/local/lib/python3.10/dist-packages/interfaces/msg/__init__.py
[0.489s] -- Up-to-date: /home/sanjuna/Desktop/FP_Robotics_and_Automation/Qbot--3D-object-mapping/install/interfaces/local/lib/python3.10/dist-packages/interfaces/interfaces_s__rosidl_typesupport_introspection_c.cpython-310-x86_64-linux-gnu.so
[0.489s] -- Up-to-date: /home/sanjuna/Desktop/FP_Robotics_and_Automation/Qbot--3D-object-mapping/install/interfaces/local/lib/python3.10/dist-packages/interfaces/_interfaces_s.ep.rosidl_typesupport_fastrtps_c.c
[0.489s] -- Up-to-date: /home/sanjuna/Desktop/FP_Robotics_and_Automation/Qbot--3D-object-mapping/install/interfaces/local/lib/python3.10/dist-packages/interfaces/__init__.py
[0.490s] -- Up-to-date: /home/sanjuna/Desktop/FP_Robotics_and_Automation/Qbot--3D-object-mapping/install/interfaces/local/lib/python3.10/dist-packages/interfaces/libinterfaces__rosidl_generator_py.so
[0.519s] Listing '/home/sanjuna/Desktop/FP_Robotics_and_Automation/Qbot--3D-object-mapping/install/interfaces/local/lib/python3.10/dist-packages/interfaces'...
[0.519s] Listing '/home/sanjuna/Desktop/FP_Robotics_and_Automation/Qbot--3D-object-mapping/install/interfaces/local/lib/python3.10/dist-packages/interfaces/action'...
[0.519s] Listing '/home/sanjuna/Desktop/FP_Robotics_and_Automation/Qbot--3D-object-mapping/install/interfaces/local/lib/python3.10/dist-packages/interfaces/msg'...
[0.519s] Listing '/home/sanjuna/Desktop/FP_Robotics_and_Automation/Qbot--3D-object-mapping/install/interfaces/local/lib/python3.10/dist-packages/interfaces/srv'...
[0.523s] -- Up-to-date: /home/sanjuna/Desktop/FP_Robotics_and_Automation/Qbot--3D-object-mapping/install/interfaces/local/lib/python3.10/dist-packages/interfaces/interfaces_s__rosidl_typesupport_fastrtps_c.cpython-310-x86_64-linux-gnu.so
[0.524s] -- Up-to-date: /home/sanjuna/Desktop/FP_Robotics_and_Automation/Qbot--3D-object-mapping/install/interfaces/local/lib/python3.10/dist-packages/interfaces/interfaces_s__rosidl_typesupport_introspection_c.cpython-310-x86_64-linux-gnu.so
[0.524s] -- Up-to-date: /home/sanjuna/Desktop/FP_Robotics_and_Automation/Qbot--3D-object-mapping/install/interfaces/local/lib/python3.10/dist-packages/interfaces/interfaces_s__rosidl_typesupport_c.cpython-310-x86_64-linux-gnu.so
[0.524s] -- Up-to-date: /home/sanjuna/Desktop/FP_Robotics_and_Automation/Qbot--3D-object-mapping/install/interfaces/lib/libinterfaces__rosidl_generator_py.so
[0.524s] -- Up-to-date: /home/sanjuna/Desktop/FP_Robotics_and_Automation/Qbot--3D-object-mapping/install/interfaces/share/ament_index/resource_index/rust_packages/interfaces
[0.524s] -- Up-to-date: /home/sanjuna/Desktop/FP_Robotics_and_Automation/Qbot--3D-object-mapping/install/interfaces/share/interfaces/rust
[0.524s] -- Up-to-date: /home/sanjuna/Desktop/FP_Robotics_and_Automation/Qbot--3D-object-mapping/install/interfaces/share/interfaces/rust/build.rs
[0.525s] -- Up-to-date: /home/sanjuna/Desktop/FP_Robotics_and_Automation/Qbot--3D-object-mapping/install/interfaces/share/interfaces/rust/src
[0.525s] -- Up-to-date: /home/sanjuna/Desktop/FP_Robotics_and_Automation/Qbot--3D-object-mapping/install/interfaces/share/interfaces/rust/src/action
[0.525s] -- Up-to-date: /home/sanjuna/Desktop/FP_Robotics_and_Automation/Qbot--3D-object-mapping/install/interfaces/share/interfaces/rust/src/action/rmw.rs
[0.525s] -- Up-to-date: /home/sanjuna/Desktop/FP_Robotics_and_Automation/Qbot--3D-object-mapping/install/interfaces/share/interfaces/rust/src/lib.rs
[0.525s] -- Up-to-date: /home/sanjuna/Desktop/FP_Robotics_and_Automation/Qbot--3D-object-mapping/install/interfaces/share/interfaces/rust/src/action.rs
[0.525s] -- Up-to-date: /home/sanjuna/Desktop/FP_Robotics_and_Automation/Qbot--3D-object-mapping/install/interfaces/share/interfaces/rust/src/msg.rs
[0.525s] -- Up-to-date: /home/sanjuna/Desktop/FP_Robotics_and_Automation/Qbot--3D-object-mapping/install/interfaces/share/interfaces/rust/src/srv
[0.525s] -- Up-to-date: /home/sanjuna/Desktop/FP_Robotics_and_Automation/Qbot--3D-object-mapping/install/interfaces/share/interfaces/rust/src/srv/rmw.rs
[0.525s] -- Up-to-date: /home/sanjuna/Desktop/FP_Robotics_and_Automation/Qbot--3D-object-mapping/install/interfaces/share/interfaces/rust/src/srv.rs
[0.525s] -- Up-to-date: /home/sanjuna/Desktop/FP_Robotics_and_Automation/Qbot--3D-object-mapping/install/interfaces/share/interfaces/rust/src/msg
[0.525s] -- Up-to-date: /home/sanjuna/Desktop/FP_Robotics_and_Automation/Qbot--3D-object-mapping/install/interfaces/share/interfaces/rust/src/msg/rmw.rs
[0.526s] -- Up-to-date: /home/sanjuna/Desktop/FP_Robotics_and_Automation/Qbot--3D-object-mapping/install/interfaces/share/interfaces/rust/Cargo.toml
[0.526s] -- Up-to-date: /home/sanjuna/Desktop/FP_Robotics_and_Automation/Qbot--3D-object-mapping/install/interfaces/share/interfaces/msg/Position.idl
[0.526s] -- Up-to-date: /home/sanjuna/Desktop/FP_Robotics_and_Automation/Qbot--3D-object-mapping/install/interfaces/share/interfaces/srv/GetLastPositions.idl
[0.526s] -- Up-to-date: /home/sanjuna/Desktop/FP_Robotics_and_Automation/Qbot--3D-object-mapping/install/interfaces/share/interfaces/action/Navigation.idl
[0.526s] -- Up-to-date: /home/sanjuna/Desktop/FP_Robotics_and_Automation/Qbot--3D-object-mapping/install/interfaces/share/interfaces/msg/Position.msg
[0.526s] -- Up-to-date: /home/sanjuna/Desktop/FP_Robotics_and_Automation/Qbot--3D-object-mapping/install/interfaces/share/interfaces/srv/GetLastPositions.srv
[0.526s] -- Up-to-date: /home/sanjuna/Desktop/FP_Robotics_and_Automation/Qbot--3D-object-mapping/install/interfaces/share/interfaces/srv/GetLastPositions_Request.msg
[0.526s] -- Up-to-date: /home/sanjuna/Desktop/FP_Robotics_and_Automation/Qbot--3D-object-mapping/install/interfaces/share/interfaces/srv/GetLastPositions_Response.msg
[0.526s] -- Up-to-date: /home/sanjuna/Desktop/FP_Robotics_and_Automation/Qbot--3D-object-mapping/install/interfaces/share/interfaces/action/Navigation.action
[0.526s] -- Up-to-date: /home/sanjuna/Desktop/FP_Robotics_and_Automation/Qbot--3D-object-mapping/install/interfaces/share/ament_index/resource_index/package_run_dependencies/interfaces
[0.526s] -- Up-to-date: /home/sanjuna/Desktop/FP_Robotics_and_Automation/Qbot--3D-object-mapping/install/interfaces/share/ament_index/resource_index/parent_prefix_path/interfaces
[0.526s] -- Up-to-date: /home/sanjuna/Desktop/FP_Robotics_and_Automation/Qbot--3D-object-mapping/install/interfaces/share/interfaces/environment/ament_prefix_path.sh
[0.526s] -- Up-to-date: /home/sanjuna/Desktop/FP_Robotics_and_Automation/Qbot--3D-object-mapping/install/interfaces/share/interfaces/environment/ament_prefix_path.dsv
[0.526s] -- Up-to-date: /home/sanjuna/Desktop/FP_Robotics_and_Automation/Qbot--3D-object-mapping/install/interfaces/share/interfaces/environment/path.sh
[0.527s] -- Up-to-date: /home/sanjuna/Desktop/FP_Robotics_and_Automation/Qbot--3D-object-mapping/install/interfaces/share/interfaces/environment/path.dsv
[0.527s] -- Up-to-date: /home/sanjuna/Desktop/FP_Robotics_and_Automation/Qbot--3D-object-mapping/install/interfaces/share/interfaces/local_setup.bash
[0.527s] -- Up-to-date: /home/sanjuna/Desktop/FP_Robotics_and_Automation/Qbot--3D-object-mapping/install/interfaces/share/interfaces/local_setup.sh
[0.527s] -- Up-to-date: /home/sanjuna/Desktop/FP_Robotics_and_Automation/Qbot--3D-object-mapping/install/interfaces/share/interfaces/local_setup.zsh
[0.527s] -- Up-to-date: /home/sanjuna/Desktop/FP_Robotics_and_Automation/Qbot--3D-object-mapping/install/interfaces/share/interfaces/local_setup.dsv
[0.527s] -- Installing: /home/sanjuna/Desktop/FP_Robotics_and_Automation/Qbot--3D-object-mapping/install/interfaces/share/interfaces/package.dsv
[0.527s] -- Up-to-date: /home/sanjuna/Desktop/FP_Robotics_and_Automation/Qbot--3D-object-mapping/install/interfaces/share/ament_index/resource_index/packages/interfaces
[0.527s] -- Up-to-date: /home/sanjuna/Desktop/FP_Robotics_and_Automation/Qbot--3D-object-mapping/install/interfaces/share/interfaces/cmake/export_interfaces__rosidl_generator_cExport.cmake
[0.527s] -- Up-to-date: /home/sanjuna/Desktop/FP_Robotics_and_Automation/Qbot--3D-object-mapping/install/interfaces/share/interfaces/cmake/export_interfaces__rosidl_generator_cExport-noconfig.cmake
[0.527s] -- Up-to-date: /home/sanjuna/Desktop/FP_Robotics_and_Automation/Qbot--3D-object-mapping/install/interfaces/share/interfaces/cmake/export_interfaces__rosidl_typesupport_fastrtps_cExport.cmake
[0.527s] -- Up-to-date: /home/sanjuna/Desktop/FP_Robotics_and_Automation/Qbot--3D-object-mapping/install/interfaces/share/interfaces/cmake/export_interfaces__rosidl_typesupport_fastrtps_cExport-noconfig.cmake
[0.527s] -- Up-to-date: /home/sanjuna/Desktop/FP_Robotics_and_Automation/Qbot--3D-object-mapping/install/interfaces/share/interfaces/cmake/interfaces__rosidl_typesupport_introspection_cExport.cmake
[0.528s] -- Up-to-date: /home/sanjuna/Desktop/FP_Robotics_and_Automation/Qbot--3D-object-mapping/install/interfaces/share/interfaces/cmake/interfaces__rosidl_typesupport_introspection_cExport-noconfig.cmake
[0.528s] -- Up-to-date: /home/sanjuna/Desktop/FP_Robotics_and_Automation/Qbot--3D-object-mapping/install/interfaces/share/interfaces/cmake/interfaces__rosidl_typesupport_cExport.cmake
[0.528s] -- Up-to-date: /home/sanjuna/Desktop/FP_Robotics_and_Automation/Qbot--3D-object-mapping/install/interfaces/share/interfaces/cmake/interfaces__rosidl_typesupport_cExport-noconfig.cmake
[0.528s] -- Up-to-date: /home/sanjuna/Desktop/FP_Robotics_and_Automation/Qbot--3D-object-mapping/install/interfaces/share/interfaces/cmake/export_interfaces__rosidl_generator_cppExport.cmake
[0.528s] -- Up-to-date: /home/sanjuna/Desktop/FP_Robotics_and_Automation/Qbot--3D-object-mapping/install/interfaces/share/interfaces/cmake/export_interfaces__rosidl_typesupport_fastrtps_cppExport.cmake
[0.528s] -- Up-to-date: /home/sanjuna/Desktop/FP_Robotics_and_Automation/Qbot--3D-object-mapping/install/interfaces/share/interfaces/cmake/export_interfaces__rosidl_typesupport_fastrtps_cppExport-noconfig.cmake
[0.528s] -- Up-to-date: /home/sanjuna/Desktop/FP_Robotics_and_Automation/Qbot--3D-object-mapping/install/interfaces/share/interfaces/cmake/interfaces__rosidl_typesupport_introspection_cppExport.cmake
[0.528s] -- Up-to-date: /home/sanjuna/Desktop/FP_Robotics_and_Automation/Qbot--3D-object-mapping/install/interfaces/share/interfaces/cmake/interfaces__rosidl_typesupport_introspection_cppExport-noconfig.cmake
[0.528s] -- Up-to-date: /home/sanjuna/Desktop/FP_Robotics_and_Automation/Qbot--3D-object-mapping/install/interfaces/share/interfaces/cmake/interfaces__rosidl_typesupport_cppExport.cmake
[0.528s] -- Up-to-date: /home/sanjuna/Desktop/FP_Robotics_and_Automation/Qbot--3D-object-mapping/install/interfaces/share/interfaces/cmake/interfaces__rosidl_typesupport_cppExport-noconfig.cmake
[0.528s] -- Up-to-date: /home/sanjuna/Desktop/FP_Robotics_and_Automation/Qbot--3D-object-mapping/install/interfaces/share/interfaces/cmake/export_interfaces__rosidl_generator_pyExport.cmake
[0.529s] -- Up-to-date: /home/sanjuna/Desktop/FP_Robotics_and_Automation/Qbot--3D-object-mapping/install/interfaces/share/interfaces/cmake/export_interfaces__rosidl_generator_pyExport-noconfig.cmake
[0.529s] -- Up-to-date: /home/sanjuna/Desktop/FP_Robotics_and_Automation/Qbot--3D-object-mapping/install/interfaces/share/interfaces/cmake/rosidl_cmake-extras.cmake
[0.529s] -- Up-to-date: /home/sanjuna/Desktop/FP_Robotics_and_Automation/Qbot--3D-object-mapping/install/interfaces/share/interfaces/cmake/ament_cmake_export_dependencies-extras.cmake
[0.529s] -- Up-to-date: /home/sanjuna/Desktop/FP_Robotics_and_Automation/Qbot--3D-object-mapping/install/interfaces/share/interfaces/cmake/ament_cmake_export_include_directories-extras.cmake
[0.529s] -- Up-to-date: /home/sanjuna/Desktop/FP_Robotics_and_Automation/Qbot--3D-object-mapping/install/interfaces/share/interfaces/cmake/ament_cmake_export_libraries-extras.cmake
[0.529s] -- Up-to-date: /home/sanjuna/Desktop/FP_Robotics_and_Automation/Qbot--3D-object-mapping/install/interfaces/share/interfaces/cmake/ament_cmake_export_targets-extras.cmake
[0.529s] -- Up-to-date: /home/sanjuna/Desktop/FP_Robotics_and_Automation/Qbot--3D-object-mapping/install/interfaces/share/interfaces/cmake/rosidl_cmake_export_typesupport_targets-extras.cmake
[0.529s] -- Up-to-date: /home/sanjuna/Desktop/FP_Robotics_and_Automation/Qbot--3D-object-mapping/install/interfaces/share/interfaces/cmake/rosidl_cmake_export_typesupport_libraries-extras.cmake
[0.529s] -- Up-to-date: /home/sanjuna/Desktop/FP_Robotics_and_Automation/Qbot--3D-object-mapping/install/interfaces/share/interfaces/cmake/interfacesConfig.cmake
[0.529s] -- Up-to-date: /home/sanjuna/Desktop/FP_Robotics_and_Automation/Qbot--3D-object-mapping/install/interfaces/share/interfaces/cmake/interfacesConfig-version.cmake
[0.530s] -- Up-to-date: /home/sanjuna/Desktop/FP_Robotics_and_Automation/Qbot--3D-object-mapping/install/interfaces/share/interfaces/package.xml
[0.531s] Invoked command in '/home/sanjuna/Desktop/FP_Robotics_and_Automation/Qbot--3D-object-mapping/build/interfaces' returned '0': CMAKE_PREFIX_PATH=/opt/ros/humble /usr/bin/cmake --install /home/sanjuna/Desktop/FP_Robotics_and_Automation/Qbot--3D-object-mapping/build/interfaces
