[0.011s] Invoking command in '/home/sanjuna/Desktop/FP_Robotics_and_Automation/Qbot--3D-object-mapping/build/qbot_description': AMENT_PREFIX_PATH=/home/sanjuna/Desktop/FP_Robotics_and_Automation/Qbot--3D-object-mapping/install/interfaces:${AMENT_PREFIX_PATH} CMAKE_PREFIX_PATH=/home/sanjuna/Desktop/FP_Robotics_and_Automation/Qbot--3D-object-mapping/install/interfaces:/opt/ros/humble LD_LIBRARY_PATH=/home/sanjuna/Desktop/FP_Robotics_and_Automation/Qbot--3D-object-mapping/install/interfaces/lib:${LD_LIBRARY_PATH} PYTHONPATH=/home/sanjuna/Desktop/FP_Robotics_and_Automation/Qbot--3D-object-mapping/install/interfaces/local/lib/python3.10/dist-packages:${PYTHONPATH} /usr/bin/cmake /home/sanjuna/Desktop/FP_Robotics_and_Automation/Qbot--3D-object-mapping/src/qbot_description -DCMAKE_INSTALL_PREFIX=/home/sanjuna/Desktop/FP_Robotics_and_Automation/Qbot--3D-object-mapping/install/qbot_description
[0.084s] -- The C compiler identification is GNU 11.4.0
[0.167s] -- The CXX compiler identification is GNU 11.4.0
[0.176s] -- Detecting C compiler ABI info
[0.265s] -- Detecting C compiler ABI info - done
[0.277s] -- Check for working C compiler: /usr/bin/cc - skipped
[0.277s] -- Detecting C compile features
[0.278s] -- Detecting C compile features - done
[0.282s] -- Detecting CXX compiler ABI info
[0.390s] -- Detecting CXX compiler ABI info - done
[0.402s] -- Check for working CXX compiler: /usr/bin/c++ - skipped
[0.403s] -- Detecting CXX compile features
[0.404s] -- Detecting CXX compile features - done
[0.407s] -- Found ament_cmake: 1.3.14 (/opt/ros/humble/share/ament_cmake/cmake)
[0.625s] -- Found Python3: /usr/bin/python3 (found version "3.10.12") found components: Interpreter 
[0.747s] -- Found ament_lint_auto: 0.12.15 (/opt/ros/humble/share/ament_lint_auto/cmake)
[0.854s] -- Added test 'flake8' to check Python code syntax and style conventions
[0.855s] -- Added test 'lint_cmake' to check CMake code style
[0.856s] -- Added test 'pep257' to check Python code against some of the docstring style conventions in PEP 257
[0.858s] -- Added test 'xmllint' to check XML markup files
[0.859s] -- Configuring done
[0.863s] -- Generating done
[0.866s] -- Build files have been written to: /home/sanjuna/Desktop/FP_Robotics_and_Automation/Qbot--3D-object-mapping/build/qbot_description
[0.870s] Invoked command in '/home/sanjuna/Desktop/FP_Robotics_and_Automation/Qbot--3D-object-mapping/build/qbot_description' returned '0': AMENT_PREFIX_PATH=/home/sanjuna/Desktop/FP_Robotics_and_Automation/Qbot--3D-object-mapping/install/interfaces:${AMENT_PREFIX_PATH} CMAKE_PREFIX_PATH=/home/sanjuna/Desktop/FP_Robotics_and_Automation/Qbot--3D-object-mapping/install/interfaces:/opt/ros/humble LD_LIBRARY_PATH=/home/sanjuna/Desktop/FP_Robotics_and_Automation/Qbot--3D-object-mapping/install/interfaces/lib:${LD_LIBRARY_PATH} PYTHONPATH=/home/sanjuna/Desktop/FP_Robotics_and_Automation/Qbot--3D-object-mapping/install/interfaces/local/lib/python3.10/dist-packages:${PYTHONPATH} /usr/bin/cmake /home/sanjuna/Desktop/FP_Robotics_and_Automation/Qbot--3D-object-mapping/src/qbot_description -DCMAKE_INSTALL_PREFIX=/home/sanjuna/Desktop/FP_Robotics_and_Automation/Qbot--3D-object-mapping/install/qbot_description
[0.871s] Invoking command in '/home/sanjuna/Desktop/FP_Robotics_and_Automation/Qbot--3D-object-mapping/build/qbot_description': AMENT_PREFIX_PATH=/home/sanjuna/Desktop/FP_Robotics_and_Automation/Qbot--3D-object-mapping/install/interfaces:${AMENT_PREFIX_PATH} CMAKE_PREFIX_PATH=/home/sanjuna/Desktop/FP_Robotics_and_Automation/Qbot--3D-object-mapping/install/interfaces:/opt/ros/humble LD_LIBRARY_PATH=/home/sanjuna/Desktop/FP_Robotics_and_Automation/Qbot--3D-object-mapping/install/interfaces/lib:${LD_LIBRARY_PATH} PYTHONPATH=/home/sanjuna/Desktop/FP_Robotics_and_Automation/Qbot--3D-object-mapping/install/interfaces/local/lib/python3.10/dist-packages:${PYTHONPATH} /usr/bin/cmake --build /home/sanjuna/Desktop/FP_Robotics_and_Automation/Qbot--3D-object-mapping/build/qbot_description -- -j8 -l8
[0.912s] Invoked command in '/home/sanjuna/Desktop/FP_Robotics_and_Automation/Qbot--3D-object-mapping/build/qbot_description' returned '0': AMENT_PREFIX_PATH=/home/sanjuna/Desktop/FP_Robotics_and_Automation/Qbot--3D-object-mapping/install/interfaces:${AMENT_PREFIX_PATH} CMAKE_PREFIX_PATH=/home/sanjuna/Desktop/FP_Robotics_and_Automation/Qbot--3D-object-mapping/install/interfaces:/opt/ros/humble LD_LIBRARY_PATH=/home/sanjuna/Desktop/FP_Robotics_and_Automation/Qbot--3D-object-mapping/install/interfaces/lib:${LD_LIBRARY_PATH} PYTHONPATH=/home/sanjuna/Desktop/FP_Robotics_and_Automation/Qbot--3D-object-mapping/install/interfaces/local/lib/python3.10/dist-packages:${PYTHONPATH} /usr/bin/cmake --build /home/sanjuna/Desktop/FP_Robotics_and_Automation/Qbot--3D-object-mapping/build/qbot_description -- -j8 -l8
[0.913s] Invoking command in '/home/sanjuna/Desktop/FP_Robotics_and_Automation/Qbot--3D-object-mapping/build/qbot_description': AMENT_PREFIX_PATH=/home/sanjuna/Desktop/FP_Robotics_and_Automation/Qbot--3D-object-mapping/install/interfaces:${AMENT_PREFIX_PATH} CMAKE_PREFIX_PATH=/home/sanjuna/Desktop/FP_Robotics_and_Automation/Qbot--3D-object-mapping/install/interfaces:/opt/ros/humble LD_LIBRARY_PATH=/home/sanjuna/Desktop/FP_Robotics_and_Automation/Qbot--3D-object-mapping/install/interfaces/lib:${LD_LIBRARY_PATH} PYTHONPATH=/home/sanjuna/Desktop/FP_Robotics_and_Automation/Qbot--3D-object-mapping/install/interfaces/local/lib/python3.10/dist-packages:${PYTHONPATH} /usr/bin/cmake --install /home/sanjuna/Desktop/FP_Robotics_and_Automation/Qbot--3D-object-mapping/build/qbot_description
[0.922s] -- Install configuration: ""
[0.922s] -- Installing: /home/sanjuna/Desktop/FP_Robotics_and_Automation/Qbot--3D-object-mapping/install/qbot_description/share/qbot_description/urdf
[0.922s] -- Installing: /home/sanjuna/Desktop/FP_Robotics_and_Automation/Qbot--3D-object-mapping/install/qbot_description/share/qbot_description/urdf/qbot.urdf
[0.923s] -- Installing: /home/sanjuna/Desktop/FP_Robotics_and_Automation/Qbot--3D-object-mapping/install/qbot_description/share/qbot_description/launch
[0.923s] -- Installing: /home/sanjuna/Desktop/FP_Robotics_and_Automation/Qbot--3D-object-mapping/install/qbot_description/share/qbot_description/launch/gazebo.launch.py
[0.923s] -- Installing: /home/sanjuna/Desktop/FP_Robotics_and_Automation/Qbot--3D-object-mapping/install/qbot_description/share/qbot_description/launch/simulation.launch.py
[0.923s] -- Installing: /home/sanjuna/Desktop/FP_Robotics_and_Automation/Qbot--3D-object-mapping/install/qbot_description/share/qbot_description/launch/display.launch.py
[0.923s] -- Installing: /home/sanjuna/Desktop/FP_Robotics_and_Automation/Qbot--3D-object-mapping/install/qbot_description/share/qbot_description/rviz
[0.923s] -- Installing: /home/sanjuna/Desktop/FP_Robotics_and_Automation/Qbot--3D-object-mapping/install/qbot_description/share/qbot_description/rviz/qbot.rviz
[0.923s] -- Installing: /home/sanjuna/Desktop/FP_Robotics_and_Automation/Qbot--3D-object-mapping/install/qbot_description/share/qbot_description/sdf
[0.924s] -- Installing: /home/sanjuna/Desktop/FP_Robotics_and_Automation/Qbot--3D-object-mapping/install/qbot_description/share/qbot_description/sdf/qbot_world.sdf
[0.924s] -- Installing: /home/sanjuna/Desktop/FP_Robotics_and_Automation/Qbot--3D-object-mapping/install/qbot_description/share/qbot_description/sdf/qbot.sdf
[0.924s] -- Installing: /home/sanjuna/Desktop/FP_Robotics_and_Automation/Qbot--3D-object-mapping/install/qbot_description/share/qbot_description/config
[0.924s] -- Installing: /home/sanjuna/Desktop/FP_Robotics_and_Automation/Qbot--3D-object-mapping/install/qbot_description/share/qbot_description/config/qbot_controllers.yaml
[0.924s] -- Installing: /home/sanjuna/Desktop/FP_Robotics_and_Automation/Qbot--3D-object-mapping/install/qbot_description/share/ament_index/resource_index/package_run_dependencies/qbot_description
[0.925s] -- Installing: /home/sanjuna/Desktop/FP_Robotics_and_Automation/Qbot--3D-object-mapping/install/qbot_description/share/ament_index/resource_index/parent_prefix_path/qbot_description
[0.925s] -- Installing: /home/sanjuna/Desktop/FP_Robotics_and_Automation/Qbot--3D-object-mapping/install/qbot_description/share/qbot_description/environment/ament_prefix_path.sh
[0.925s] -- Installing: /home/sanjuna/Desktop/FP_Robotics_and_Automation/Qbot--3D-object-mapping/install/qbot_description/share/qbot_description/environment/ament_prefix_path.dsv
[0.925s] -- Installing: /home/sanjuna/Desktop/FP_Robotics_and_Automation/Qbot--3D-object-mapping/install/qbot_description/share/qbot_description/environment/path.sh
[0.925s] -- Installing: /home/sanjuna/Desktop/FP_Robotics_and_Automation/Qbot--3D-object-mapping/install/qbot_description/share/qbot_description/environment/path.dsv
[0.925s] -- Installing: /home/sanjuna/Desktop/FP_Robotics_and_Automation/Qbot--3D-object-mapping/install/qbot_description/share/qbot_description/local_setup.bash
[0.926s] -- Installing: /home/sanjuna/Desktop/FP_Robotics_and_Automation/Qbot--3D-object-mapping/install/qbot_description/share/qbot_description/local_setup.sh
[0.926s] -- Installing: /home/sanjuna/Desktop/FP_Robotics_and_Automation/Qbot--3D-object-mapping/install/qbot_description/share/qbot_description/local_setup.zsh
[0.926s] -- Installing: /home/sanjuna/Desktop/FP_Robotics_and_Automation/Qbot--3D-object-mapping/install/qbot_description/share/qbot_description/local_setup.dsv
[0.926s] -- Installing: /home/sanjuna/Desktop/FP_Robotics_and_Automation/Qbot--3D-object-mapping/install/qbot_description/share/qbot_description/package.dsv
[0.927s] -- Installing: /home/sanjuna/Desktop/FP_Robotics_and_Automation/Qbot--3D-object-mapping/install/qbot_description/share/ament_index/resource_index/packages/qbot_description
[0.927s] -- Installing: /home/sanjuna/Desktop/FP_Robotics_and_Automation/Qbot--3D-object-mapping/install/qbot_description/share/qbot_description/cmake/qbot_descriptionConfig.cmake
[0.927s] -- Installing: /home/sanjuna/Desktop/FP_Robotics_and_Automation/Qbot--3D-object-mapping/install/qbot_description/share/qbot_description/cmake/qbot_descriptionConfig-version.cmake
[0.927s] -- Installing: /home/sanjuna/Desktop/FP_Robotics_and_Automation/Qbot--3D-object-mapping/install/qbot_description/share/qbot_description/package.xml
[0.930s] Invoked command in '/home/sanjuna/Desktop/FP_Robotics_and_Automation/Qbot--3D-object-mapping/build/qbot_description' returned '0': AMENT_PREFIX_PATH=/home/sanjuna/Desktop/FP_Robotics_and_Automation/Qbot--3D-object-mapping/install/interfaces:${AMENT_PREFIX_PATH} CMAKE_PREFIX_PATH=/home/sanjuna/Desktop/FP_Robotics_and_Automation/Qbot--3D-object-mapping/install/interfaces:/opt/ros/humble LD_LIBRARY_PATH=/home/sanjuna/Desktop/FP_Robotics_and_Automation/Qbot--3D-object-mapping/install/interfaces/lib:${LD_LIBRARY_PATH} PYTHONPATH=/home/sanjuna/Desktop/FP_Robotics_and_Automation/Qbot--3D-object-mapping/install/interfaces/local/lib/python3.10/dist-packages:${PYTHONPATH} /usr/bin/cmake --install /home/sanjuna/Desktop/FP_Robotics_and_Automation/Qbot--3D-object-mapping/build/qbot_description
