[0.478s] Invoking command in '/home/netrunner/Documents/Robotics_and_Automation/CA/Qbot--3D-object-mapping/simulation/src/qbot_scanner': PYTHONPATH=/home/netrunner/Documents/Robotics_and_Automation/CA/Qbot--3D-object-mapping/simulation/build/qbot_scanner/prefix_override:/usr/lib/python3/dist-packages/colcon_core/task/python/colcon_distutils_commands:/home/netrunner/Documents/Robotics_and_Automation/CA/Qbot--3D-object-mapping/simulation/install/qbot_scanner/lib/python3.10/site-packages:${PYTHONPATH} /usr/bin/python3 -W ignore:setup.py install is deprecated -W ignore:easy_install command is deprecated setup.py egg_info --egg-base ../../build/qbot_scanner build --build-base /home/netrunner/Documents/Robotics_and_Automation/CA/Qbot--3D-object-mapping/simulation/build/qbot_scanner/build install --record /home/netrunner/Documents/Robotics_and_Automation/CA/Qbot--3D-object-mapping/simulation/build/qbot_scanner/install.log --single-version-externally-managed install_data
[0.658s] running egg_info
[0.659s] writing ../../build/qbot_scanner/qbot_scanner.egg-info/PKG-INFO
[0.659s] writing dependency_links to ../../build/qbot_scanner/qbot_scanner.egg-info/dependency_links.txt
[0.659s] writing entry points to ../../build/qbot_scanner/qbot_scanner.egg-info/entry_points.txt
[0.659s] writing requirements to ../../build/qbot_scanner/qbot_scanner.egg-info/requires.txt
[0.659s] writing top-level names to ../../build/qbot_scanner/qbot_scanner.egg-info/top_level.txt
[0.660s] reading manifest file '../../build/qbot_scanner/qbot_scanner.egg-info/SOURCES.txt'
[0.661s] writing manifest file '../../build/qbot_scanner/qbot_scanner.egg-info/SOURCES.txt'
[0.661s] running build
[0.661s] running build_py
[0.661s] running install
[0.661s] running install_lib
[0.662s] running install_data
[0.662s] copying urdf/qbot.urdf -> /home/netrunner/Documents/Robotics_and_Automation/CA/Qbot--3D-object-mapping/simulation/install/qbot_scanner/share/qbot_scanner/urdf
[0.662s] copying launch/qbot_bringup.launch.py -> /home/netrunner/Documents/Robotics_and_Automation/CA/Qbot--3D-object-mapping/simulation/install/qbot_scanner/share/qbot_scanner/launch
[0.663s] creating /home/netrunner/Documents/Robotics_and_Automation/CA/Qbot--3D-object-mapping/simulation/install/qbot_scanner/share/qbot_scanner/rviz
[0.663s] copying rviz/config.rviz -> /home/netrunner/Documents/Robotics_and_Automation/CA/Qbot--3D-object-mapping/simulation/install/qbot_scanner/share/qbot_scanner/rviz
[0.663s] running install_egg_info
[0.664s] removing '/home/netrunner/Documents/Robotics_and_Automation/CA/Qbot--3D-object-mapping/simulation/install/qbot_scanner/lib/python3.10/site-packages/qbot_scanner-0.0.0-py3.10.egg-info' (and everything under it)
[0.664s] Copying ../../build/qbot_scanner/qbot_scanner.egg-info to /home/netrunner/Documents/Robotics_and_Automation/CA/Qbot--3D-object-mapping/simulation/install/qbot_scanner/lib/python3.10/site-packages/qbot_scanner-0.0.0-py3.10.egg-info
[0.665s] running install_scripts
[0.679s] Installing scan_logic script to /home/netrunner/Documents/Robotics_and_Automation/CA/Qbot--3D-object-mapping/simulation/install/qbot_scanner/lib/qbot_scanner
[0.679s] writing list of installed files to '/home/netrunner/Documents/Robotics_and_Automation/CA/Qbot--3D-object-mapping/simulation/build/qbot_scanner/install.log'
[0.694s] Invoked command in '/home/netrunner/Documents/Robotics_and_Automation/CA/Qbot--3D-object-mapping/simulation/src/qbot_scanner' returned '0': PYTHONPATH=/home/netrunner/Documents/Robotics_and_Automation/CA/Qbot--3D-object-mapping/simulation/build/qbot_scanner/prefix_override:/usr/lib/python3/dist-packages/colcon_core/task/python/colcon_distutils_commands:/home/netrunner/Documents/Robotics_and_Automation/CA/Qbot--3D-object-mapping/simulation/install/qbot_scanner/lib/python3.10/site-packages:${PYTHONPATH} /usr/bin/python3 -W ignore:setup.py install is deprecated -W ignore:easy_install command is deprecated setup.py egg_info --egg-base ../../build/qbot_scanner build --build-base /home/netrunner/Documents/Robotics_and_Automation/CA/Qbot--3D-object-mapping/simulation/build/qbot_scanner/build install --record /home/netrunner/Documents/Robotics_and_Automation/CA/Qbot--3D-object-mapping/simulation/build/qbot_scanner/install.log --single-version-externally-managed install_data
