[0.158s] DEBUG:colcon:Command line arguments: ['/usr/bin/colcon', 'build']
[0.159s] DEBUG:colcon:Parsed command line arguments: Namespace(log_base=None, log_level=None, verb_name='build', build_base='build', install_base='install', merge_install=False, symlink_install=False, test_result_base=None, continue_on_error=False, executor='parallel', parallel_workers=8, event_handlers=None, ignore_user_meta=False, metas=['./colcon.meta'], base_paths=['.'], packages_ignore=None, packages_ignore_regex=None, paths=None, packages_up_to=None, packages_up_to_regex=None, packages_above=None, packages_above_and_dependencies=None, packages_above_depth=None, packages_select_by_dep=None, packages_skip_by_dep=None, packages_skip_up_to=None, packages_select_build_failed=False, packages_skip_build_finished=False, packages_select_test_failures=False, packages_skip_test_passed=False, packages_select=None, packages_skip=None, packages_select_regex=None, packages_skip_regex=None, packages_start=None, packages_end=None, allow_overriding=[], cmake_args=None, cmake_target=None, cmake_target_skip_unavailable=False, cmake_clean_cache=False, cmake_clean_first=False, cmake_force_configure=False, ament_cmake_args=None, catkin_cmake_args=None, catkin_skip_building_tests=False, verb_parser=<colcon_defaults.argument_parser.defaults.DefaultArgumentsDecorator object at 0x79f263c61510>, verb_extension=<colcon_core.verb.build.BuildVerb object at 0x79f263d5aa40>, main=<bound method BuildVerb.main of <colcon_core.verb.build.BuildVerb object at 0x79f263d5aa40>>)
[0.433s] Level 1:colcon.colcon_core.package_discovery:discover_packages(colcon_meta) check parameters
[0.433s] Level 1:colcon.colcon_core.package_discovery:discover_packages(recursive) check parameters
[0.433s] Level 1:colcon.colcon_core.package_discovery:discover_packages(ignore) check parameters
[0.433s] Level 1:colcon.colcon_core.package_discovery:discover_packages(path) check parameters
[0.433s] Level 1:colcon.colcon_core.package_discovery:discover_packages(colcon_meta) discover
[0.433s] Level 1:colcon.colcon_core.package_discovery:discover_packages(recursive) discover
[0.433s] INFO:colcon.colcon_core.package_discovery:Crawling recursively for packages in '/home/sanjuna/Desktop/FP_Robotics_and_Automation/Qbot--3D-object-mapping'
[0.433s] Level 1:colcon.colcon_core.package_identification:_identify(.) by extensions ['ignore', 'ignore_ament_install']
[0.433s] Level 1:colcon.colcon_core.package_identification:_identify(.) by extension 'ignore'
[0.433s] Level 1:colcon.colcon_core.package_identification:_identify(.) by extension 'ignore_ament_install'
[0.434s] Level 1:colcon.colcon_core.package_identification:_identify(.) by extensions ['colcon_pkg']
[0.434s] Level 1:colcon.colcon_core.package_identification:_identify(.) by extension 'colcon_pkg'
[0.434s] Level 1:colcon.colcon_core.package_identification:_identify(.) by extensions ['colcon_meta']
[0.434s] Level 1:colcon.colcon_core.package_identification:_identify(.) by extension 'colcon_meta'
[0.434s] Level 1:colcon.colcon_core.package_identification:_identify(.) by extensions ['ros']
[0.434s] Level 1:colcon.colcon_core.package_identification:_identify(.) by extension 'ros'
[0.449s] Level 1:colcon.colcon_core.package_identification:_identify(.) by extensions ['cmake', 'python']
[0.449s] Level 1:colcon.colcon_core.package_identification:_identify(.) by extension 'cmake'
[0.449s] Level 1:colcon.colcon_core.package_identification:_identify(.) by extension 'python'
[0.449s] Level 1:colcon.colcon_core.package_identification:_identify(.) by extensions ['python_setup_py']
[0.449s] Level 1:colcon.colcon_core.package_identification:_identify(.) by extension 'python_setup_py'
[0.450s] Level 1:colcon.colcon_core.package_identification:_identify(build) by extensions ['ignore', 'ignore_ament_install']
[0.450s] Level 1:colcon.colcon_core.package_identification:_identify(build) by extension 'ignore'
[0.450s] Level 1:colcon.colcon_core.package_identification:_identify(build) ignored
[0.450s] Level 1:colcon.colcon_core.package_identification:_identify(install) by extensions ['ignore', 'ignore_ament_install']
[0.450s] Level 1:colcon.colcon_core.package_identification:_identify(install) by extension 'ignore'
[0.450s] Level 1:colcon.colcon_core.package_identification:_identify(install) ignored
[0.450s] Level 1:colcon.colcon_core.package_identification:_identify(log) by extensions ['ignore', 'ignore_ament_install']
[0.450s] Level 1:colcon.colcon_core.package_identification:_identify(log) by extension 'ignore'
[0.450s] Level 1:colcon.colcon_core.package_identification:_identify(log) ignored
[0.450s] Level 1:colcon.colcon_core.package_identification:_identify(src) by extensions ['ignore', 'ignore_ament_install']
[0.450s] Level 1:colcon.colcon_core.package_identification:_identify(src) by extension 'ignore'
[0.451s] Level 1:colcon.colcon_core.package_identification:_identify(src) by extension 'ignore_ament_install'
[0.451s] Level 1:colcon.colcon_core.package_identification:_identify(src) by extensions ['colcon_pkg']
[0.451s] Level 1:colcon.colcon_core.package_identification:_identify(src) by extension 'colcon_pkg'
[0.451s] Level 1:colcon.colcon_core.package_identification:_identify(src) by extensions ['colcon_meta']
[0.451s] Level 1:colcon.colcon_core.package_identification:_identify(src) by extension 'colcon_meta'
[0.451s] Level 1:colcon.colcon_core.package_identification:_identify(src) by extensions ['ros']
[0.451s] Level 1:colcon.colcon_core.package_identification:_identify(src) by extension 'ros'
[0.451s] Level 1:colcon.colcon_core.package_identification:_identify(src) by extensions ['cmake', 'python']
[0.451s] Level 1:colcon.colcon_core.package_identification:_identify(src) by extension 'cmake'
[0.451s] Level 1:colcon.colcon_core.package_identification:_identify(src) by extension 'python'
[0.451s] Level 1:colcon.colcon_core.package_identification:_identify(src) by extensions ['python_setup_py']
[0.451s] Level 1:colcon.colcon_core.package_identification:_identify(src) by extension 'python_setup_py'
[0.451s] Level 1:colcon.colcon_core.package_identification:_identify(src/interfaces) by extensions ['ignore', 'ignore_ament_install']
[0.451s] Level 1:colcon.colcon_core.package_identification:_identify(src/interfaces) by extension 'ignore'
[0.451s] Level 1:colcon.colcon_core.package_identification:_identify(src/interfaces) by extension 'ignore_ament_install'
[0.451s] Level 1:colcon.colcon_core.package_identification:_identify(src/interfaces) by extensions ['colcon_pkg']
[0.451s] Level 1:colcon.colcon_core.package_identification:_identify(src/interfaces) by extension 'colcon_pkg'
[0.452s] Level 1:colcon.colcon_core.package_identification:_identify(src/interfaces) by extensions ['colcon_meta']
[0.452s] Level 1:colcon.colcon_core.package_identification:_identify(src/interfaces) by extension 'colcon_meta'
[0.452s] Level 1:colcon.colcon_core.package_identification:_identify(src/interfaces) by extensions ['ros']
[0.452s] Level 1:colcon.colcon_core.package_identification:_identify(src/interfaces) by extension 'ros'
[0.455s] DEBUG:colcon.colcon_core.package_identification:Package 'src/interfaces' with type 'ros.ament_cmake' and name 'interfaces'
[0.455s] Level 1:colcon.colcon_core.package_identification:_identify(src/lab_06) by extensions ['ignore', 'ignore_ament_install']
[0.456s] Level 1:colcon.colcon_core.package_identification:_identify(src/lab_06) by extension 'ignore'
[0.456s] Level 1:colcon.colcon_core.package_identification:_identify(src/lab_06) by extension 'ignore_ament_install'
[0.456s] Level 1:colcon.colcon_core.package_identification:_identify(src/lab_06) by extensions ['colcon_pkg']
[0.456s] Level 1:colcon.colcon_core.package_identification:_identify(src/lab_06) by extension 'colcon_pkg'
[0.456s] Level 1:colcon.colcon_core.package_identification:_identify(src/lab_06) by extensions ['colcon_meta']
[0.456s] Level 1:colcon.colcon_core.package_identification:_identify(src/lab_06) by extension 'colcon_meta'
[0.456s] Level 1:colcon.colcon_core.package_identification:_identify(src/lab_06) by extensions ['ros']
[0.456s] Level 1:colcon.colcon_core.package_identification:_identify(src/lab_06) by extension 'ros'
[0.457s] DEBUG:colcon.colcon_core.package_identification:Package 'src/lab_06' with type 'ros.ament_python' and name 'lab_06'
[0.458s] Level 1:colcon.colcon_core.package_identification:_identify(src/qbot_description) by extensions ['ignore', 'ignore_ament_install']
[0.458s] Level 1:colcon.colcon_core.package_identification:_identify(src/qbot_description) by extension 'ignore'
[0.458s] Level 1:colcon.colcon_core.package_identification:_identify(src/qbot_description) by extension 'ignore_ament_install'
[0.458s] Level 1:colcon.colcon_core.package_identification:_identify(src/qbot_description) by extensions ['colcon_pkg']
[0.458s] Level 1:colcon.colcon_core.package_identification:_identify(src/qbot_description) by extension 'colcon_pkg'
[0.458s] Level 1:colcon.colcon_core.package_identification:_identify(src/qbot_description) by extensions ['colcon_meta']
[0.458s] Level 1:colcon.colcon_core.package_identification:_identify(src/qbot_description) by extension 'colcon_meta'
[0.458s] Level 1:colcon.colcon_core.package_identification:_identify(src/qbot_description) by extensions ['ros']
[0.458s] Level 1:colcon.colcon_core.package_identification:_identify(src/qbot_description) by extension 'ros'
[0.462s] DEBUG:colcon.colcon_core.package_identification:Package 'src/qbot_description' with type 'ros.ament_cmake' and name 'qbot_description'
[0.462s] Level 1:colcon.colcon_core.package_discovery:discover_packages(recursive) using defaults
[0.462s] Level 1:colcon.colcon_core.package_discovery:discover_packages(ignore) discover
[0.462s] Level 1:colcon.colcon_core.package_discovery:discover_packages(ignore) using defaults
[0.462s] Level 1:colcon.colcon_core.package_discovery:discover_packages(path) discover
[0.462s] Level 1:colcon.colcon_core.package_discovery:discover_packages(path) using defaults
[0.498s] Level 1:colcon.colcon_core.package_discovery:discover_packages(prefix_path) check parameters
[0.498s] Level 1:colcon.colcon_core.package_discovery:discover_packages(prefix_path) discover
[0.501s] DEBUG:colcon.colcon_installed_package_information.package_discovery:Found 418 installed packages in /opt/ros/humble
[0.503s] Level 1:colcon.colcon_core.package_discovery:discover_packages(prefix_path) using defaults
[0.565s] Level 5:colcon.colcon_core.verb:set package 'interfaces' build argument 'cmake_args' from command line to 'None'
[0.565s] Level 5:colcon.colcon_core.verb:set package 'interfaces' build argument 'cmake_target' from command line to 'None'
[0.565s] Level 5:colcon.colcon_core.verb:set package 'interfaces' build argument 'cmake_target_skip_unavailable' from command line to 'False'
[0.565s] Level 5:colcon.colcon_core.verb:set package 'interfaces' build argument 'cmake_clean_cache' from command line to 'False'
[0.565s] Level 5:colcon.colcon_core.verb:set package 'interfaces' build argument 'cmake_clean_first' from command line to 'False'
[0.565s] Level 5:colcon.colcon_core.verb:set package 'interfaces' build argument 'cmake_force_configure' from command line to 'False'
[0.565s] Level 5:colcon.colcon_core.verb:set package 'interfaces' build argument 'ament_cmake_args' from command line to 'None'
[0.565s] Level 5:colcon.colcon_core.verb:set package 'interfaces' build argument 'catkin_cmake_args' from command line to 'None'
[0.565s] Level 5:colcon.colcon_core.verb:set package 'interfaces' build argument 'catkin_skip_building_tests' from command line to 'False'
[0.565s] DEBUG:colcon.colcon_core.verb:Building package 'interfaces' with the following arguments: {'ament_cmake_args': None, 'build_base': '/home/sanjuna/Desktop/FP_Robotics_and_Automation/Qbot--3D-object-mapping/build/interfaces', 'catkin_cmake_args': None, 'catkin_skip_building_tests': False, 'cmake_args': None, 'cmake_clean_cache': False, 'cmake_clean_first': False, 'cmake_force_configure': False, 'cmake_target': None, 'cmake_target_skip_unavailable': False, 'install_base': '/home/sanjuna/Desktop/FP_Robotics_and_Automation/Qbot--3D-object-mapping/install/interfaces', 'merge_install': False, 'path': '/home/sanjuna/Desktop/FP_Robotics_and_Automation/Qbot--3D-object-mapping/src/interfaces', 'symlink_install': False, 'test_result_base': None}
[0.566s] Level 5:colcon.colcon_core.verb:set package 'qbot_description' build argument 'cmake_args' from command line to 'None'
[0.566s] Level 5:colcon.colcon_core.verb:set package 'qbot_description' build argument 'cmake_target' from command line to 'None'
[0.566s] Level 5:colcon.colcon_core.verb:set package 'qbot_description' build argument 'cmake_target_skip_unavailable' from command line to 'False'
[0.566s] Level 5:colcon.colcon_core.verb:set package 'qbot_description' build argument 'cmake_clean_cache' from command line to 'False'
[0.566s] Level 5:colcon.colcon_core.verb:set package 'qbot_description' build argument 'cmake_clean_first' from command line to 'False'
[0.566s] Level 5:colcon.colcon_core.verb:set package 'qbot_description' build argument 'cmake_force_configure' from command line to 'False'
[0.566s] Level 5:colcon.colcon_core.verb:set package 'qbot_description' build argument 'ament_cmake_args' from command line to 'None'
[0.566s] Level 5:colcon.colcon_core.verb:set package 'qbot_description' build argument 'catkin_cmake_args' from command line to 'None'
[0.566s] Level 5:colcon.colcon_core.verb:set package 'qbot_description' build argument 'catkin_skip_building_tests' from command line to 'False'
[0.566s] DEBUG:colcon.colcon_core.verb:Building package 'qbot_description' with the following arguments: {'ament_cmake_args': None, 'build_base': '/home/sanjuna/Desktop/FP_Robotics_and_Automation/Qbot--3D-object-mapping/build/qbot_description', 'catkin_cmake_args': None, 'catkin_skip_building_tests': False, 'cmake_args': None, 'cmake_clean_cache': False, 'cmake_clean_first': False, 'cmake_force_configure': False, 'cmake_target': None, 'cmake_target_skip_unavailable': False, 'install_base': '/home/sanjuna/Desktop/FP_Robotics_and_Automation/Qbot--3D-object-mapping/install/qbot_description', 'merge_install': False, 'path': '/home/sanjuna/Desktop/FP_Robotics_and_Automation/Qbot--3D-object-mapping/src/qbot_description', 'symlink_install': False, 'test_result_base': None}
[0.566s] Level 5:colcon.colcon_core.verb:set package 'lab_06' build argument 'cmake_args' from command line to 'None'
[0.566s] Level 5:colcon.colcon_core.verb:set package 'lab_06' build argument 'cmake_target' from command line to 'None'
[0.566s] Level 5:colcon.colcon_core.verb:set package 'lab_06' build argument 'cmake_target_skip_unavailable' from command line to 'False'
[0.566s] Level 5:colcon.colcon_core.verb:set package 'lab_06' build argument 'cmake_clean_cache' from command line to 'False'
[0.566s] Level 5:colcon.colcon_core.verb:set package 'lab_06' build argument 'cmake_clean_first' from command line to 'False'
[0.566s] Level 5:colcon.colcon_core.verb:set package 'lab_06' build argument 'cmake_force_configure' from command line to 'False'
[0.566s] Level 5:colcon.colcon_core.verb:set package 'lab_06' build argument 'ament_cmake_args' from command line to 'None'
[0.567s] Level 5:colcon.colcon_core.verb:set package 'lab_06' build argument 'catkin_cmake_args' from command line to 'None'
[0.567s] Level 5:colcon.colcon_core.verb:set package 'lab_06' build argument 'catkin_skip_building_tests' from command line to 'False'
[0.567s] DEBUG:colcon.colcon_core.verb:Building package 'lab_06' with the following arguments: {'ament_cmake_args': None, 'build_base': '/home/sanjuna/Desktop/FP_Robotics_and_Automation/Qbot--3D-object-mapping/build/lab_06', 'catkin_cmake_args': None, 'catkin_skip_building_tests': False, 'cmake_args': None, 'cmake_clean_cache': False, 'cmake_clean_first': False, 'cmake_force_configure': False, 'cmake_target': None, 'cmake_target_skip_unavailable': False, 'install_base': '/home/sanjuna/Desktop/FP_Robotics_and_Automation/Qbot--3D-object-mapping/install/lab_06', 'merge_install': False, 'path': '/home/sanjuna/Desktop/FP_Robotics_and_Automation/Qbot--3D-object-mapping/src/lab_06', 'symlink_install': False, 'test_result_base': None}
[0.567s] INFO:colcon.colcon_core.executor:Executing jobs using 'parallel' executor
[0.568s] DEBUG:colcon.colcon_parallel_executor.executor.parallel:run_until_complete
[0.568s] INFO:colcon.colcon_ros.task.ament_cmake.build:Building ROS package in '/home/sanjuna/Desktop/FP_Robotics_and_Automation/Qbot--3D-object-mapping/src/interfaces' with build type 'ament_cmake'
[0.568s] INFO:colcon.colcon_cmake.task.cmake.build:Building CMake package in '/home/sanjuna/Desktop/FP_Robotics_and_Automation/Qbot--3D-object-mapping/src/interfaces'
[0.570s] INFO:colcon.colcon_core.plugin_system:Skipping extension 'colcon_core.shell.bat': Not used on non-Windows systems
[0.570s] INFO:colcon.colcon_core.shell:Skip shell extension 'powershell' for command environment: Not usable outside of PowerShell
[0.570s] DEBUG:colcon.colcon_core.shell:Skip shell extension 'dsv' for command environment
[0.578s] DEBUG:colcon.colcon_core.event_handler.log_command:Invoking command in '/home/sanjuna/Desktop/FP_Robotics_and_Automation/Qbot--3D-object-mapping/build/interfaces': CMAKE_PREFIX_PATH=/opt/ros/humble /usr/bin/cmake /home/sanjuna/Desktop/FP_Robotics_and_Automation/Qbot--3D-object-mapping/src/interfaces -DCMAKE_INSTALL_PREFIX=/home/sanjuna/Desktop/FP_Robotics_and_Automation/Qbot--3D-object-mapping/install/interfaces
[2.713s] DEBUG:colcon.colcon_core.event_handler.log_command:Invoked command in '/home/sanjuna/Desktop/FP_Robotics_and_Automation/Qbot--3D-object-mapping/build/interfaces' returned '0': CMAKE_PREFIX_PATH=/opt/ros/humble /usr/bin/cmake /home/sanjuna/Desktop/FP_Robotics_and_Automation/Qbot--3D-object-mapping/src/interfaces -DCMAKE_INSTALL_PREFIX=/home/sanjuna/Desktop/FP_Robotics_and_Automation/Qbot--3D-object-mapping/install/interfaces
[2.715s] DEBUG:colcon.colcon_core.event_handler.log_command:Invoking command in '/home/sanjuna/Desktop/FP_Robotics_and_Automation/Qbot--3D-object-mapping/build/interfaces': CMAKE_PREFIX_PATH=/opt/ros/humble /usr/bin/cmake --build /home/sanjuna/Desktop/FP_Robotics_and_Automation/Qbot--3D-object-mapping/build/interfaces -- -j8 -l8
[10.040s] DEBUG:colcon.colcon_core.event_handler.log_command:Invoked command in '/home/sanjuna/Desktop/FP_Robotics_and_Automation/Qbot--3D-object-mapping/build/interfaces' returned '0': CMAKE_PREFIX_PATH=/opt/ros/humble /usr/bin/cmake --build /home/sanjuna/Desktop/FP_Robotics_and_Automation/Qbot--3D-object-mapping/build/interfaces -- -j8 -l8
[10.053s] DEBUG:colcon.colcon_core.event_handler.log_command:Invoking command in '/home/sanjuna/Desktop/FP_Robotics_and_Automation/Qbot--3D-object-mapping/build/interfaces': CMAKE_PREFIX_PATH=/opt/ros/humble /usr/bin/cmake --install /home/sanjuna/Desktop/FP_Robotics_and_Automation/Qbot--3D-object-mapping/build/interfaces
[10.180s] Level 1:colcon.colcon_core.environment:create_environment_scripts_only(interfaces)
[10.181s] DEBUG:colcon.colcon_core.event_handler.log_command:Invoked command in '/home/sanjuna/Desktop/FP_Robotics_and_Automation/Qbot--3D-object-mapping/build/interfaces' returned '0': CMAKE_PREFIX_PATH=/opt/ros/humble /usr/bin/cmake --install /home/sanjuna/Desktop/FP_Robotics_and_Automation/Qbot--3D-object-mapping/build/interfaces
[10.184s] Level 1:colcon.colcon_core.environment:checking '/home/sanjuna/Desktop/FP_Robotics_and_Automation/Qbot--3D-object-mapping/install/interfaces' for CMake module files
[10.185s] Level 1:colcon.colcon_core.environment:checking '/home/sanjuna/Desktop/FP_Robotics_and_Automation/Qbot--3D-object-mapping/install/interfaces' for CMake config files
[10.186s] Level 1:colcon.colcon_core.shell:create_environment_hook('interfaces', 'cmake_prefix_path')
[10.186s] INFO:colcon.colcon_core.shell:Creating environment hook '/home/sanjuna/Desktop/FP_Robotics_and_Automation/Qbot--3D-object-mapping/install/interfaces/share/interfaces/hook/cmake_prefix_path.ps1'
[10.187s] INFO:colcon.colcon_core.shell:Creating environment descriptor '/home/sanjuna/Desktop/FP_Robotics_and_Automation/Qbot--3D-object-mapping/install/interfaces/share/interfaces/hook/cmake_prefix_path.dsv'
[10.188s] INFO:colcon.colcon_core.shell:Creating environment hook '/home/sanjuna/Desktop/FP_Robotics_and_Automation/Qbot--3D-object-mapping/install/interfaces/share/interfaces/hook/cmake_prefix_path.sh'
[10.190s] Level 1:colcon.colcon_core.environment:checking '/home/sanjuna/Desktop/FP_Robotics_and_Automation/Qbot--3D-object-mapping/install/interfaces/lib'
[10.190s] Level 1:colcon.colcon_core.shell:create_environment_hook('interfaces', 'ld_library_path_lib')
[10.191s] INFO:colcon.colcon_core.shell:Creating environment hook '/home/sanjuna/Desktop/FP_Robotics_and_Automation/Qbot--3D-object-mapping/install/interfaces/share/interfaces/hook/ld_library_path_lib.ps1'
[10.191s] INFO:colcon.colcon_core.shell:Creating environment descriptor '/home/sanjuna/Desktop/FP_Robotics_and_Automation/Qbot--3D-object-mapping/install/interfaces/share/interfaces/hook/ld_library_path_lib.dsv'
[10.192s] INFO:colcon.colcon_core.shell:Creating environment hook '/home/sanjuna/Desktop/FP_Robotics_and_Automation/Qbot--3D-object-mapping/install/interfaces/share/interfaces/hook/ld_library_path_lib.sh'
[10.193s] Level 1:colcon.colcon_core.environment:checking '/home/sanjuna/Desktop/FP_Robotics_and_Automation/Qbot--3D-object-mapping/install/interfaces/bin'
[10.193s] Level 1:colcon.colcon_core.environment:checking '/home/sanjuna/Desktop/FP_Robotics_and_Automation/Qbot--3D-object-mapping/install/interfaces/lib/pkgconfig/interfaces.pc'
[10.193s] Level 1:colcon.colcon_core.environment:checking '/home/sanjuna/Desktop/FP_Robotics_and_Automation/Qbot--3D-object-mapping/install/interfaces/lib/python3.10/site-packages'
[10.194s] Level 1:colcon.colcon_core.environment:checking '/home/sanjuna/Desktop/FP_Robotics_and_Automation/Qbot--3D-object-mapping/install/interfaces/bin'
[10.194s] INFO:colcon.colcon_core.shell:Creating package script '/home/sanjuna/Desktop/FP_Robotics_and_Automation/Qbot--3D-object-mapping/install/interfaces/share/interfaces/package.ps1'
[10.196s] INFO:colcon.colcon_core.shell:Creating package descriptor '/home/sanjuna/Desktop/FP_Robotics_and_Automation/Qbot--3D-object-mapping/install/interfaces/share/interfaces/package.dsv'
[10.197s] INFO:colcon.colcon_core.shell:Creating package script '/home/sanjuna/Desktop/FP_Robotics_and_Automation/Qbot--3D-object-mapping/install/interfaces/share/interfaces/package.sh'
[10.198s] INFO:colcon.colcon_core.shell:Creating package script '/home/sanjuna/Desktop/FP_Robotics_and_Automation/Qbot--3D-object-mapping/install/interfaces/share/interfaces/package.bash'
[10.199s] INFO:colcon.colcon_core.shell:Creating package script '/home/sanjuna/Desktop/FP_Robotics_and_Automation/Qbot--3D-object-mapping/install/interfaces/share/interfaces/package.zsh'
[10.201s] Level 1:colcon.colcon_core.environment:create_file_with_runtime_dependencies(/home/sanjuna/Desktop/FP_Robotics_and_Automation/Qbot--3D-object-mapping/install/interfaces/share/colcon-core/packages/interfaces)
[10.202s] Level 1:colcon.colcon_core.environment:create_environment_scripts_only(interfaces)
[10.202s] Level 1:colcon.colcon_core.environment:checking '/home/sanjuna/Desktop/FP_Robotics_and_Automation/Qbot--3D-object-mapping/install/interfaces' for CMake module files
[10.203s] Level 1:colcon.colcon_core.environment:checking '/home/sanjuna/Desktop/FP_Robotics_and_Automation/Qbot--3D-object-mapping/install/interfaces' for CMake config files
[10.204s] Level 1:colcon.colcon_core.shell:create_environment_hook('interfaces', 'cmake_prefix_path')
[10.204s] INFO:colcon.colcon_core.shell:Creating environment hook '/home/sanjuna/Desktop/FP_Robotics_and_Automation/Qbot--3D-object-mapping/install/interfaces/share/interfaces/hook/cmake_prefix_path.ps1'
[10.205s] INFO:colcon.colcon_core.shell:Creating environment descriptor '/home/sanjuna/Desktop/FP_Robotics_and_Automation/Qbot--3D-object-mapping/install/interfaces/share/interfaces/hook/cmake_prefix_path.dsv'
[10.205s] INFO:colcon.colcon_core.shell:Creating environment hook '/home/sanjuna/Desktop/FP_Robotics_and_Automation/Qbot--3D-object-mapping/install/interfaces/share/interfaces/hook/cmake_prefix_path.sh'
[10.206s] Level 1:colcon.colcon_core.environment:checking '/home/sanjuna/Desktop/FP_Robotics_and_Automation/Qbot--3D-object-mapping/install/interfaces/lib'
[10.206s] Level 1:colcon.colcon_core.shell:create_environment_hook('interfaces', 'ld_library_path_lib')
[10.206s] INFO:colcon.colcon_core.shell:Creating environment hook '/home/sanjuna/Desktop/FP_Robotics_and_Automation/Qbot--3D-object-mapping/install/interfaces/share/interfaces/hook/ld_library_path_lib.ps1'
[10.207s] INFO:colcon.colcon_core.shell:Creating environment descriptor '/home/sanjuna/Desktop/FP_Robotics_and_Automation/Qbot--3D-object-mapping/install/interfaces/share/interfaces/hook/ld_library_path_lib.dsv'
[10.208s] INFO:colcon.colcon_core.shell:Creating environment hook '/home/sanjuna/Desktop/FP_Robotics_and_Automation/Qbot--3D-object-mapping/install/interfaces/share/interfaces/hook/ld_library_path_lib.sh'
[10.208s] Level 1:colcon.colcon_core.environment:checking '/home/sanjuna/Desktop/FP_Robotics_and_Automation/Qbot--3D-object-mapping/install/interfaces/bin'
[10.208s] Level 1:colcon.colcon_core.environment:checking '/home/sanjuna/Desktop/FP_Robotics_and_Automation/Qbot--3D-object-mapping/install/interfaces/lib/pkgconfig/interfaces.pc'
[10.209s] Level 1:colcon.colcon_core.environment:checking '/home/sanjuna/Desktop/FP_Robotics_and_Automation/Qbot--3D-object-mapping/install/interfaces/lib/python3.10/site-packages'
[10.209s] Level 1:colcon.colcon_core.environment:checking '/home/sanjuna/Desktop/FP_Robotics_and_Automation/Qbot--3D-object-mapping/install/interfaces/bin'
[10.210s] INFO:colcon.colcon_core.shell:Creating package script '/home/sanjuna/Desktop/FP_Robotics_and_Automation/Qbot--3D-object-mapping/install/interfaces/share/interfaces/package.ps1'
[10.211s] INFO:colcon.colcon_core.shell:Creating package descriptor '/home/sanjuna/Desktop/FP_Robotics_and_Automation/Qbot--3D-object-mapping/install/interfaces/share/interfaces/package.dsv'
[10.212s] INFO:colcon.colcon_core.shell:Creating package script '/home/sanjuna/Desktop/FP_Robotics_and_Automation/Qbot--3D-object-mapping/install/interfaces/share/interfaces/package.sh'
[10.213s] INFO:colcon.colcon_core.shell:Creating package script '/home/sanjuna/Desktop/FP_Robotics_and_Automation/Qbot--3D-object-mapping/install/interfaces/share/interfaces/package.bash'
[10.213s] INFO:colcon.colcon_core.shell:Creating package script '/home/sanjuna/Desktop/FP_Robotics_and_Automation/Qbot--3D-object-mapping/install/interfaces/share/interfaces/package.zsh'
[10.214s] Level 1:colcon.colcon_core.environment:create_file_with_runtime_dependencies(/home/sanjuna/Desktop/FP_Robotics_and_Automation/Qbot--3D-object-mapping/install/interfaces/share/colcon-core/packages/interfaces)
[10.215s] INFO:colcon.colcon_ros.task.ament_cmake.build:Building ROS package in '/home/sanjuna/Desktop/FP_Robotics_and_Automation/Qbot--3D-object-mapping/src/qbot_description' with build type 'ament_cmake'
[10.215s] INFO:colcon.colcon_cmake.task.cmake.build:Building CMake package in '/home/sanjuna/Desktop/FP_Robotics_and_Automation/Qbot--3D-object-mapping/src/qbot_description'
[10.216s] INFO:colcon.colcon_core.shell:Skip shell extension 'powershell' for command environment: Not usable outside of PowerShell
[10.216s] DEBUG:colcon.colcon_core.shell:Skip shell extension 'dsv' for command environment
[10.227s] DEBUG:colcon.colcon_core.event_handler.log_command:Invoking command in '/home/sanjuna/Desktop/FP_Robotics_and_Automation/Qbot--3D-object-mapping/build/qbot_description': AMENT_PREFIX_PATH=/home/sanjuna/Desktop/FP_Robotics_and_Automation/Qbot--3D-object-mapping/install/interfaces:${AMENT_PREFIX_PATH} CMAKE_PREFIX_PATH=/home/sanjuna/Desktop/FP_Robotics_and_Automation/Qbot--3D-object-mapping/install/interfaces:/opt/ros/humble LD_LIBRARY_PATH=/home/sanjuna/Desktop/FP_Robotics_and_Automation/Qbot--3D-object-mapping/install/interfaces/lib:${LD_LIBRARY_PATH} PYTHONPATH=/home/sanjuna/Desktop/FP_Robotics_and_Automation/Qbot--3D-object-mapping/install/interfaces/local/lib/python3.10/dist-packages:${PYTHONPATH} /usr/bin/cmake /home/sanjuna/Desktop/FP_Robotics_and_Automation/Qbot--3D-object-mapping/src/qbot_description -DCMAKE_INSTALL_PREFIX=/home/sanjuna/Desktop/FP_Robotics_and_Automation/Qbot--3D-object-mapping/install/qbot_description
[11.087s] DEBUG:colcon.colcon_core.event_handler.log_command:Invoked command in '/home/sanjuna/Desktop/FP_Robotics_and_Automation/Qbot--3D-object-mapping/build/qbot_description' returned '0': AMENT_PREFIX_PATH=/home/sanjuna/Desktop/FP_Robotics_and_Automation/Qbot--3D-object-mapping/install/interfaces:${AMENT_PREFIX_PATH} CMAKE_PREFIX_PATH=/home/sanjuna/Desktop/FP_Robotics_and_Automation/Qbot--3D-object-mapping/install/interfaces:/opt/ros/humble LD_LIBRARY_PATH=/home/sanjuna/Desktop/FP_Robotics_and_Automation/Qbot--3D-object-mapping/install/interfaces/lib:${LD_LIBRARY_PATH} PYTHONPATH=/home/sanjuna/Desktop/FP_Robotics_and_Automation/Qbot--3D-object-mapping/install/interfaces/local/lib/python3.10/dist-packages:${PYTHONPATH} /usr/bin/cmake /home/sanjuna/Desktop/FP_Robotics_and_Automation/Qbot--3D-object-mapping/src/qbot_description -DCMAKE_INSTALL_PREFIX=/home/sanjuna/Desktop/FP_Robotics_and_Automation/Qbot--3D-object-mapping/install/qbot_description
[11.088s] DEBUG:colcon.colcon_core.event_handler.log_command:Invoking command in '/home/sanjuna/Desktop/FP_Robotics_and_Automation/Qbot--3D-object-mapping/build/qbot_description': AMENT_PREFIX_PATH=/home/sanjuna/Desktop/FP_Robotics_and_Automation/Qbot--3D-object-mapping/install/interfaces:${AMENT_PREFIX_PATH} CMAKE_PREFIX_PATH=/home/sanjuna/Desktop/FP_Robotics_and_Automation/Qbot--3D-object-mapping/install/interfaces:/opt/ros/humble LD_LIBRARY_PATH=/home/sanjuna/Desktop/FP_Robotics_and_Automation/Qbot--3D-object-mapping/install/interfaces/lib:${LD_LIBRARY_PATH} PYTHONPATH=/home/sanjuna/Desktop/FP_Robotics_and_Automation/Qbot--3D-object-mapping/install/interfaces/local/lib/python3.10/dist-packages:${PYTHONPATH} /usr/bin/cmake --build /home/sanjuna/Desktop/FP_Robotics_and_Automation/Qbot--3D-object-mapping/build/qbot_description -- -j8 -l8
[11.129s] DEBUG:colcon.colcon_core.event_handler.log_command:Invoked command in '/home/sanjuna/Desktop/FP_Robotics_and_Automation/Qbot--3D-object-mapping/build/qbot_description' returned '0': AMENT_PREFIX_PATH=/home/sanjuna/Desktop/FP_Robotics_and_Automation/Qbot--3D-object-mapping/install/interfaces:${AMENT_PREFIX_PATH} CMAKE_PREFIX_PATH=/home/sanjuna/Desktop/FP_Robotics_and_Automation/Qbot--3D-object-mapping/install/interfaces:/opt/ros/humble LD_LIBRARY_PATH=/home/sanjuna/Desktop/FP_Robotics_and_Automation/Qbot--3D-object-mapping/install/interfaces/lib:${LD_LIBRARY_PATH} PYTHONPATH=/home/sanjuna/Desktop/FP_Robotics_and_Automation/Qbot--3D-object-mapping/install/interfaces/local/lib/python3.10/dist-packages:${PYTHONPATH} /usr/bin/cmake --build /home/sanjuna/Desktop/FP_Robotics_and_Automation/Qbot--3D-object-mapping/build/qbot_description -- -j8 -l8
[11.130s] DEBUG:colcon.colcon_core.event_handler.log_command:Invoking command in '/home/sanjuna/Desktop/FP_Robotics_and_Automation/Qbot--3D-object-mapping/build/qbot_description': AMENT_PREFIX_PATH=/home/sanjuna/Desktop/FP_Robotics_and_Automation/Qbot--3D-object-mapping/install/interfaces:${AMENT_PREFIX_PATH} CMAKE_PREFIX_PATH=/home/sanjuna/Desktop/FP_Robotics_and_Automation/Qbot--3D-object-mapping/install/interfaces:/opt/ros/humble LD_LIBRARY_PATH=/home/sanjuna/Desktop/FP_Robotics_and_Automation/Qbot--3D-object-mapping/install/interfaces/lib:${LD_LIBRARY_PATH} PYTHONPATH=/home/sanjuna/Desktop/FP_Robotics_and_Automation/Qbot--3D-object-mapping/install/interfaces/local/lib/python3.10/dist-packages:${PYTHONPATH} /usr/bin/cmake --install /home/sanjuna/Desktop/FP_Robotics_and_Automation/Qbot--3D-object-mapping/build/qbot_description
[11.146s] Level 1:colcon.colcon_core.environment:create_environment_scripts_only(qbot_description)
[11.146s] Level 1:colcon.colcon_core.environment:checking '/home/sanjuna/Desktop/FP_Robotics_and_Automation/Qbot--3D-object-mapping/install/qbot_description' for CMake module files
[11.147s] DEBUG:colcon.colcon_core.event_handler.log_command:Invoked command in '/home/sanjuna/Desktop/FP_Robotics_and_Automation/Qbot--3D-object-mapping/build/qbot_description' returned '0': AMENT_PREFIX_PATH=/home/sanjuna/Desktop/FP_Robotics_and_Automation/Qbot--3D-object-mapping/install/interfaces:${AMENT_PREFIX_PATH} CMAKE_PREFIX_PATH=/home/sanjuna/Desktop/FP_Robotics_and_Automation/Qbot--3D-object-mapping/install/interfaces:/opt/ros/humble LD_LIBRARY_PATH=/home/sanjuna/Desktop/FP_Robotics_and_Automation/Qbot--3D-object-mapping/install/interfaces/lib:${LD_LIBRARY_PATH} PYTHONPATH=/home/sanjuna/Desktop/FP_Robotics_and_Automation/Qbot--3D-object-mapping/install/interfaces/local/lib/python3.10/dist-packages:${PYTHONPATH} /usr/bin/cmake --install /home/sanjuna/Desktop/FP_Robotics_and_Automation/Qbot--3D-object-mapping/build/qbot_description
[11.148s] Level 1:colcon.colcon_core.environment:checking '/home/sanjuna/Desktop/FP_Robotics_and_Automation/Qbot--3D-object-mapping/install/qbot_description' for CMake config files
[11.148s] Level 1:colcon.colcon_core.shell:create_environment_hook('qbot_description', 'cmake_prefix_path')
[11.148s] INFO:colcon.colcon_core.shell:Creating environment hook '/home/sanjuna/Desktop/FP_Robotics_and_Automation/Qbot--3D-object-mapping/install/qbot_description/share/qbot_description/hook/cmake_prefix_path.ps1'
[11.149s] INFO:colcon.colcon_core.shell:Creating environment descriptor '/home/sanjuna/Desktop/FP_Robotics_and_Automation/Qbot--3D-object-mapping/install/qbot_description/share/qbot_description/hook/cmake_prefix_path.dsv'
[11.149s] INFO:colcon.colcon_core.shell:Creating environment hook '/home/sanjuna/Desktop/FP_Robotics_and_Automation/Qbot--3D-object-mapping/install/qbot_description/share/qbot_description/hook/cmake_prefix_path.sh'
[11.150s] Level 1:colcon.colcon_core.environment:checking '/home/sanjuna/Desktop/FP_Robotics_and_Automation/Qbot--3D-object-mapping/install/qbot_description/bin'
[11.150s] Level 1:colcon.colcon_core.environment:checking '/home/sanjuna/Desktop/FP_Robotics_and_Automation/Qbot--3D-object-mapping/install/qbot_description/lib/pkgconfig/qbot_description.pc'
[11.151s] Level 1:colcon.colcon_core.environment:checking '/home/sanjuna/Desktop/FP_Robotics_and_Automation/Qbot--3D-object-mapping/install/qbot_description/lib/python3.10/site-packages'
[11.151s] Level 1:colcon.colcon_core.environment:checking '/home/sanjuna/Desktop/FP_Robotics_and_Automation/Qbot--3D-object-mapping/install/qbot_description/bin'
[11.152s] INFO:colcon.colcon_core.shell:Creating package script '/home/sanjuna/Desktop/FP_Robotics_and_Automation/Qbot--3D-object-mapping/install/qbot_description/share/qbot_description/package.ps1'
[11.152s] INFO:colcon.colcon_core.shell:Creating package descriptor '/home/sanjuna/Desktop/FP_Robotics_and_Automation/Qbot--3D-object-mapping/install/qbot_description/share/qbot_description/package.dsv'
[11.153s] INFO:colcon.colcon_core.shell:Creating package script '/home/sanjuna/Desktop/FP_Robotics_and_Automation/Qbot--3D-object-mapping/install/qbot_description/share/qbot_description/package.sh'
[11.153s] INFO:colcon.colcon_core.shell:Creating package script '/home/sanjuna/Desktop/FP_Robotics_and_Automation/Qbot--3D-object-mapping/install/qbot_description/share/qbot_description/package.bash'
[11.154s] INFO:colcon.colcon_core.shell:Creating package script '/home/sanjuna/Desktop/FP_Robotics_and_Automation/Qbot--3D-object-mapping/install/qbot_description/share/qbot_description/package.zsh'
[11.154s] Level 1:colcon.colcon_core.environment:create_file_with_runtime_dependencies(/home/sanjuna/Desktop/FP_Robotics_and_Automation/Qbot--3D-object-mapping/install/qbot_description/share/colcon-core/packages/qbot_description)
[11.155s] Level 1:colcon.colcon_core.environment:create_environment_scripts_only(qbot_description)
[11.155s] Level 1:colcon.colcon_core.environment:checking '/home/sanjuna/Desktop/FP_Robotics_and_Automation/Qbot--3D-object-mapping/install/qbot_description' for CMake module files
[11.156s] Level 1:colcon.colcon_core.environment:checking '/home/sanjuna/Desktop/FP_Robotics_and_Automation/Qbot--3D-object-mapping/install/qbot_description' for CMake config files
[11.156s] Level 1:colcon.colcon_core.shell:create_environment_hook('qbot_description', 'cmake_prefix_path')
[11.156s] INFO:colcon.colcon_core.shell:Creating environment hook '/home/sanjuna/Desktop/FP_Robotics_and_Automation/Qbot--3D-object-mapping/install/qbot_description/share/qbot_description/hook/cmake_prefix_path.ps1'
[11.157s] INFO:colcon.colcon_core.shell:Creating environment descriptor '/home/sanjuna/Desktop/FP_Robotics_and_Automation/Qbot--3D-object-mapping/install/qbot_description/share/qbot_description/hook/cmake_prefix_path.dsv'
[11.157s] INFO:colcon.colcon_core.shell:Creating environment hook '/home/sanjuna/Desktop/FP_Robotics_and_Automation/Qbot--3D-object-mapping/install/qbot_description/share/qbot_description/hook/cmake_prefix_path.sh'
[11.158s] Level 1:colcon.colcon_core.environment:checking '/home/sanjuna/Desktop/FP_Robotics_and_Automation/Qbot--3D-object-mapping/install/qbot_description/bin'
[11.158s] Level 1:colcon.colcon_core.environment:checking '/home/sanjuna/Desktop/FP_Robotics_and_Automation/Qbot--3D-object-mapping/install/qbot_description/lib/pkgconfig/qbot_description.pc'
[11.158s] Level 1:colcon.colcon_core.environment:checking '/home/sanjuna/Desktop/FP_Robotics_and_Automation/Qbot--3D-object-mapping/install/qbot_description/lib/python3.10/site-packages'
[11.159s] Level 1:colcon.colcon_core.environment:checking '/home/sanjuna/Desktop/FP_Robotics_and_Automation/Qbot--3D-object-mapping/install/qbot_description/bin'
[11.159s] INFO:colcon.colcon_core.shell:Creating package script '/home/sanjuna/Desktop/FP_Robotics_and_Automation/Qbot--3D-object-mapping/install/qbot_description/share/qbot_description/package.ps1'
[11.160s] INFO:colcon.colcon_core.shell:Creating package descriptor '/home/sanjuna/Desktop/FP_Robotics_and_Automation/Qbot--3D-object-mapping/install/qbot_description/share/qbot_description/package.dsv'
[11.160s] INFO:colcon.colcon_core.shell:Creating package script '/home/sanjuna/Desktop/FP_Robotics_and_Automation/Qbot--3D-object-mapping/install/qbot_description/share/qbot_description/package.sh'
[11.161s] INFO:colcon.colcon_core.shell:Creating package script '/home/sanjuna/Desktop/FP_Robotics_and_Automation/Qbot--3D-object-mapping/install/qbot_description/share/qbot_description/package.bash'
[11.161s] INFO:colcon.colcon_core.shell:Creating package script '/home/sanjuna/Desktop/FP_Robotics_and_Automation/Qbot--3D-object-mapping/install/qbot_description/share/qbot_description/package.zsh'
[11.162s] Level 1:colcon.colcon_core.environment:create_file_with_runtime_dependencies(/home/sanjuna/Desktop/FP_Robotics_and_Automation/Qbot--3D-object-mapping/install/qbot_description/share/colcon-core/packages/qbot_description)
[11.162s] INFO:colcon.colcon_ros.task.ament_python.build:Building ROS package in '/home/sanjuna/Desktop/FP_Robotics_and_Automation/Qbot--3D-object-mapping/src/lab_06' with build type 'ament_python'
[11.162s] Level 1:colcon.colcon_core.shell:create_environment_hook('lab_06', 'ament_prefix_path')
[11.163s] INFO:colcon.colcon_core.shell:Creating environment hook '/home/sanjuna/Desktop/FP_Robotics_and_Automation/Qbot--3D-object-mapping/install/lab_06/share/lab_06/hook/ament_prefix_path.ps1'
[11.164s] INFO:colcon.colcon_core.shell:Creating environment descriptor '/home/sanjuna/Desktop/FP_Robotics_and_Automation/Qbot--3D-object-mapping/install/lab_06/share/lab_06/hook/ament_prefix_path.dsv'
[11.164s] INFO:colcon.colcon_core.shell:Creating environment hook '/home/sanjuna/Desktop/FP_Robotics_and_Automation/Qbot--3D-object-mapping/install/lab_06/share/lab_06/hook/ament_prefix_path.sh'
[11.165s] INFO:colcon.colcon_core.shell:Skip shell extension 'powershell' for command environment: Not usable outside of PowerShell
[11.165s] DEBUG:colcon.colcon_core.shell:Skip shell extension 'dsv' for command environment
[11.577s] INFO:colcon.colcon_core.task.python.build:Building Python package in '/home/sanjuna/Desktop/FP_Robotics_and_Automation/Qbot--3D-object-mapping/src/lab_06'
[11.577s] INFO:colcon.colcon_core.shell:Skip shell extension 'powershell' for command environment: Not usable outside of PowerShell
[11.577s] DEBUG:colcon.colcon_core.shell:Skip shell extension 'dsv' for command environment
[12.190s] DEBUG:colcon.colcon_core.event_handler.log_command:Invoking command in '/home/sanjuna/Desktop/FP_Robotics_and_Automation/Qbot--3D-object-mapping/src/lab_06': AMENT_PREFIX_PATH=/home/sanjuna/Desktop/FP_Robotics_and_Automation/Qbot--3D-object-mapping/install/qbot_description:/home/sanjuna/Desktop/FP_Robotics_and_Automation/Qbot--3D-object-mapping/install/interfaces:${AMENT_PREFIX_PATH} CMAKE_PREFIX_PATH=/home/sanjuna/Desktop/FP_Robotics_and_Automation/Qbot--3D-object-mapping/install/qbot_description:/home/sanjuna/Desktop/FP_Robotics_and_Automation/Qbot--3D-object-mapping/install/interfaces LD_LIBRARY_PATH=/home/sanjuna/Desktop/FP_Robotics_and_Automation/Qbot--3D-object-mapping/install/interfaces/lib:${LD_LIBRARY_PATH} PYTHONPATH=/home/sanjuna/Desktop/FP_Robotics_and_Automation/Qbot--3D-object-mapping/build/lab_06/prefix_override:/usr/lib/python3/dist-packages/colcon_core/task/python/colcon_distutils_commands:/home/sanjuna/Desktop/FP_Robotics_and_Automation/Qbot--3D-object-mapping/install/lab_06/lib/python3.10/site-packages:/home/sanjuna/Desktop/FP_Robotics_and_Automation/Qbot--3D-object-mapping/install/interfaces/local/lib/python3.10/dist-packages:${PYTHONPATH} /usr/bin/python3 -W ignore:setup.py install is deprecated -W ignore:easy_install command is deprecated setup.py egg_info --egg-base ../../build/lab_06 build --build-base /home/sanjuna/Desktop/FP_Robotics_and_Automation/Qbot--3D-object-mapping/build/lab_06/build install --record /home/sanjuna/Desktop/FP_Robotics_and_Automation/Qbot--3D-object-mapping/build/lab_06/install.log --single-version-externally-managed install_data
[12.683s] Level 1:colcon.colcon_core.environment:checking '/home/sanjuna/Desktop/FP_Robotics_and_Automation/Qbot--3D-object-mapping/install/lab_06' for CMake module files
[12.684s] DEBUG:colcon.colcon_core.event_handler.log_command:Invoked command in '/home/sanjuna/Desktop/FP_Robotics_and_Automation/Qbot--3D-object-mapping/src/lab_06' returned '0': AMENT_PREFIX_PATH=/home/sanjuna/Desktop/FP_Robotics_and_Automation/Qbot--3D-object-mapping/install/qbot_description:/home/sanjuna/Desktop/FP_Robotics_and_Automation/Qbot--3D-object-mapping/install/interfaces:${AMENT_PREFIX_PATH} CMAKE_PREFIX_PATH=/home/sanjuna/Desktop/FP_Robotics_and_Automation/Qbot--3D-object-mapping/install/qbot_description:/home/sanjuna/Desktop/FP_Robotics_and_Automation/Qbot--3D-object-mapping/install/interfaces LD_LIBRARY_PATH=/home/sanjuna/Desktop/FP_Robotics_and_Automation/Qbot--3D-object-mapping/install/interfaces/lib:${LD_LIBRARY_PATH} PYTHONPATH=/home/sanjuna/Desktop/FP_Robotics_and_Automation/Qbot--3D-object-mapping/build/lab_06/prefix_override:/usr/lib/python3/dist-packages/colcon_core/task/python/colcon_distutils_commands:/home/sanjuna/Desktop/FP_Robotics_and_Automation/Qbot--3D-object-mapping/install/lab_06/lib/python3.10/site-packages:/home/sanjuna/Desktop/FP_Robotics_and_Automation/Qbot--3D-object-mapping/install/interfaces/local/lib/python3.10/dist-packages:${PYTHONPATH} /usr/bin/python3 -W ignore:setup.py install is deprecated -W ignore:easy_install command is deprecated setup.py egg_info --egg-base ../../build/lab_06 build --build-base /home/sanjuna/Desktop/FP_Robotics_and_Automation/Qbot--3D-object-mapping/build/lab_06/build install --record /home/sanjuna/Desktop/FP_Robotics_and_Automation/Qbot--3D-object-mapping/build/lab_06/install.log --single-version-externally-managed install_data
[12.684s] Level 1:colcon.colcon_core.environment:checking '/home/sanjuna/Desktop/FP_Robotics_and_Automation/Qbot--3D-object-mapping/install/lab_06' for CMake config files
[12.685s] Level 1:colcon.colcon_core.environment:checking '/home/sanjuna/Desktop/FP_Robotics_and_Automation/Qbot--3D-object-mapping/install/lab_06/lib'
[12.685s] Level 1:colcon.colcon_core.environment:checking '/home/sanjuna/Desktop/FP_Robotics_and_Automation/Qbot--3D-object-mapping/install/lab_06/bin'
[12.685s] Level 1:colcon.colcon_core.environment:checking '/home/sanjuna/Desktop/FP_Robotics_and_Automation/Qbot--3D-object-mapping/install/lab_06/lib/pkgconfig/lab_06.pc'
[12.685s] Level 1:colcon.colcon_core.environment:checking '/home/sanjuna/Desktop/FP_Robotics_and_Automation/Qbot--3D-object-mapping/install/lab_06/lib/python3.10/site-packages'
[12.685s] Level 1:colcon.colcon_core.shell:create_environment_hook('lab_06', 'pythonpath')
[12.685s] INFO:colcon.colcon_core.shell:Creating environment hook '/home/sanjuna/Desktop/FP_Robotics_and_Automation/Qbot--3D-object-mapping/install/lab_06/share/lab_06/hook/pythonpath.ps1'
[12.686s] INFO:colcon.colcon_core.shell:Creating environment descriptor '/home/sanjuna/Desktop/FP_Robotics_and_Automation/Qbot--3D-object-mapping/install/lab_06/share/lab_06/hook/pythonpath.dsv'
[12.686s] INFO:colcon.colcon_core.shell:Creating environment hook '/home/sanjuna/Desktop/FP_Robotics_and_Automation/Qbot--3D-object-mapping/install/lab_06/share/lab_06/hook/pythonpath.sh'
[12.688s] Level 1:colcon.colcon_core.environment:checking '/home/sanjuna/Desktop/FP_Robotics_and_Automation/Qbot--3D-object-mapping/install/lab_06/bin'
[12.688s] Level 1:colcon.colcon_core.environment:create_environment_scripts_only(lab_06)
[12.689s] INFO:colcon.colcon_core.shell:Creating package script '/home/sanjuna/Desktop/FP_Robotics_and_Automation/Qbot--3D-object-mapping/install/lab_06/share/lab_06/package.ps1'
[12.689s] INFO:colcon.colcon_core.shell:Creating package descriptor '/home/sanjuna/Desktop/FP_Robotics_and_Automation/Qbot--3D-object-mapping/install/lab_06/share/lab_06/package.dsv'
[12.690s] INFO:colcon.colcon_core.shell:Creating package script '/home/sanjuna/Desktop/FP_Robotics_and_Automation/Qbot--3D-object-mapping/install/lab_06/share/lab_06/package.sh'
[12.690s] INFO:colcon.colcon_core.shell:Creating package script '/home/sanjuna/Desktop/FP_Robotics_and_Automation/Qbot--3D-object-mapping/install/lab_06/share/lab_06/package.bash'
[12.691s] INFO:colcon.colcon_core.shell:Creating package script '/home/sanjuna/Desktop/FP_Robotics_and_Automation/Qbot--3D-object-mapping/install/lab_06/share/lab_06/package.zsh'
[12.691s] Level 1:colcon.colcon_core.environment:create_file_with_runtime_dependencies(/home/sanjuna/Desktop/FP_Robotics_and_Automation/Qbot--3D-object-mapping/install/lab_06/share/colcon-core/packages/lab_06)
[12.692s] DEBUG:colcon.colcon_parallel_executor.executor.parallel:closing loop
[12.692s] DEBUG:colcon.colcon_parallel_executor.executor.parallel:loop closed
[12.692s] DEBUG:colcon.colcon_parallel_executor.executor.parallel:run_until_complete finished with '0'
[12.692s] DEBUG:colcon.colcon_core.event_reactor:joining thread
[12.700s] INFO:colcon.colcon_core.plugin_system:Skipping extension 'colcon_notification.desktop_notification.terminal_notifier': Not used on non-Darwin systems
[12.700s] INFO:colcon.colcon_core.plugin_system:Skipping extension 'colcon_notification.desktop_notification.win32': Not used on non-Windows systems
[12.700s] INFO:colcon.colcon_notification.desktop_notification:Sending desktop notification using 'notify2'
[12.718s] DEBUG:colcon.colcon_core.event_reactor:joined thread
[12.719s] INFO:colcon.colcon_core.shell:Creating prefix script '/home/sanjuna/Desktop/FP_Robotics_and_Automation/Qbot--3D-object-mapping/install/local_setup.ps1'
[12.721s] INFO:colcon.colcon_core.shell:Creating prefix util module '/home/sanjuna/Desktop/FP_Robotics_and_Automation/Qbot--3D-object-mapping/install/_local_setup_util_ps1.py'
[12.725s] INFO:colcon.colcon_core.shell:Creating prefix chain script '/home/sanjuna/Desktop/FP_Robotics_and_Automation/Qbot--3D-object-mapping/install/setup.ps1'
[12.726s] INFO:colcon.colcon_core.shell:Creating prefix script '/home/sanjuna/Desktop/FP_Robotics_and_Automation/Qbot--3D-object-mapping/install/local_setup.sh'
[12.727s] INFO:colcon.colcon_core.shell:Creating prefix util module '/home/sanjuna/Desktop/FP_Robotics_and_Automation/Qbot--3D-object-mapping/install/_local_setup_util_sh.py'
[12.728s] INFO:colcon.colcon_core.shell:Creating prefix chain script '/home/sanjuna/Desktop/FP_Robotics_and_Automation/Qbot--3D-object-mapping/install/setup.sh'
[12.729s] INFO:colcon.colcon_core.shell:Creating prefix script '/home/sanjuna/Desktop/FP_Robotics_and_Automation/Qbot--3D-object-mapping/install/local_setup.bash'
[12.730s] INFO:colcon.colcon_core.shell:Creating prefix chain script '/home/sanjuna/Desktop/FP_Robotics_and_Automation/Qbot--3D-object-mapping/install/setup.bash'
[12.732s] INFO:colcon.colcon_core.shell:Creating prefix script '/home/sanjuna/Desktop/FP_Robotics_and_Automation/Qbot--3D-object-mapping/install/local_setup.zsh'
[12.732s] INFO:colcon.colcon_core.shell:Creating prefix chain script '/home/sanjuna/Desktop/FP_Robotics_and_Automation/Qbot--3D-object-mapping/install/setup.zsh'
