[0.318s] DEBUG:colcon:Command line arguments: ['/usr/bin/colcon', 'build']
[0.318s] DEBUG:colcon:Parsed command line arguments: Namespace(log_base=None, log_level=None, verb_name='build', build_base='build', install_base='install', merge_install=False, symlink_install=False, test_result_base=None, continue_on_error=False, executor='parallel', parallel_workers=8, event_handlers=None, ignore_user_meta=False, metas=['./colcon.meta'], base_paths=['.'], packages_ignore=None, packages_ignore_regex=None, paths=None, packages_up_to=None, packages_up_to_regex=None, packages_above=None, packages_above_and_dependencies=None, packages_above_depth=None, packages_select_by_dep=None, packages_skip_by_dep=None, packages_skip_up_to=None, packages_select_build_failed=False, packages_skip_build_finished=False, packages_select_test_failures=False, packages_skip_test_passed=False, packages_select=None, packages_skip=None, packages_select_regex=None, packages_skip_regex=None, packages_start=None, packages_end=None, allow_overriding=[], cmake_args=None, cmake_target=None, cmake_target_skip_unavailable=False, cmake_clean_cache=False, cmake_clean_first=False, cmake_force_configure=False, ament_cmake_args=None, catkin_cmake_args=None, catkin_skip_building_tests=False, verb_parser=<colcon_defaults.argument_parser.defaults.DefaultArgumentsDecorator object at 0x733f23861510>, verb_extension=<colcon_core.verb.build.BuildVerb object at 0x733f2395aa40>, main=<bound method BuildVerb.main of <colcon_core.verb.build.BuildVerb object at 0x733f2395aa40>>)
[0.769s] Level 1:colcon.colcon_core.package_discovery:discover_packages(colcon_meta) check parameters
[0.770s] Level 1:colcon.colcon_core.package_discovery:discover_packages(recursive) check parameters
[0.770s] Level 1:colcon.colcon_core.package_discovery:discover_packages(ignore) check parameters
[0.770s] Level 1:colcon.colcon_core.package_discovery:discover_packages(path) check parameters
[0.770s] Level 1:colcon.colcon_core.package_discovery:discover_packages(colcon_meta) discover
[0.770s] Level 1:colcon.colcon_core.package_discovery:discover_packages(recursive) discover
[0.770s] INFO:colcon.colcon_core.package_discovery:Crawling recursively for packages in '/home/sanjuna/Desktop/FP_Robotics_and_Automation/Qbot--3D-object-mapping'
[0.770s] Level 1:colcon.colcon_core.package_identification:_identify(.) by extensions ['ignore', 'ignore_ament_install']
[0.770s] Level 1:colcon.colcon_core.package_identification:_identify(.) by extension 'ignore'
[0.770s] Level 1:colcon.colcon_core.package_identification:_identify(.) by extension 'ignore_ament_install'
[0.770s] Level 1:colcon.colcon_core.package_identification:_identify(.) by extensions ['colcon_pkg']
[0.770s] Level 1:colcon.colcon_core.package_identification:_identify(.) by extension 'colcon_pkg'
[0.770s] Level 1:colcon.colcon_core.package_identification:_identify(.) by extensions ['colcon_meta']
[0.770s] Level 1:colcon.colcon_core.package_identification:_identify(.) by extension 'colcon_meta'
[0.770s] Level 1:colcon.colcon_core.package_identification:_identify(.) by extensions ['ros']
[0.770s] Level 1:colcon.colcon_core.package_identification:_identify(.) by extension 'ros'
[0.785s] Level 1:colcon.colcon_core.package_identification:_identify(.) by extensions ['cmake', 'python']
[0.785s] Level 1:colcon.colcon_core.package_identification:_identify(.) by extension 'cmake'
[0.786s] Level 1:colcon.colcon_core.package_identification:_identify(.) by extension 'python'
[0.786s] Level 1:colcon.colcon_core.package_identification:_identify(.) by extensions ['python_setup_py']
[0.786s] Level 1:colcon.colcon_core.package_identification:_identify(.) by extension 'python_setup_py'
[0.786s] Level 1:colcon.colcon_core.package_identification:_identify(build) by extensions ['ignore', 'ignore_ament_install']
[0.786s] Level 1:colcon.colcon_core.package_identification:_identify(build) by extension 'ignore'
[0.786s] Level 1:colcon.colcon_core.package_identification:_identify(build) ignored
[0.786s] Level 1:colcon.colcon_core.package_identification:_identify(install) by extensions ['ignore', 'ignore_ament_install']
[0.786s] Level 1:colcon.colcon_core.package_identification:_identify(install) by extension 'ignore'
[0.786s] Level 1:colcon.colcon_core.package_identification:_identify(install) ignored
[0.786s] Level 1:colcon.colcon_core.package_identification:_identify(log) by extensions ['ignore', 'ignore_ament_install']
[0.786s] Level 1:colcon.colcon_core.package_identification:_identify(log) by extension 'ignore'
[0.786s] Level 1:colcon.colcon_core.package_identification:_identify(log) ignored
[0.786s] Level 1:colcon.colcon_core.package_identification:_identify(src) by extensions ['ignore', 'ignore_ament_install']
[0.787s] Level 1:colcon.colcon_core.package_identification:_identify(src) by extension 'ignore'
[0.787s] Level 1:colcon.colcon_core.package_identification:_identify(src) by extension 'ignore_ament_install'
[0.787s] Level 1:colcon.colcon_core.package_identification:_identify(src) by extensions ['colcon_pkg']
[0.787s] Level 1:colcon.colcon_core.package_identification:_identify(src) by extension 'colcon_pkg'
[0.787s] Level 1:colcon.colcon_core.package_identification:_identify(src) by extensions ['colcon_meta']
[0.787s] Level 1:colcon.colcon_core.package_identification:_identify(src) by extension 'colcon_meta'
[0.787s] Level 1:colcon.colcon_core.package_identification:_identify(src) by extensions ['ros']
[0.787s] Level 1:colcon.colcon_core.package_identification:_identify(src) by extension 'ros'
[0.787s] Level 1:colcon.colcon_core.package_identification:_identify(src) by extensions ['cmake', 'python']
[0.787s] Level 1:colcon.colcon_core.package_identification:_identify(src) by extension 'cmake'
[0.787s] Level 1:colcon.colcon_core.package_identification:_identify(src) by extension 'python'
[0.787s] Level 1:colcon.colcon_core.package_identification:_identify(src) by extensions ['python_setup_py']
[0.787s] Level 1:colcon.colcon_core.package_identification:_identify(src) by extension 'python_setup_py'
[0.787s] Level 1:colcon.colcon_core.package_identification:_identify(src/interfaces) by extensions ['ignore', 'ignore_ament_install']
[0.787s] Level 1:colcon.colcon_core.package_identification:_identify(src/interfaces) by extension 'ignore'
[0.787s] Level 1:colcon.colcon_core.package_identification:_identify(src/interfaces) by extension 'ignore_ament_install'
[0.787s] Level 1:colcon.colcon_core.package_identification:_identify(src/interfaces) by extensions ['colcon_pkg']
[0.788s] Level 1:colcon.colcon_core.package_identification:_identify(src/interfaces) by extension 'colcon_pkg'
[0.788s] Level 1:colcon.colcon_core.package_identification:_identify(src/interfaces) by extensions ['colcon_meta']
[0.788s] Level 1:colcon.colcon_core.package_identification:_identify(src/interfaces) by extension 'colcon_meta'
[0.788s] Level 1:colcon.colcon_core.package_identification:_identify(src/interfaces) by extensions ['ros']
[0.788s] Level 1:colcon.colcon_core.package_identification:_identify(src/interfaces) by extension 'ros'
[0.791s] DEBUG:colcon.colcon_core.package_identification:Package 'src/interfaces' with type 'ros.ament_cmake' and name 'interfaces'
[0.792s] Level 1:colcon.colcon_core.package_identification:_identify(src/project) by extensions ['ignore', 'ignore_ament_install']
[0.792s] Level 1:colcon.colcon_core.package_identification:_identify(src/project) by extension 'ignore'
[0.792s] Level 1:colcon.colcon_core.package_identification:_identify(src/project) by extension 'ignore_ament_install'
[0.792s] Level 1:colcon.colcon_core.package_identification:_identify(src/project) by extensions ['colcon_pkg']
[0.792s] Level 1:colcon.colcon_core.package_identification:_identify(src/project) by extension 'colcon_pkg'
[0.792s] Level 1:colcon.colcon_core.package_identification:_identify(src/project) by extensions ['colcon_meta']
[0.792s] Level 1:colcon.colcon_core.package_identification:_identify(src/project) by extension 'colcon_meta'
[0.792s] Level 1:colcon.colcon_core.package_identification:_identify(src/project) by extensions ['ros']
[0.792s] Level 1:colcon.colcon_core.package_identification:_identify(src/project) by extension 'ros'
[0.793s] DEBUG:colcon.colcon_core.package_identification:Package 'src/project' with type 'ros.ament_python' and name 'project'
[0.793s] Level 1:colcon.colcon_core.package_identification:_identify(src/qbot_description) by extensions ['ignore', 'ignore_ament_install']
[0.793s] Level 1:colcon.colcon_core.package_identification:_identify(src/qbot_description) by extension 'ignore'
[0.793s] Level 1:colcon.colcon_core.package_identification:_identify(src/qbot_description) by extension 'ignore_ament_install'
[0.793s] Level 1:colcon.colcon_core.package_identification:_identify(src/qbot_description) by extensions ['colcon_pkg']
[0.794s] Level 1:colcon.colcon_core.package_identification:_identify(src/qbot_description) by extension 'colcon_pkg'
[0.794s] Level 1:colcon.colcon_core.package_identification:_identify(src/qbot_description) by extensions ['colcon_meta']
[0.794s] Level 1:colcon.colcon_core.package_identification:_identify(src/qbot_description) by extension 'colcon_meta'
[0.794s] Level 1:colcon.colcon_core.package_identification:_identify(src/qbot_description) by extensions ['ros']
[0.794s] Level 1:colcon.colcon_core.package_identification:_identify(src/qbot_description) by extension 'ros'
[0.796s] DEBUG:colcon.colcon_core.package_identification:Package 'src/qbot_description' with type 'ros.ament_cmake' and name 'qbot_description'
[0.796s] Level 1:colcon.colcon_core.package_discovery:discover_packages(recursive) using defaults
[0.796s] Level 1:colcon.colcon_core.package_discovery:discover_packages(ignore) discover
[0.796s] Level 1:colcon.colcon_core.package_discovery:discover_packages(ignore) using defaults
[0.796s] Level 1:colcon.colcon_core.package_discovery:discover_packages(path) discover
[0.796s] Level 1:colcon.colcon_core.package_discovery:discover_packages(path) using defaults
[0.844s] Level 1:colcon.colcon_core.package_discovery:discover_packages(prefix_path) check parameters
[0.844s] Level 1:colcon.colcon_core.package_discovery:discover_packages(prefix_path) discover
[0.849s] DEBUG:colcon.colcon_installed_package_information.package_discovery:Found 418 installed packages in /opt/ros/humble
[0.851s] Level 1:colcon.colcon_core.package_discovery:discover_packages(prefix_path) using defaults
[0.909s] Level 5:colcon.colcon_core.verb:set package 'interfaces' build argument 'cmake_args' from command line to 'None'
[0.909s] Level 5:colcon.colcon_core.verb:set package 'interfaces' build argument 'cmake_target' from command line to 'None'
[0.909s] Level 5:colcon.colcon_core.verb:set package 'interfaces' build argument 'cmake_target_skip_unavailable' from command line to 'False'
[0.909s] Level 5:colcon.colcon_core.verb:set package 'interfaces' build argument 'cmake_clean_cache' from command line to 'False'
[0.909s] Level 5:colcon.colcon_core.verb:set package 'interfaces' build argument 'cmake_clean_first' from command line to 'False'
[0.909s] Level 5:colcon.colcon_core.verb:set package 'interfaces' build argument 'cmake_force_configure' from command line to 'False'
[0.909s] Level 5:colcon.colcon_core.verb:set package 'interfaces' build argument 'ament_cmake_args' from command line to 'None'
[0.909s] Level 5:colcon.colcon_core.verb:set package 'interfaces' build argument 'catkin_cmake_args' from command line to 'None'
[0.909s] Level 5:colcon.colcon_core.verb:set package 'interfaces' build argument 'catkin_skip_building_tests' from command line to 'False'
[0.909s] DEBUG:colcon.colcon_core.verb:Building package 'interfaces' with the following arguments: {'ament_cmake_args': None, 'build_base': '/home/sanjuna/Desktop/FP_Robotics_and_Automation/Qbot--3D-object-mapping/build/interfaces', 'catkin_cmake_args': None, 'catkin_skip_building_tests': False, 'cmake_args': None, 'cmake_clean_cache': False, 'cmake_clean_first': False, 'cmake_force_configure': False, 'cmake_target': None, 'cmake_target_skip_unavailable': False, 'install_base': '/home/sanjuna/Desktop/FP_Robotics_and_Automation/Qbot--3D-object-mapping/install/interfaces', 'merge_install': False, 'path': '/home/sanjuna/Desktop/FP_Robotics_and_Automation/Qbot--3D-object-mapping/src/interfaces', 'symlink_install': False, 'test_result_base': None}
[0.909s] Level 5:colcon.colcon_core.verb:set package 'qbot_description' build argument 'cmake_args' from command line to 'None'
[0.909s] Level 5:colcon.colcon_core.verb:set package 'qbot_description' build argument 'cmake_target' from command line to 'None'
[0.909s] Level 5:colcon.colcon_core.verb:set package 'qbot_description' build argument 'cmake_target_skip_unavailable' from command line to 'False'
[0.909s] Level 5:colcon.colcon_core.verb:set package 'qbot_description' build argument 'cmake_clean_cache' from command line to 'False'
[0.910s] Level 5:colcon.colcon_core.verb:set package 'qbot_description' build argument 'cmake_clean_first' from command line to 'False'
[0.910s] Level 5:colcon.colcon_core.verb:set package 'qbot_description' build argument 'cmake_force_configure' from command line to 'False'
[0.910s] Level 5:colcon.colcon_core.verb:set package 'qbot_description' build argument 'ament_cmake_args' from command line to 'None'
[0.910s] Level 5:colcon.colcon_core.verb:set package 'qbot_description' build argument 'catkin_cmake_args' from command line to 'None'
[0.910s] Level 5:colcon.colcon_core.verb:set package 'qbot_description' build argument 'catkin_skip_building_tests' from command line to 'False'
[0.910s] DEBUG:colcon.colcon_core.verb:Building package 'qbot_description' with the following arguments: {'ament_cmake_args': None, 'build_base': '/home/sanjuna/Desktop/FP_Robotics_and_Automation/Qbot--3D-object-mapping/build/qbot_description', 'catkin_cmake_args': None, 'catkin_skip_building_tests': False, 'cmake_args': None, 'cmake_clean_cache': False, 'cmake_clean_first': False, 'cmake_force_configure': False, 'cmake_target': None, 'cmake_target_skip_unavailable': False, 'install_base': '/home/sanjuna/Desktop/FP_Robotics_and_Automation/Qbot--3D-object-mapping/install/qbot_description', 'merge_install': False, 'path': '/home/sanjuna/Desktop/FP_Robotics_and_Automation/Qbot--3D-object-mapping/src/qbot_description', 'symlink_install': False, 'test_result_base': None}
[0.910s] Level 5:colcon.colcon_core.verb:set package 'project' build argument 'cmake_args' from command line to 'None'
[0.910s] Level 5:colcon.colcon_core.verb:set package 'project' build argument 'cmake_target' from command line to 'None'
[0.910s] Level 5:colcon.colcon_core.verb:set package 'project' build argument 'cmake_target_skip_unavailable' from command line to 'False'
[0.910s] Level 5:colcon.colcon_core.verb:set package 'project' build argument 'cmake_clean_cache' from command line to 'False'
[0.910s] Level 5:colcon.colcon_core.verb:set package 'project' build argument 'cmake_clean_first' from command line to 'False'
[0.910s] Level 5:colcon.colcon_core.verb:set package 'project' build argument 'cmake_force_configure' from command line to 'False'
[0.910s] Level 5:colcon.colcon_core.verb:set package 'project' build argument 'ament_cmake_args' from command line to 'None'
[0.910s] Level 5:colcon.colcon_core.verb:set package 'project' build argument 'catkin_cmake_args' from command line to 'None'
[0.910s] Level 5:colcon.colcon_core.verb:set package 'project' build argument 'catkin_skip_building_tests' from command line to 'False'
[0.910s] DEBUG:colcon.colcon_core.verb:Building package 'project' with the following arguments: {'ament_cmake_args': None, 'build_base': '/home/sanjuna/Desktop/FP_Robotics_and_Automation/Qbot--3D-object-mapping/build/project', 'catkin_cmake_args': None, 'catkin_skip_building_tests': False, 'cmake_args': None, 'cmake_clean_cache': False, 'cmake_clean_first': False, 'cmake_force_configure': False, 'cmake_target': None, 'cmake_target_skip_unavailable': False, 'install_base': '/home/sanjuna/Desktop/FP_Robotics_and_Automation/Qbot--3D-object-mapping/install/project', 'merge_install': False, 'path': '/home/sanjuna/Desktop/FP_Robotics_and_Automation/Qbot--3D-object-mapping/src/project', 'symlink_install': False, 'test_result_base': None}
[0.910s] INFO:colcon.colcon_core.executor:Executing jobs using 'parallel' executor
[0.911s] DEBUG:colcon.colcon_parallel_executor.executor.parallel:run_until_complete
[0.912s] INFO:colcon.colcon_ros.task.ament_cmake.build:Building ROS package in '/home/sanjuna/Desktop/FP_Robotics_and_Automation/Qbot--3D-object-mapping/src/interfaces' with build type 'ament_cmake'
[0.912s] INFO:colcon.colcon_cmake.task.cmake.build:Building CMake package in '/home/sanjuna/Desktop/FP_Robotics_and_Automation/Qbot--3D-object-mapping/src/interfaces'
[0.916s] INFO:colcon.colcon_core.plugin_system:Skipping extension 'colcon_core.shell.bat': Not used on non-Windows systems
[0.916s] INFO:colcon.colcon_core.shell:Skip shell extension 'powershell' for command environment: Not usable outside of PowerShell
[0.916s] DEBUG:colcon.colcon_core.shell:Skip shell extension 'dsv' for command environment
[0.924s] DEBUG:colcon.colcon_core.event_handler.log_command:Invoking command in '/home/sanjuna/Desktop/FP_Robotics_and_Automation/Qbot--3D-object-mapping/build/interfaces': CMAKE_PREFIX_PATH=/opt/ros/humble /usr/bin/cmake --build /home/sanjuna/Desktop/FP_Robotics_and_Automation/Qbot--3D-object-mapping/build/interfaces -- -j8 -l8
[1.373s] DEBUG:colcon.colcon_core.event_handler.log_command:Invoked command in '/home/sanjuna/Desktop/FP_Robotics_and_Automation/Qbot--3D-object-mapping/build/interfaces' returned '0': CMAKE_PREFIX_PATH=/opt/ros/humble /usr/bin/cmake --build /home/sanjuna/Desktop/FP_Robotics_and_Automation/Qbot--3D-object-mapping/build/interfaces -- -j8 -l8
[1.383s] DEBUG:colcon.colcon_core.event_handler.log_command:Invoking command in '/home/sanjuna/Desktop/FP_Robotics_and_Automation/Qbot--3D-object-mapping/build/interfaces': CMAKE_PREFIX_PATH=/opt/ros/humble /usr/bin/cmake --install /home/sanjuna/Desktop/FP_Robotics_and_Automation/Qbot--3D-object-mapping/build/interfaces
[1.442s] Level 1:colcon.colcon_core.environment:create_environment_scripts_only(interfaces)
[1.443s] DEBUG:colcon.colcon_core.event_handler.log_command:Invoked command in '/home/sanjuna/Desktop/FP_Robotics_and_Automation/Qbot--3D-object-mapping/build/interfaces' returned '0': CMAKE_PREFIX_PATH=/opt/ros/humble /usr/bin/cmake --install /home/sanjuna/Desktop/FP_Robotics_and_Automation/Qbot--3D-object-mapping/build/interfaces
[1.447s] Level 1:colcon.colcon_core.environment:checking '/home/sanjuna/Desktop/FP_Robotics_and_Automation/Qbot--3D-object-mapping/install/interfaces' for CMake module files
[1.448s] Level 1:colcon.colcon_core.environment:checking '/home/sanjuna/Desktop/FP_Robotics_and_Automation/Qbot--3D-object-mapping/install/interfaces' for CMake config files
[1.449s] Level 1:colcon.colcon_core.shell:create_environment_hook('interfaces', 'cmake_prefix_path')
[1.449s] INFO:colcon.colcon_core.shell:Creating environment hook '/home/sanjuna/Desktop/FP_Robotics_and_Automation/Qbot--3D-object-mapping/install/interfaces/share/interfaces/hook/cmake_prefix_path.ps1'
[1.450s] INFO:colcon.colcon_core.shell:Creating environment descriptor '/home/sanjuna/Desktop/FP_Robotics_and_Automation/Qbot--3D-object-mapping/install/interfaces/share/interfaces/hook/cmake_prefix_path.dsv'
[1.450s] INFO:colcon.colcon_core.shell:Creating environment hook '/home/sanjuna/Desktop/FP_Robotics_and_Automation/Qbot--3D-object-mapping/install/interfaces/share/interfaces/hook/cmake_prefix_path.sh'
[1.451s] Level 1:colcon.colcon_core.environment:checking '/home/sanjuna/Desktop/FP_Robotics_and_Automation/Qbot--3D-object-mapping/install/interfaces/lib'
[1.451s] Level 1:colcon.colcon_core.shell:create_environment_hook('interfaces', 'ld_library_path_lib')
[1.452s] INFO:colcon.colcon_core.shell:Creating environment hook '/home/sanjuna/Desktop/FP_Robotics_and_Automation/Qbot--3D-object-mapping/install/interfaces/share/interfaces/hook/ld_library_path_lib.ps1'
[1.452s] INFO:colcon.colcon_core.shell:Creating environment descriptor '/home/sanjuna/Desktop/FP_Robotics_and_Automation/Qbot--3D-object-mapping/install/interfaces/share/interfaces/hook/ld_library_path_lib.dsv'
[1.452s] INFO:colcon.colcon_core.shell:Creating environment hook '/home/sanjuna/Desktop/FP_Robotics_and_Automation/Qbot--3D-object-mapping/install/interfaces/share/interfaces/hook/ld_library_path_lib.sh'
[1.453s] Level 1:colcon.colcon_core.environment:checking '/home/sanjuna/Desktop/FP_Robotics_and_Automation/Qbot--3D-object-mapping/install/interfaces/bin'
[1.453s] Level 1:colcon.colcon_core.environment:checking '/home/sanjuna/Desktop/FP_Robotics_and_Automation/Qbot--3D-object-mapping/install/interfaces/lib/pkgconfig/interfaces.pc'
[1.453s] Level 1:colcon.colcon_core.environment:checking '/home/sanjuna/Desktop/FP_Robotics_and_Automation/Qbot--3D-object-mapping/install/interfaces/lib/python3.10/site-packages'
[1.453s] Level 1:colcon.colcon_core.environment:checking '/home/sanjuna/Desktop/FP_Robotics_and_Automation/Qbot--3D-object-mapping/install/interfaces/bin'
[1.454s] INFO:colcon.colcon_core.shell:Creating package script '/home/sanjuna/Desktop/FP_Robotics_and_Automation/Qbot--3D-object-mapping/install/interfaces/share/interfaces/package.ps1'
[1.455s] INFO:colcon.colcon_core.shell:Creating package descriptor '/home/sanjuna/Desktop/FP_Robotics_and_Automation/Qbot--3D-object-mapping/install/interfaces/share/interfaces/package.dsv'
[1.456s] INFO:colcon.colcon_core.shell:Creating package script '/home/sanjuna/Desktop/FP_Robotics_and_Automation/Qbot--3D-object-mapping/install/interfaces/share/interfaces/package.sh'
[1.457s] INFO:colcon.colcon_core.shell:Creating package script '/home/sanjuna/Desktop/FP_Robotics_and_Automation/Qbot--3D-object-mapping/install/interfaces/share/interfaces/package.bash'
[1.458s] INFO:colcon.colcon_core.shell:Creating package script '/home/sanjuna/Desktop/FP_Robotics_and_Automation/Qbot--3D-object-mapping/install/interfaces/share/interfaces/package.zsh'
[1.459s] Level 1:colcon.colcon_core.environment:create_file_with_runtime_dependencies(/home/sanjuna/Desktop/FP_Robotics_and_Automation/Qbot--3D-object-mapping/install/interfaces/share/colcon-core/packages/interfaces)
[1.460s] Level 1:colcon.colcon_core.environment:create_environment_scripts_only(interfaces)
[1.460s] Level 1:colcon.colcon_core.environment:checking '/home/sanjuna/Desktop/FP_Robotics_and_Automation/Qbot--3D-object-mapping/install/interfaces' for CMake module files
[1.460s] Level 1:colcon.colcon_core.environment:checking '/home/sanjuna/Desktop/FP_Robotics_and_Automation/Qbot--3D-object-mapping/install/interfaces' for CMake config files
[1.461s] Level 1:colcon.colcon_core.shell:create_environment_hook('interfaces', 'cmake_prefix_path')
[1.461s] INFO:colcon.colcon_core.shell:Creating environment hook '/home/sanjuna/Desktop/FP_Robotics_and_Automation/Qbot--3D-object-mapping/install/interfaces/share/interfaces/hook/cmake_prefix_path.ps1'
[1.462s] INFO:colcon.colcon_core.shell:Creating environment descriptor '/home/sanjuna/Desktop/FP_Robotics_and_Automation/Qbot--3D-object-mapping/install/interfaces/share/interfaces/hook/cmake_prefix_path.dsv'
[1.462s] INFO:colcon.colcon_core.shell:Creating environment hook '/home/sanjuna/Desktop/FP_Robotics_and_Automation/Qbot--3D-object-mapping/install/interfaces/share/interfaces/hook/cmake_prefix_path.sh'
[1.463s] Level 1:colcon.colcon_core.environment:checking '/home/sanjuna/Desktop/FP_Robotics_and_Automation/Qbot--3D-object-mapping/install/interfaces/lib'
[1.463s] Level 1:colcon.colcon_core.shell:create_environment_hook('interfaces', 'ld_library_path_lib')
[1.463s] INFO:colcon.colcon_core.shell:Creating environment hook '/home/sanjuna/Desktop/FP_Robotics_and_Automation/Qbot--3D-object-mapping/install/interfaces/share/interfaces/hook/ld_library_path_lib.ps1'
[1.464s] INFO:colcon.colcon_core.shell:Creating environment descriptor '/home/sanjuna/Desktop/FP_Robotics_and_Automation/Qbot--3D-object-mapping/install/interfaces/share/interfaces/hook/ld_library_path_lib.dsv'
[1.464s] INFO:colcon.colcon_core.shell:Creating environment hook '/home/sanjuna/Desktop/FP_Robotics_and_Automation/Qbot--3D-object-mapping/install/interfaces/share/interfaces/hook/ld_library_path_lib.sh'
[1.464s] Level 1:colcon.colcon_core.environment:checking '/home/sanjuna/Desktop/FP_Robotics_and_Automation/Qbot--3D-object-mapping/install/interfaces/bin'
[1.464s] Level 1:colcon.colcon_core.environment:checking '/home/sanjuna/Desktop/FP_Robotics_and_Automation/Qbot--3D-object-mapping/install/interfaces/lib/pkgconfig/interfaces.pc'
[1.465s] Level 1:colcon.colcon_core.environment:checking '/home/sanjuna/Desktop/FP_Robotics_and_Automation/Qbot--3D-object-mapping/install/interfaces/lib/python3.10/site-packages'
[1.465s] Level 1:colcon.colcon_core.environment:checking '/home/sanjuna/Desktop/FP_Robotics_and_Automation/Qbot--3D-object-mapping/install/interfaces/bin'
[1.465s] INFO:colcon.colcon_core.shell:Creating package script '/home/sanjuna/Desktop/FP_Robotics_and_Automation/Qbot--3D-object-mapping/install/interfaces/share/interfaces/package.ps1'
[1.466s] INFO:colcon.colcon_core.shell:Creating package descriptor '/home/sanjuna/Desktop/FP_Robotics_and_Automation/Qbot--3D-object-mapping/install/interfaces/share/interfaces/package.dsv'
[1.467s] INFO:colcon.colcon_core.shell:Creating package script '/home/sanjuna/Desktop/FP_Robotics_and_Automation/Qbot--3D-object-mapping/install/interfaces/share/interfaces/package.sh'
[1.467s] INFO:colcon.colcon_core.shell:Creating package script '/home/sanjuna/Desktop/FP_Robotics_and_Automation/Qbot--3D-object-mapping/install/interfaces/share/interfaces/package.bash'
[1.468s] INFO:colcon.colcon_core.shell:Creating package script '/home/sanjuna/Desktop/FP_Robotics_and_Automation/Qbot--3D-object-mapping/install/interfaces/share/interfaces/package.zsh'
[1.468s] Level 1:colcon.colcon_core.environment:create_file_with_runtime_dependencies(/home/sanjuna/Desktop/FP_Robotics_and_Automation/Qbot--3D-object-mapping/install/interfaces/share/colcon-core/packages/interfaces)
[1.469s] INFO:colcon.colcon_ros.task.ament_cmake.build:Building ROS package in '/home/sanjuna/Desktop/FP_Robotics_and_Automation/Qbot--3D-object-mapping/src/qbot_description' with build type 'ament_cmake'
[1.469s] INFO:colcon.colcon_cmake.task.cmake.build:Building CMake package in '/home/sanjuna/Desktop/FP_Robotics_and_Automation/Qbot--3D-object-mapping/src/qbot_description'
[1.469s] INFO:colcon.colcon_core.shell:Skip shell extension 'powershell' for command environment: Not usable outside of PowerShell
[1.469s] DEBUG:colcon.colcon_core.shell:Skip shell extension 'dsv' for command environment
[1.479s] DEBUG:colcon.colcon_core.event_handler.log_command:Invoking command in '/home/sanjuna/Desktop/FP_Robotics_and_Automation/Qbot--3D-object-mapping/build/qbot_description': AMENT_PREFIX_PATH=/home/sanjuna/Desktop/FP_Robotics_and_Automation/Qbot--3D-object-mapping/install/interfaces:${AMENT_PREFIX_PATH} CMAKE_PREFIX_PATH=/home/sanjuna/Desktop/FP_Robotics_and_Automation/Qbot--3D-object-mapping/install/interfaces:/opt/ros/humble LD_LIBRARY_PATH=/home/sanjuna/Desktop/FP_Robotics_and_Automation/Qbot--3D-object-mapping/install/interfaces/lib:${LD_LIBRARY_PATH} PYTHONPATH=/home/sanjuna/Desktop/FP_Robotics_and_Automation/Qbot--3D-object-mapping/install/interfaces/local/lib/python3.10/dist-packages:${PYTHONPATH} /usr/bin/cmake --build /home/sanjuna/Desktop/FP_Robotics_and_Automation/Qbot--3D-object-mapping/build/qbot_description -- -j8 -l8
[1.517s] DEBUG:colcon.colcon_core.event_handler.log_command:Invoked command in '/home/sanjuna/Desktop/FP_Robotics_and_Automation/Qbot--3D-object-mapping/build/qbot_description' returned '0': AMENT_PREFIX_PATH=/home/sanjuna/Desktop/FP_Robotics_and_Automation/Qbot--3D-object-mapping/install/interfaces:${AMENT_PREFIX_PATH} CMAKE_PREFIX_PATH=/home/sanjuna/Desktop/FP_Robotics_and_Automation/Qbot--3D-object-mapping/install/interfaces:/opt/ros/humble LD_LIBRARY_PATH=/home/sanjuna/Desktop/FP_Robotics_and_Automation/Qbot--3D-object-mapping/install/interfaces/lib:${LD_LIBRARY_PATH} PYTHONPATH=/home/sanjuna/Desktop/FP_Robotics_and_Automation/Qbot--3D-object-mapping/install/interfaces/local/lib/python3.10/dist-packages:${PYTHONPATH} /usr/bin/cmake --build /home/sanjuna/Desktop/FP_Robotics_and_Automation/Qbot--3D-object-mapping/build/qbot_description -- -j8 -l8
[1.519s] DEBUG:colcon.colcon_core.event_handler.log_command:Invoking command in '/home/sanjuna/Desktop/FP_Robotics_and_Automation/Qbot--3D-object-mapping/build/qbot_description': AMENT_PREFIX_PATH=/home/sanjuna/Desktop/FP_Robotics_and_Automation/Qbot--3D-object-mapping/install/interfaces:${AMENT_PREFIX_PATH} CMAKE_PREFIX_PATH=/home/sanjuna/Desktop/FP_Robotics_and_Automation/Qbot--3D-object-mapping/install/interfaces:/opt/ros/humble LD_LIBRARY_PATH=/home/sanjuna/Desktop/FP_Robotics_and_Automation/Qbot--3D-object-mapping/install/interfaces/lib:${LD_LIBRARY_PATH} PYTHONPATH=/home/sanjuna/Desktop/FP_Robotics_and_Automation/Qbot--3D-object-mapping/install/interfaces/local/lib/python3.10/dist-packages:${PYTHONPATH} /usr/bin/cmake --install /home/sanjuna/Desktop/FP_Robotics_and_Automation/Qbot--3D-object-mapping/build/qbot_description
[1.530s] Level 1:colcon.colcon_core.environment:create_environment_scripts_only(qbot_description)
[1.530s] Level 1:colcon.colcon_core.environment:checking '/home/sanjuna/Desktop/FP_Robotics_and_Automation/Qbot--3D-object-mapping/install/qbot_description' for CMake module files
[1.531s] DEBUG:colcon.colcon_core.event_handler.log_command:Invoked command in '/home/sanjuna/Desktop/FP_Robotics_and_Automation/Qbot--3D-object-mapping/build/qbot_description' returned '0': AMENT_PREFIX_PATH=/home/sanjuna/Desktop/FP_Robotics_and_Automation/Qbot--3D-object-mapping/install/interfaces:${AMENT_PREFIX_PATH} CMAKE_PREFIX_PATH=/home/sanjuna/Desktop/FP_Robotics_and_Automation/Qbot--3D-object-mapping/install/interfaces:/opt/ros/humble LD_LIBRARY_PATH=/home/sanjuna/Desktop/FP_Robotics_and_Automation/Qbot--3D-object-mapping/install/interfaces/lib:${LD_LIBRARY_PATH} PYTHONPATH=/home/sanjuna/Desktop/FP_Robotics_and_Automation/Qbot--3D-object-mapping/install/interfaces/local/lib/python3.10/dist-packages:${PYTHONPATH} /usr/bin/cmake --install /home/sanjuna/Desktop/FP_Robotics_and_Automation/Qbot--3D-object-mapping/build/qbot_description
[1.531s] Level 1:colcon.colcon_core.environment:checking '/home/sanjuna/Desktop/FP_Robotics_and_Automation/Qbot--3D-object-mapping/install/qbot_description' for CMake config files
[1.531s] Level 1:colcon.colcon_core.shell:create_environment_hook('qbot_description', 'cmake_prefix_path')
[1.531s] INFO:colcon.colcon_core.shell:Creating environment hook '/home/sanjuna/Desktop/FP_Robotics_and_Automation/Qbot--3D-object-mapping/install/qbot_description/share/qbot_description/hook/cmake_prefix_path.ps1'
[1.532s] INFO:colcon.colcon_core.shell:Creating environment descriptor '/home/sanjuna/Desktop/FP_Robotics_and_Automation/Qbot--3D-object-mapping/install/qbot_description/share/qbot_description/hook/cmake_prefix_path.dsv'
[1.532s] INFO:colcon.colcon_core.shell:Creating environment hook '/home/sanjuna/Desktop/FP_Robotics_and_Automation/Qbot--3D-object-mapping/install/qbot_description/share/qbot_description/hook/cmake_prefix_path.sh'
[1.533s] Level 1:colcon.colcon_core.environment:checking '/home/sanjuna/Desktop/FP_Robotics_and_Automation/Qbot--3D-object-mapping/install/qbot_description/bin'
[1.533s] Level 1:colcon.colcon_core.environment:checking '/home/sanjuna/Desktop/FP_Robotics_and_Automation/Qbot--3D-object-mapping/install/qbot_description/lib/pkgconfig/qbot_description.pc'
[1.533s] Level 1:colcon.colcon_core.environment:checking '/home/sanjuna/Desktop/FP_Robotics_and_Automation/Qbot--3D-object-mapping/install/qbot_description/lib/python3.10/site-packages'
[1.533s] Level 1:colcon.colcon_core.environment:checking '/home/sanjuna/Desktop/FP_Robotics_and_Automation/Qbot--3D-object-mapping/install/qbot_description/bin'
[1.534s] INFO:colcon.colcon_core.shell:Creating package script '/home/sanjuna/Desktop/FP_Robotics_and_Automation/Qbot--3D-object-mapping/install/qbot_description/share/qbot_description/package.ps1'
[1.534s] INFO:colcon.colcon_core.shell:Creating package descriptor '/home/sanjuna/Desktop/FP_Robotics_and_Automation/Qbot--3D-object-mapping/install/qbot_description/share/qbot_description/package.dsv'
[1.534s] INFO:colcon.colcon_core.shell:Creating package script '/home/sanjuna/Desktop/FP_Robotics_and_Automation/Qbot--3D-object-mapping/install/qbot_description/share/qbot_description/package.sh'
[1.535s] INFO:colcon.colcon_core.shell:Creating package script '/home/sanjuna/Desktop/FP_Robotics_and_Automation/Qbot--3D-object-mapping/install/qbot_description/share/qbot_description/package.bash'
[1.535s] INFO:colcon.colcon_core.shell:Creating package script '/home/sanjuna/Desktop/FP_Robotics_and_Automation/Qbot--3D-object-mapping/install/qbot_description/share/qbot_description/package.zsh'
[1.535s] Level 1:colcon.colcon_core.environment:create_file_with_runtime_dependencies(/home/sanjuna/Desktop/FP_Robotics_and_Automation/Qbot--3D-object-mapping/install/qbot_description/share/colcon-core/packages/qbot_description)
[1.536s] Level 1:colcon.colcon_core.environment:create_environment_scripts_only(qbot_description)
[1.536s] Level 1:colcon.colcon_core.environment:checking '/home/sanjuna/Desktop/FP_Robotics_and_Automation/Qbot--3D-object-mapping/install/qbot_description' for CMake module files
[1.537s] Level 1:colcon.colcon_core.environment:checking '/home/sanjuna/Desktop/FP_Robotics_and_Automation/Qbot--3D-object-mapping/install/qbot_description' for CMake config files
[1.537s] Level 1:colcon.colcon_core.shell:create_environment_hook('qbot_description', 'cmake_prefix_path')
[1.537s] INFO:colcon.colcon_core.shell:Creating environment hook '/home/sanjuna/Desktop/FP_Robotics_and_Automation/Qbot--3D-object-mapping/install/qbot_description/share/qbot_description/hook/cmake_prefix_path.ps1'
[1.538s] INFO:colcon.colcon_core.shell:Creating environment descriptor '/home/sanjuna/Desktop/FP_Robotics_and_Automation/Qbot--3D-object-mapping/install/qbot_description/share/qbot_description/hook/cmake_prefix_path.dsv'
[1.538s] INFO:colcon.colcon_core.shell:Creating environment hook '/home/sanjuna/Desktop/FP_Robotics_and_Automation/Qbot--3D-object-mapping/install/qbot_description/share/qbot_description/hook/cmake_prefix_path.sh'
[1.539s] Level 1:colcon.colcon_core.environment:checking '/home/sanjuna/Desktop/FP_Robotics_and_Automation/Qbot--3D-object-mapping/install/qbot_description/bin'
[1.539s] Level 1:colcon.colcon_core.environment:checking '/home/sanjuna/Desktop/FP_Robotics_and_Automation/Qbot--3D-object-mapping/install/qbot_description/lib/pkgconfig/qbot_description.pc'
[1.539s] Level 1:colcon.colcon_core.environment:checking '/home/sanjuna/Desktop/FP_Robotics_and_Automation/Qbot--3D-object-mapping/install/qbot_description/lib/python3.10/site-packages'
[1.539s] Level 1:colcon.colcon_core.environment:checking '/home/sanjuna/Desktop/FP_Robotics_and_Automation/Qbot--3D-object-mapping/install/qbot_description/bin'
[1.540s] INFO:colcon.colcon_core.shell:Creating package script '/home/sanjuna/Desktop/FP_Robotics_and_Automation/Qbot--3D-object-mapping/install/qbot_description/share/qbot_description/package.ps1'
[1.540s] INFO:colcon.colcon_core.shell:Creating package descriptor '/home/sanjuna/Desktop/FP_Robotics_and_Automation/Qbot--3D-object-mapping/install/qbot_description/share/qbot_description/package.dsv'
[1.541s] INFO:colcon.colcon_core.shell:Creating package script '/home/sanjuna/Desktop/FP_Robotics_and_Automation/Qbot--3D-object-mapping/install/qbot_description/share/qbot_description/package.sh'
[1.541s] INFO:colcon.colcon_core.shell:Creating package script '/home/sanjuna/Desktop/FP_Robotics_and_Automation/Qbot--3D-object-mapping/install/qbot_description/share/qbot_description/package.bash'
[1.542s] INFO:colcon.colcon_core.shell:Creating package script '/home/sanjuna/Desktop/FP_Robotics_and_Automation/Qbot--3D-object-mapping/install/qbot_description/share/qbot_description/package.zsh'
[1.542s] Level 1:colcon.colcon_core.environment:create_file_with_runtime_dependencies(/home/sanjuna/Desktop/FP_Robotics_and_Automation/Qbot--3D-object-mapping/install/qbot_description/share/colcon-core/packages/qbot_description)
[1.542s] INFO:colcon.colcon_ros.task.ament_python.build:Building ROS package in '/home/sanjuna/Desktop/FP_Robotics_and_Automation/Qbot--3D-object-mapping/src/project' with build type 'ament_python'
[1.542s] Level 1:colcon.colcon_core.shell:create_environment_hook('project', 'ament_prefix_path')
[1.543s] INFO:colcon.colcon_core.shell:Creating environment hook '/home/sanjuna/Desktop/FP_Robotics_and_Automation/Qbot--3D-object-mapping/install/project/share/project/hook/ament_prefix_path.ps1'
[1.544s] INFO:colcon.colcon_core.shell:Creating environment descriptor '/home/sanjuna/Desktop/FP_Robotics_and_Automation/Qbot--3D-object-mapping/install/project/share/project/hook/ament_prefix_path.dsv'
[1.544s] INFO:colcon.colcon_core.shell:Creating environment hook '/home/sanjuna/Desktop/FP_Robotics_and_Automation/Qbot--3D-object-mapping/install/project/share/project/hook/ament_prefix_path.sh'
[1.545s] INFO:colcon.colcon_core.shell:Skip shell extension 'powershell' for command environment: Not usable outside of PowerShell
[1.545s] DEBUG:colcon.colcon_core.shell:Skip shell extension 'dsv' for command environment
[1.908s] INFO:colcon.colcon_core.task.python.build:Building Python package in '/home/sanjuna/Desktop/FP_Robotics_and_Automation/Qbot--3D-object-mapping/src/project'
[1.908s] INFO:colcon.colcon_core.shell:Skip shell extension 'powershell' for command environment: Not usable outside of PowerShell
[1.908s] DEBUG:colcon.colcon_core.shell:Skip shell extension 'dsv' for command environment
[2.434s] DEBUG:colcon.colcon_core.event_handler.log_command:Invoking command in '/home/sanjuna/Desktop/FP_Robotics_and_Automation/Qbot--3D-object-mapping/src/project': AMENT_PREFIX_PATH=/home/sanjuna/Desktop/FP_Robotics_and_Automation/Qbot--3D-object-mapping/install/qbot_description:/home/sanjuna/Desktop/FP_Robotics_and_Automation/Qbot--3D-object-mapping/install/interfaces:${AMENT_PREFIX_PATH} CMAKE_PREFIX_PATH=/home/sanjuna/Desktop/FP_Robotics_and_Automation/Qbot--3D-object-mapping/install/qbot_description:/home/sanjuna/Desktop/FP_Robotics_and_Automation/Qbot--3D-object-mapping/install/interfaces LD_LIBRARY_PATH=/home/sanjuna/Desktop/FP_Robotics_and_Automation/Qbot--3D-object-mapping/install/interfaces/lib:${LD_LIBRARY_PATH} PYTHONPATH=/home/sanjuna/Desktop/FP_Robotics_and_Automation/Qbot--3D-object-mapping/build/project/prefix_override:/usr/lib/python3/dist-packages/colcon_core/task/python/colcon_distutils_commands:/home/sanjuna/Desktop/FP_Robotics_and_Automation/Qbot--3D-object-mapping/install/project/lib/python3.10/site-packages:/home/sanjuna/Desktop/FP_Robotics_and_Automation/Qbot--3D-object-mapping/install/interfaces/local/lib/python3.10/dist-packages:${PYTHONPATH} /usr/bin/python3 -W ignore:setup.py install is deprecated -W ignore:easy_install command is deprecated setup.py egg_info --egg-base ../../build/project build --build-base /home/sanjuna/Desktop/FP_Robotics_and_Automation/Qbot--3D-object-mapping/build/project/build install --record /home/sanjuna/Desktop/FP_Robotics_and_Automation/Qbot--3D-object-mapping/build/project/install.log --single-version-externally-managed install_data
[2.758s] Level 1:colcon.colcon_core.environment:checking '/home/sanjuna/Desktop/FP_Robotics_and_Automation/Qbot--3D-object-mapping/install/project' for CMake module files
[2.758s] DEBUG:colcon.colcon_core.event_handler.log_command:Invoked command in '/home/sanjuna/Desktop/FP_Robotics_and_Automation/Qbot--3D-object-mapping/src/project' returned '0': AMENT_PREFIX_PATH=/home/sanjuna/Desktop/FP_Robotics_and_Automation/Qbot--3D-object-mapping/install/qbot_description:/home/sanjuna/Desktop/FP_Robotics_and_Automation/Qbot--3D-object-mapping/install/interfaces:${AMENT_PREFIX_PATH} CMAKE_PREFIX_PATH=/home/sanjuna/Desktop/FP_Robotics_and_Automation/Qbot--3D-object-mapping/install/qbot_description:/home/sanjuna/Desktop/FP_Robotics_and_Automation/Qbot--3D-object-mapping/install/interfaces LD_LIBRARY_PATH=/home/sanjuna/Desktop/FP_Robotics_and_Automation/Qbot--3D-object-mapping/install/interfaces/lib:${LD_LIBRARY_PATH} PYTHONPATH=/home/sanjuna/Desktop/FP_Robotics_and_Automation/Qbot--3D-object-mapping/build/project/prefix_override:/usr/lib/python3/dist-packages/colcon_core/task/python/colcon_distutils_commands:/home/sanjuna/Desktop/FP_Robotics_and_Automation/Qbot--3D-object-mapping/install/project/lib/python3.10/site-packages:/home/sanjuna/Desktop/FP_Robotics_and_Automation/Qbot--3D-object-mapping/install/interfaces/local/lib/python3.10/dist-packages:${PYTHONPATH} /usr/bin/python3 -W ignore:setup.py install is deprecated -W ignore:easy_install command is deprecated setup.py egg_info --egg-base ../../build/project build --build-base /home/sanjuna/Desktop/FP_Robotics_and_Automation/Qbot--3D-object-mapping/build/project/build install --record /home/sanjuna/Desktop/FP_Robotics_and_Automation/Qbot--3D-object-mapping/build/project/install.log --single-version-externally-managed install_data
[2.759s] Level 1:colcon.colcon_core.environment:checking '/home/sanjuna/Desktop/FP_Robotics_and_Automation/Qbot--3D-object-mapping/install/project' for CMake config files
[2.759s] Level 1:colcon.colcon_core.environment:checking '/home/sanjuna/Desktop/FP_Robotics_and_Automation/Qbot--3D-object-mapping/install/project/lib'
[2.759s] Level 1:colcon.colcon_core.environment:checking '/home/sanjuna/Desktop/FP_Robotics_and_Automation/Qbot--3D-object-mapping/install/project/bin'
[2.759s] Level 1:colcon.colcon_core.environment:checking '/home/sanjuna/Desktop/FP_Robotics_and_Automation/Qbot--3D-object-mapping/install/project/lib/pkgconfig/project.pc'
[2.760s] Level 1:colcon.colcon_core.environment:checking '/home/sanjuna/Desktop/FP_Robotics_and_Automation/Qbot--3D-object-mapping/install/project/lib/python3.10/site-packages'
[2.760s] Level 1:colcon.colcon_core.shell:create_environment_hook('project', 'pythonpath')
[2.760s] INFO:colcon.colcon_core.shell:Creating environment hook '/home/sanjuna/Desktop/FP_Robotics_and_Automation/Qbot--3D-object-mapping/install/project/share/project/hook/pythonpath.ps1'
[2.760s] INFO:colcon.colcon_core.shell:Creating environment descriptor '/home/sanjuna/Desktop/FP_Robotics_and_Automation/Qbot--3D-object-mapping/install/project/share/project/hook/pythonpath.dsv'
[2.761s] INFO:colcon.colcon_core.shell:Creating environment hook '/home/sanjuna/Desktop/FP_Robotics_and_Automation/Qbot--3D-object-mapping/install/project/share/project/hook/pythonpath.sh'
[2.761s] Level 1:colcon.colcon_core.environment:checking '/home/sanjuna/Desktop/FP_Robotics_and_Automation/Qbot--3D-object-mapping/install/project/bin'
[2.761s] Level 1:colcon.colcon_core.environment:create_environment_scripts_only(project)
[2.762s] INFO:colcon.colcon_core.shell:Creating package script '/home/sanjuna/Desktop/FP_Robotics_and_Automation/Qbot--3D-object-mapping/install/project/share/project/package.ps1'
[2.762s] INFO:colcon.colcon_core.shell:Creating package descriptor '/home/sanjuna/Desktop/FP_Robotics_and_Automation/Qbot--3D-object-mapping/install/project/share/project/package.dsv'
[2.762s] INFO:colcon.colcon_core.shell:Creating package script '/home/sanjuna/Desktop/FP_Robotics_and_Automation/Qbot--3D-object-mapping/install/project/share/project/package.sh'
[2.763s] INFO:colcon.colcon_core.shell:Creating package script '/home/sanjuna/Desktop/FP_Robotics_and_Automation/Qbot--3D-object-mapping/install/project/share/project/package.bash'
[2.763s] INFO:colcon.colcon_core.shell:Creating package script '/home/sanjuna/Desktop/FP_Robotics_and_Automation/Qbot--3D-object-mapping/install/project/share/project/package.zsh'
[2.763s] Level 1:colcon.colcon_core.environment:create_file_with_runtime_dependencies(/home/sanjuna/Desktop/FP_Robotics_and_Automation/Qbot--3D-object-mapping/install/project/share/colcon-core/packages/project)
[2.764s] DEBUG:colcon.colcon_parallel_executor.executor.parallel:closing loop
[2.764s] DEBUG:colcon.colcon_parallel_executor.executor.parallel:loop closed
[2.764s] DEBUG:colcon.colcon_parallel_executor.executor.parallel:run_until_complete finished with '0'
[2.765s] DEBUG:colcon.colcon_core.event_reactor:joining thread
[2.773s] INFO:colcon.colcon_core.plugin_system:Skipping extension 'colcon_notification.desktop_notification.terminal_notifier': Not used on non-Darwin systems
[2.773s] INFO:colcon.colcon_core.plugin_system:Skipping extension 'colcon_notification.desktop_notification.win32': Not used on non-Windows systems
[2.773s] INFO:colcon.colcon_notification.desktop_notification:Sending desktop notification using 'notify2'
[2.785s] DEBUG:colcon.colcon_core.event_reactor:joined thread
[2.785s] INFO:colcon.colcon_core.shell:Creating prefix script '/home/sanjuna/Desktop/FP_Robotics_and_Automation/Qbot--3D-object-mapping/install/local_setup.ps1'
[2.786s] INFO:colcon.colcon_core.shell:Creating prefix util module '/home/sanjuna/Desktop/FP_Robotics_and_Automation/Qbot--3D-object-mapping/install/_local_setup_util_ps1.py'
[2.788s] INFO:colcon.colcon_core.shell:Creating prefix chain script '/home/sanjuna/Desktop/FP_Robotics_and_Automation/Qbot--3D-object-mapping/install/setup.ps1'
[2.789s] INFO:colcon.colcon_core.shell:Creating prefix script '/home/sanjuna/Desktop/FP_Robotics_and_Automation/Qbot--3D-object-mapping/install/local_setup.sh'
[2.790s] INFO:colcon.colcon_core.shell:Creating prefix util module '/home/sanjuna/Desktop/FP_Robotics_and_Automation/Qbot--3D-object-mapping/install/_local_setup_util_sh.py'
[2.791s] INFO:colcon.colcon_core.shell:Creating prefix chain script '/home/sanjuna/Desktop/FP_Robotics_and_Automation/Qbot--3D-object-mapping/install/setup.sh'
[2.792s] INFO:colcon.colcon_core.shell:Creating prefix script '/home/sanjuna/Desktop/FP_Robotics_and_Automation/Qbot--3D-object-mapping/install/local_setup.bash'
[2.793s] INFO:colcon.colcon_core.shell:Creating prefix chain script '/home/sanjuna/Desktop/FP_Robotics_and_Automation/Qbot--3D-object-mapping/install/setup.bash'
[2.794s] INFO:colcon.colcon_core.shell:Creating prefix script '/home/sanjuna/Desktop/FP_Robotics_and_Automation/Qbot--3D-object-mapping/install/local_setup.zsh'
[2.795s] INFO:colcon.colcon_core.shell:Creating prefix chain script '/home/sanjuna/Desktop/FP_Robotics_and_Automation/Qbot--3D-object-mapping/install/setup.zsh'
