running egg_info
creating ../../build/lab_06/lab_06.egg-info
writing ../../build/lab_06/lab_06.egg-info/PKG-INFO
writing dependency_links to ../../build/lab_06/lab_06.egg-info/dependency_links.txt
writing entry points to ../../build/lab_06/lab_06.egg-info/entry_points.txt
writing requirements to ../../build/lab_06/lab_06.egg-info/requires.txt
writing top-level names to ../../build/lab_06/lab_06.egg-info/top_level.txt
writing manifest file '../../build/lab_06/lab_06.egg-info/SOURCES.txt'
reading manifest file '../../build/lab_06/lab_06.egg-info/SOURCES.txt'
adding license file 'LICENSE'
writing manifest file '../../build/lab_06/lab_06.egg-info/SOURCES.txt'
running build
running build_py
creating /home/sanjuna/Desktop/FP_Robotics_and_Automation/Qbot--3D-object-mapping/build/lab_06/build
creating /home/sanjuna/Desktop/FP_Robotics_and_Automation/Qbot--3D-object-mapping/build/lab_06/build/lib
creating /home/sanjuna/Desktop/FP_Robotics_and_Automation/Qbot--3D-object-mapping/build/lab_06/build/lib/lab_06
copying lab_06/circular_scanner.py -> /home/sanjuna/Desktop/FP_Robotics_and_Automation/Qbot--3D-object-mapping/build/lab_06/build/lib/lab_06
copying lab_06/qbot_controller.py -> /home/sanjuna/Desktop/FP_Robotics_and_Automation/Qbot--3D-object-mapping/build/lab_06/build/lib/lab_06
copying lab_06/odom_node.py -> /home/sanjuna/Desktop/FP_Robotics_and_Automation/Qbot--3D-object-mapping/build/lab_06/build/lib/lab_06
copying lab_06/navigation_server.py -> /home/sanjuna/Desktop/FP_Robotics_and_Automation/Qbot--3D-object-mapping/build/lab_06/build/lib/lab_06
copying lab_06/__init__.py -> /home/sanjuna/Desktop/FP_Robotics_and_Automation/Qbot--3D-object-mapping/build/lab_06/build/lib/lab_06
copying lab_06/mapper_node.py -> /home/sanjuna/Desktop/FP_Robotics_and_Automation/Qbot--3D-object-mapping/build/lab_06/build/lib/lab_06
running install
running install_lib
creating /home/sanjuna/Desktop/FP_Robotics_and_Automation/Qbot--3D-object-mapping/install/lab_06/lib/python3.10/site-packages/lab_06
copying /home/sanjuna/Desktop/FP_Robotics_and_Automation/Qbot--3D-object-mapping/build/lab_06/build/lib/lab_06/circular_scanner.py -> /home/sanjuna/Desktop/FP_Robotics_and_Automation/Qbot--3D-object-mapping/install/lab_06/lib/python3.10/site-packages/lab_06
copying /home/sanjuna/Desktop/FP_Robotics_and_Automation/Qbot--3D-object-mapping/build/lab_06/build/lib/lab_06/qbot_controller.py -> /home/sanjuna/Desktop/FP_Robotics_and_Automation/Qbot--3D-object-mapping/install/lab_06/lib/python3.10/site-packages/lab_06
copying /home/sanjuna/Desktop/FP_Robotics_and_Automation/Qbot--3D-object-mapping/build/lab_06/build/lib/lab_06/odom_node.py -> /home/sanjuna/Desktop/FP_Robotics_and_Automation/Qbot--3D-object-mapping/install/lab_06/lib/python3.10/site-packages/lab_06
copying /home/sanjuna/Desktop/FP_Robotics_and_Automation/Qbot--3D-object-mapping/build/lab_06/build/lib/lab_06/navigation_server.py -> /home/sanjuna/Desktop/FP_Robotics_and_Automation/Qbot--3D-object-mapping/install/lab_06/lib/python3.10/site-packages/lab_06
copying /home/sanjuna/Desktop/FP_Robotics_and_Automation/Qbot--3D-object-mapping/build/lab_06/build/lib/lab_06/__init__.py -> /home/sanjuna/Desktop/FP_Robotics_and_Automation/Qbot--3D-object-mapping/install/lab_06/lib/python3.10/site-packages/lab_06
copying /home/sanjuna/Desktop/FP_Robotics_and_Automation/Qbot--3D-object-mapping/build/lab_06/build/lib/lab_06/mapper_node.py -> /home/sanjuna/Desktop/FP_Robotics_and_Automation/Qbot--3D-object-mapping/install/lab_06/lib/python3.10/site-packages/lab_06
byte-compiling /home/sanjuna/Desktop/FP_Robotics_and_Automation/Qbot--3D-object-mapping/install/lab_06/lib/python3.10/site-packages/lab_06/circular_scanner.py to circular_scanner.cpython-310.pyc
byte-compiling /home/sanjuna/Desktop/FP_Robotics_and_Automation/Qbot--3D-object-mapping/install/lab_06/lib/python3.10/site-packages/lab_06/qbot_controller.py to qbot_controller.cpython-310.pyc
byte-compiling /home/sanjuna/Desktop/FP_Robotics_and_Automation/Qbot--3D-object-mapping/install/lab_06/lib/python3.10/site-packages/lab_06/odom_node.py to odom_node.cpython-310.pyc
byte-compiling /home/sanjuna/Desktop/FP_Robotics_and_Automation/Qbot--3D-object-mapping/install/lab_06/lib/python3.10/site-packages/lab_06/navigation_server.py to navigation_server.cpython-310.pyc
byte-compiling /home/sanjuna/Desktop/FP_Robotics_and_Automation/Qbot--3D-object-mapping/install/lab_06/lib/python3.10/site-packages/lab_06/__init__.py to __init__.cpython-310.pyc
byte-compiling /home/sanjuna/Desktop/FP_Robotics_and_Automation/Qbot--3D-object-mapping/install/lab_06/lib/python3.10/site-packages/lab_06/mapper_node.py to mapper_node.cpython-310.pyc
running install_data
creating /home/sanjuna/Desktop/FP_Robotics_and_Automation/Qbot--3D-object-mapping/install/lab_06/share/ament_index
creating /home/sanjuna/Desktop/FP_Robotics_and_Automation/Qbot--3D-object-mapping/install/lab_06/share/ament_index/resource_index
creating /home/sanjuna/Desktop/FP_Robotics_and_Automation/Qbot--3D-object-mapping/install/lab_06/share/ament_index/resource_index/packages
copying resource/lab_06 -> /home/sanjuna/Desktop/FP_Robotics_and_Automation/Qbot--3D-object-mapping/install/lab_06/share/ament_index/resource_index/packages
copying package.xml -> /home/sanjuna/Desktop/FP_Robotics_and_Automation/Qbot--3D-object-mapping/install/lab_06/share/lab_06
creating /home/sanjuna/Desktop/FP_Robotics_and_Automation/Qbot--3D-object-mapping/install/lab_06/share/lab_06/launch
copying launch/lab_06_simulation_launch.py -> /home/sanjuna/Desktop/FP_Robotics_and_Automation/Qbot--3D-object-mapping/install/lab_06/share/lab_06/launch
copying launch/lab_06_gznew_launch.py -> /home/sanjuna/Desktop/FP_Robotics_and_Automation/Qbot--3D-object-mapping/install/lab_06/share/lab_06/launch
creating /home/sanjuna/Desktop/FP_Robotics_and_Automation/Qbot--3D-object-mapping/install/lab_06/share/lab_06/config
copying config/slam_toolbox_params.yaml -> /home/sanjuna/Desktop/FP_Robotics_and_Automation/Qbot--3D-object-mapping/install/lab_06/share/lab_06/config
running install_egg_info
Copying ../../build/lab_06/lab_06.egg-info to /home/sanjuna/Desktop/FP_Robotics_and_Automation/Qbot--3D-object-mapping/install/lab_06/lib/python3.10/site-packages/lab_06-0.0.0-py3.10.egg-info
running install_scripts
Installing circular_scanner script to /home/sanjuna/Desktop/FP_Robotics_and_Automation/Qbot--3D-object-mapping/install/lab_06/lib/lab_06
Installing navigation_server script to /home/sanjuna/Desktop/FP_Robotics_and_Automation/Qbot--3D-object-mapping/install/lab_06/lib/lab_06
Installing qbot_controller script to /home/sanjuna/Desktop/FP_Robotics_and_Automation/Qbot--3D-object-mapping/install/lab_06/lib/lab_06
writing list of installed files to '/home/sanjuna/Desktop/FP_Robotics_and_Automation/Qbot--3D-object-mapping/build/lab_06/install.log'
