[1.026s] Invoking command in '/home/sanjuna/Desktop/FP_Robotics_and_Automation/Qbot--3D-object-mapping/src/lab_06': AMENT_PREFIX_PATH=/home/sanjuna/Desktop/FP_Robotics_and_Automation/Qbot--3D-object-mapping/install/qbot_description:/home/sanjuna/Desktop/FP_Robotics_and_Automation/Qbot--3D-object-mapping/install/interfaces:${AMENT_PREFIX_PATH} CMAKE_PREFIX_PATH=/home/sanjuna/Desktop/FP_Robotics_and_Automation/Qbot--3D-object-mapping/install/qbot_description:/home/sanjuna/Desktop/FP_Robotics_and_Automation/Qbot--3D-object-mapping/install/interfaces LD_LIBRARY_PATH=/home/sanjuna/Desktop/FP_Robotics_and_Automation/Qbot--3D-object-mapping/install/interfaces/lib:${LD_LIBRARY_PATH} PYTHONPATH=/home/sanjuna/Desktop/FP_Robotics_and_Automation/Qbot--3D-object-mapping/build/lab_06/prefix_override:/usr/lib/python3/dist-packages/colcon_core/task/python/colcon_distutils_commands:/home/sanjuna/Desktop/FP_Robotics_and_Automation/Qbot--3D-object-mapping/install/lab_06/lib/python3.10/site-packages:/home/sanjuna/Desktop/FP_Robotics_and_Automation/Qbot--3D-object-mapping/install/interfaces/local/lib/python3.10/dist-packages:${PYTHONPATH} /usr/bin/python3 -W ignore:setup.py install is deprecated -W ignore:easy_install command is deprecated setup.py egg_info --egg-base ../../build/lab_06 build --build-base /home/sanjuna/Desktop/FP_Robotics_and_Automation/Qbot--3D-object-mapping/build/lab_06/build install --record /home/sanjuna/Desktop/FP_Robotics_and_Automation/Qbot--3D-object-mapping/build/lab_06/install.log --single-version-externally-managed install_data
[1.423s] running egg_info
[1.424s] creating ../../build/lab_06/lab_06.egg-info
[1.424s] writing ../../build/lab_06/lab_06.egg-info/PKG-INFO
[1.424s] writing dependency_links to ../../build/lab_06/lab_06.egg-info/dependency_links.txt
[1.425s] writing entry points to ../../build/lab_06/lab_06.egg-info/entry_points.txt
[1.425s] writing requirements to ../../build/lab_06/lab_06.egg-info/requires.txt
[1.425s] writing top-level names to ../../build/lab_06/lab_06.egg-info/top_level.txt
[1.425s] writing manifest file '../../build/lab_06/lab_06.egg-info/SOURCES.txt'
[1.429s] reading manifest file '../../build/lab_06/lab_06.egg-info/SOURCES.txt'
[1.429s] adding license file 'LICENSE'
[1.431s] writing manifest file '../../build/lab_06/lab_06.egg-info/SOURCES.txt'
[1.431s] running build
[1.431s] running build_py
[1.431s] creating /home/sanjuna/Desktop/FP_Robotics_and_Automation/Qbot--3D-object-mapping/build/lab_06/build
[1.431s] creating /home/sanjuna/Desktop/FP_Robotics_and_Automation/Qbot--3D-object-mapping/build/lab_06/build/lib
[1.431s] creating /home/sanjuna/Desktop/FP_Robotics_and_Automation/Qbot--3D-object-mapping/build/lab_06/build/lib/lab_06
[1.432s] copying lab_06/circular_scanner.py -> /home/sanjuna/Desktop/FP_Robotics_and_Automation/Qbot--3D-object-mapping/build/lab_06/build/lib/lab_06
[1.432s] copying lab_06/qbot_controller.py -> /home/sanjuna/Desktop/FP_Robotics_and_Automation/Qbot--3D-object-mapping/build/lab_06/build/lib/lab_06
[1.432s] copying lab_06/odom_node.py -> /home/sanjuna/Desktop/FP_Robotics_and_Automation/Qbot--3D-object-mapping/build/lab_06/build/lib/lab_06
[1.432s] copying lab_06/navigation_server.py -> /home/sanjuna/Desktop/FP_Robotics_and_Automation/Qbot--3D-object-mapping/build/lab_06/build/lib/lab_06
[1.432s] copying lab_06/__init__.py -> /home/sanjuna/Desktop/FP_Robotics_and_Automation/Qbot--3D-object-mapping/build/lab_06/build/lib/lab_06
[1.432s] copying lab_06/mapper_node.py -> /home/sanjuna/Desktop/FP_Robotics_and_Automation/Qbot--3D-object-mapping/build/lab_06/build/lib/lab_06
[1.433s] running install
[1.433s] running install_lib
[1.435s] creating /home/sanjuna/Desktop/FP_Robotics_and_Automation/Qbot--3D-object-mapping/install/lab_06/lib/python3.10/site-packages/lab_06
[1.435s] copying /home/sanjuna/Desktop/FP_Robotics_and_Automation/Qbot--3D-object-mapping/build/lab_06/build/lib/lab_06/circular_scanner.py -> /home/sanjuna/Desktop/FP_Robotics_and_Automation/Qbot--3D-object-mapping/install/lab_06/lib/python3.10/site-packages/lab_06
[1.435s] copying /home/sanjuna/Desktop/FP_Robotics_and_Automation/Qbot--3D-object-mapping/build/lab_06/build/lib/lab_06/qbot_controller.py -> /home/sanjuna/Desktop/FP_Robotics_and_Automation/Qbot--3D-object-mapping/install/lab_06/lib/python3.10/site-packages/lab_06
[1.436s] copying /home/sanjuna/Desktop/FP_Robotics_and_Automation/Qbot--3D-object-mapping/build/lab_06/build/lib/lab_06/odom_node.py -> /home/sanjuna/Desktop/FP_Robotics_and_Automation/Qbot--3D-object-mapping/install/lab_06/lib/python3.10/site-packages/lab_06
[1.436s] copying /home/sanjuna/Desktop/FP_Robotics_and_Automation/Qbot--3D-object-mapping/build/lab_06/build/lib/lab_06/navigation_server.py -> /home/sanjuna/Desktop/FP_Robotics_and_Automation/Qbot--3D-object-mapping/install/lab_06/lib/python3.10/site-packages/lab_06
[1.436s] copying /home/sanjuna/Desktop/FP_Robotics_and_Automation/Qbot--3D-object-mapping/build/lab_06/build/lib/lab_06/__init__.py -> /home/sanjuna/Desktop/FP_Robotics_and_Automation/Qbot--3D-object-mapping/install/lab_06/lib/python3.10/site-packages/lab_06
[1.436s] copying /home/sanjuna/Desktop/FP_Robotics_and_Automation/Qbot--3D-object-mapping/build/lab_06/build/lib/lab_06/mapper_node.py -> /home/sanjuna/Desktop/FP_Robotics_and_Automation/Qbot--3D-object-mapping/install/lab_06/lib/python3.10/site-packages/lab_06
[1.437s] byte-compiling /home/sanjuna/Desktop/FP_Robotics_and_Automation/Qbot--3D-object-mapping/install/lab_06/lib/python3.10/site-packages/lab_06/circular_scanner.py to circular_scanner.cpython-310.pyc
[1.438s] byte-compiling /home/sanjuna/Desktop/FP_Robotics_and_Automation/Qbot--3D-object-mapping/install/lab_06/lib/python3.10/site-packages/lab_06/qbot_controller.py to qbot_controller.cpython-310.pyc
[1.440s] byte-compiling /home/sanjuna/Desktop/FP_Robotics_and_Automation/Qbot--3D-object-mapping/install/lab_06/lib/python3.10/site-packages/lab_06/odom_node.py to odom_node.cpython-310.pyc
[1.441s] byte-compiling /home/sanjuna/Desktop/FP_Robotics_and_Automation/Qbot--3D-object-mapping/install/lab_06/lib/python3.10/site-packages/lab_06/navigation_server.py to navigation_server.cpython-310.pyc
[1.443s] byte-compiling /home/sanjuna/Desktop/FP_Robotics_and_Automation/Qbot--3D-object-mapping/install/lab_06/lib/python3.10/site-packages/lab_06/__init__.py to __init__.cpython-310.pyc
[1.443s] byte-compiling /home/sanjuna/Desktop/FP_Robotics_and_Automation/Qbot--3D-object-mapping/install/lab_06/lib/python3.10/site-packages/lab_06/mapper_node.py to mapper_node.cpython-310.pyc
[1.444s] running install_data
[1.444s] creating /home/sanjuna/Desktop/FP_Robotics_and_Automation/Qbot--3D-object-mapping/install/lab_06/share/ament_index
[1.444s] creating /home/sanjuna/Desktop/FP_Robotics_and_Automation/Qbot--3D-object-mapping/install/lab_06/share/ament_index/resource_index
[1.444s] creating /home/sanjuna/Desktop/FP_Robotics_and_Automation/Qbot--3D-object-mapping/install/lab_06/share/ament_index/resource_index/packages
[1.445s] copying resource/lab_06 -> /home/sanjuna/Desktop/FP_Robotics_and_Automation/Qbot--3D-object-mapping/install/lab_06/share/ament_index/resource_index/packages
[1.445s] copying package.xml -> /home/sanjuna/Desktop/FP_Robotics_and_Automation/Qbot--3D-object-mapping/install/lab_06/share/lab_06
[1.445s] creating /home/sanjuna/Desktop/FP_Robotics_and_Automation/Qbot--3D-object-mapping/install/lab_06/share/lab_06/launch
[1.445s] copying launch/lab_06_simulation_launch.py -> /home/sanjuna/Desktop/FP_Robotics_and_Automation/Qbot--3D-object-mapping/install/lab_06/share/lab_06/launch
[1.445s] copying launch/lab_06_gznew_launch.py -> /home/sanjuna/Desktop/FP_Robotics_and_Automation/Qbot--3D-object-mapping/install/lab_06/share/lab_06/launch
[1.445s] creating /home/sanjuna/Desktop/FP_Robotics_and_Automation/Qbot--3D-object-mapping/install/lab_06/share/lab_06/config
[1.446s] copying config/slam_toolbox_params.yaml -> /home/sanjuna/Desktop/FP_Robotics_and_Automation/Qbot--3D-object-mapping/install/lab_06/share/lab_06/config
[1.446s] running install_egg_info
[1.449s] Copying ../../build/lab_06/lab_06.egg-info to /home/sanjuna/Desktop/FP_Robotics_and_Automation/Qbot--3D-object-mapping/install/lab_06/lib/python3.10/site-packages/lab_06-0.0.0-py3.10.egg-info
[1.450s] running install_scripts
[1.480s] Installing circular_scanner script to /home/sanjuna/Desktop/FP_Robotics_and_Automation/Qbot--3D-object-mapping/install/lab_06/lib/lab_06
[1.480s] Installing navigation_server script to /home/sanjuna/Desktop/FP_Robotics_and_Automation/Qbot--3D-object-mapping/install/lab_06/lib/lab_06
[1.480s] Installing qbot_controller script to /home/sanjuna/Desktop/FP_Robotics_and_Automation/Qbot--3D-object-mapping/install/lab_06/lib/lab_06
[1.481s] writing list of installed files to '/home/sanjuna/Desktop/FP_Robotics_and_Automation/Qbot--3D-object-mapping/build/lab_06/install.log'
[1.520s] Invoked command in '/home/sanjuna/Desktop/FP_Robotics_and_Automation/Qbot--3D-object-mapping/src/lab_06' returned '0': AMENT_PREFIX_PATH=/home/sanjuna/Desktop/FP_Robotics_and_Automation/Qbot--3D-object-mapping/install/qbot_description:/home/sanjuna/Desktop/FP_Robotics_and_Automation/Qbot--3D-object-mapping/install/interfaces:${AMENT_PREFIX_PATH} CMAKE_PREFIX_PATH=/home/sanjuna/Desktop/FP_Robotics_and_Automation/Qbot--3D-object-mapping/install/qbot_description:/home/sanjuna/Desktop/FP_Robotics_and_Automation/Qbot--3D-object-mapping/install/interfaces LD_LIBRARY_PATH=/home/sanjuna/Desktop/FP_Robotics_and_Automation/Qbot--3D-object-mapping/install/interfaces/lib:${LD_LIBRARY_PATH} PYTHONPATH=/home/sanjuna/Desktop/FP_Robotics_and_Automation/Qbot--3D-object-mapping/build/lab_06/prefix_override:/usr/lib/python3/dist-packages/colcon_core/task/python/colcon_distutils_commands:/home/sanjuna/Desktop/FP_Robotics_and_Automation/Qbot--3D-object-mapping/install/lab_06/lib/python3.10/site-packages:/home/sanjuna/Desktop/FP_Robotics_and_Automation/Qbot--3D-object-mapping/install/interfaces/local/lib/python3.10/dist-packages:${PYTHONPATH} /usr/bin/python3 -W ignore:setup.py install is deprecated -W ignore:easy_install command is deprecated setup.py egg_info --egg-base ../../build/lab_06 build --build-base /home/sanjuna/Desktop/FP_Robotics_and_Automation/Qbot--3D-object-mapping/build/lab_06/build install --record /home/sanjuna/Desktop/FP_Robotics_and_Automation/Qbot--3D-object-mapping/build/lab_06/install.log --single-version-externally-managed install_data
