running egg_info
creating ../../build/project/project.egg-info
writing ../../build/project/project.egg-info/PKG-INFO
writing dependency_links to ../../build/project/project.egg-info/dependency_links.txt
writing entry points to ../../build/project/project.egg-info/entry_points.txt
writing requirements to ../../build/project/project.egg-info/requires.txt
writing top-level names to ../../build/project/project.egg-info/top_level.txt
writing manifest file '../../build/project/project.egg-info/SOURCES.txt'
reading manifest file '../../build/project/project.egg-info/SOURCES.txt'
adding license file 'LICENSE'
writing manifest file '../../build/project/project.egg-info/SOURCES.txt'
running build
running build_py
creating /home/sanjuna/Desktop/FP_Robotics_and_Automation/Qbot--3D-object-mapping/build/project/build
creating /home/sanjuna/Desktop/FP_Robotics_and_Automation/Qbot--3D-object-mapping/build/project/build/lib
creating /home/sanjuna/Desktop/FP_Robotics_and_Automation/Qbot--3D-object-mapping/build/project/build/lib/project
copying project/circular_scanner.py -> /home/sanjuna/Desktop/FP_Robotics_and_Automation/Qbot--3D-object-mapping/build/project/build/lib/project
copying project/qbot_controller.py -> /home/sanjuna/Desktop/FP_Robotics_and_Automation/Qbot--3D-object-mapping/build/project/build/lib/project
copying project/odom_node.py -> /home/sanjuna/Desktop/FP_Robotics_and_Automation/Qbot--3D-object-mapping/build/project/build/lib/project
copying project/navigation_server.py -> /home/sanjuna/Desktop/FP_Robotics_and_Automation/Qbot--3D-object-mapping/build/project/build/lib/project
copying project/__init__.py -> /home/sanjuna/Desktop/FP_Robotics_and_Automation/Qbot--3D-object-mapping/build/project/build/lib/project
copying project/mapper_node.py -> /home/sanjuna/Desktop/FP_Robotics_and_Automation/Qbot--3D-object-mapping/build/project/build/lib/project
running install
running install_lib
creating /home/sanjuna/Desktop/FP_Robotics_and_Automation/Qbot--3D-object-mapping/install/project/lib/python3.10/site-packages/project
copying /home/sanjuna/Desktop/FP_Robotics_and_Automation/Qbot--3D-object-mapping/build/project/build/lib/project/circular_scanner.py -> /home/sanjuna/Desktop/FP_Robotics_and_Automation/Qbot--3D-object-mapping/install/project/lib/python3.10/site-packages/project
copying /home/sanjuna/Desktop/FP_Robotics_and_Automation/Qbot--3D-object-mapping/build/project/build/lib/project/qbot_controller.py -> /home/sanjuna/Desktop/FP_Robotics_and_Automation/Qbot--3D-object-mapping/install/project/lib/python3.10/site-packages/project
copying /home/sanjuna/Desktop/FP_Robotics_and_Automation/Qbot--3D-object-mapping/build/project/build/lib/project/odom_node.py -> /home/sanjuna/Desktop/FP_Robotics_and_Automation/Qbot--3D-object-mapping/install/project/lib/python3.10/site-packages/project
copying /home/sanjuna/Desktop/FP_Robotics_and_Automation/Qbot--3D-object-mapping/build/project/build/lib/project/navigation_server.py -> /home/sanjuna/Desktop/FP_Robotics_and_Automation/Qbot--3D-object-mapping/install/project/lib/python3.10/site-packages/project
copying /home/sanjuna/Desktop/FP_Robotics_and_Automation/Qbot--3D-object-mapping/build/project/build/lib/project/__init__.py -> /home/sanjuna/Desktop/FP_Robotics_and_Automation/Qbot--3D-object-mapping/install/project/lib/python3.10/site-packages/project
copying /home/sanjuna/Desktop/FP_Robotics_and_Automation/Qbot--3D-object-mapping/build/project/build/lib/project/mapper_node.py -> /home/sanjuna/Desktop/FP_Robotics_and_Automation/Qbot--3D-object-mapping/install/project/lib/python3.10/site-packages/project
byte-compiling /home/sanjuna/Desktop/FP_Robotics_and_Automation/Qbot--3D-object-mapping/install/project/lib/python3.10/site-packages/project/circular_scanner.py to circular_scanner.cpython-310.pyc
byte-compiling /home/sanjuna/Desktop/FP_Robotics_and_Automation/Qbot--3D-object-mapping/install/project/lib/python3.10/site-packages/project/qbot_controller.py to qbot_controller.cpython-310.pyc
byte-compiling /home/sanjuna/Desktop/FP_Robotics_and_Automation/Qbot--3D-object-mapping/install/project/lib/python3.10/site-packages/project/odom_node.py to odom_node.cpython-310.pyc
byte-compiling /home/sanjuna/Desktop/FP_Robotics_and_Automation/Qbot--3D-object-mapping/install/project/lib/python3.10/site-packages/project/navigation_server.py to navigation_server.cpython-310.pyc
byte-compiling /home/sanjuna/Desktop/FP_Robotics_and_Automation/Qbot--3D-object-mapping/install/project/lib/python3.10/site-packages/project/__init__.py to __init__.cpython-310.pyc
byte-compiling /home/sanjuna/Desktop/FP_Robotics_and_Automation/Qbot--3D-object-mapping/install/project/lib/python3.10/site-packages/project/mapper_node.py to mapper_node.cpython-310.pyc
running install_data
creating /home/sanjuna/Desktop/FP_Robotics_and_Automation/Qbot--3D-object-mapping/install/project/share/ament_index
creating /home/sanjuna/Desktop/FP_Robotics_and_Automation/Qbot--3D-object-mapping/install/project/share/ament_index/resource_index
creating /home/sanjuna/Desktop/FP_Robotics_and_Automation/Qbot--3D-object-mapping/install/project/share/ament_index/resource_index/packages
copying resource/project -> /home/sanjuna/Desktop/FP_Robotics_and_Automation/Qbot--3D-object-mapping/install/project/share/ament_index/resource_index/packages
copying package.xml -> /home/sanjuna/Desktop/FP_Robotics_and_Automation/Qbot--3D-object-mapping/install/project/share/project
creating /home/sanjuna/Desktop/FP_Robotics_and_Automation/Qbot--3D-object-mapping/install/project/share/project/launch
copying launch/lab_06_simulation_launch.py -> /home/sanjuna/Desktop/FP_Robotics_and_Automation/Qbot--3D-object-mapping/install/project/share/project/launch
copying launch/lab_06_gznew_launch.py -> /home/sanjuna/Desktop/FP_Robotics_and_Automation/Qbot--3D-object-mapping/install/project/share/project/launch
creating /home/sanjuna/Desktop/FP_Robotics_and_Automation/Qbot--3D-object-mapping/install/project/share/project/config
copying config/slam_toolbox_params.yaml -> /home/sanjuna/Desktop/FP_Robotics_and_Automation/Qbot--3D-object-mapping/install/project/share/project/config
running install_egg_info
Copying ../../build/project/project.egg-info to /home/sanjuna/Desktop/FP_Robotics_and_Automation/Qbot--3D-object-mapping/install/project/lib/python3.10/site-packages/project-0.0.0-py3.10.egg-info
running install_scripts
Installing circular_scanner script to /home/sanjuna/Desktop/FP_Robotics_and_Automation/Qbot--3D-object-mapping/install/project/lib/project
Installing navigation_server script to /home/sanjuna/Desktop/FP_Robotics_and_Automation/Qbot--3D-object-mapping/install/project/lib/project
Installing qbot_controller script to /home/sanjuna/Desktop/FP_Robotics_and_Automation/Qbot--3D-object-mapping/install/project/lib/project
writing list of installed files to '/home/sanjuna/Desktop/FP_Robotics_and_Automation/Qbot--3D-object-mapping/build/project/install.log'
