[0.890s] Invoking command in '/home/sanjuna/Desktop/FP_Robotics_and_Automation/Qbot--3D-object-mapping/src/project': AMENT_PREFIX_PATH=/home/sanjuna/Desktop/FP_Robotics_and_Automation/Qbot--3D-object-mapping/install/qbot_description:/home/sanjuna/Desktop/FP_Robotics_and_Automation/Qbot--3D-object-mapping/install/interfaces:${AMENT_PREFIX_PATH} CMAKE_PREFIX_PATH=/home/sanjuna/Desktop/FP_Robotics_and_Automation/Qbot--3D-object-mapping/install/qbot_description:/home/sanjuna/Desktop/FP_Robotics_and_Automation/Qbot--3D-object-mapping/install/interfaces LD_LIBRARY_PATH=/home/sanjuna/Desktop/FP_Robotics_and_Automation/Qbot--3D-object-mapping/install/interfaces/lib:${LD_LIBRARY_PATH} PYTHONPATH=/home/sanjuna/Desktop/FP_Robotics_and_Automation/Qbot--3D-object-mapping/build/project/prefix_override:/usr/lib/python3/dist-packages/colcon_core/task/python/colcon_distutils_commands:/home/sanjuna/Desktop/FP_Robotics_and_Automation/Qbot--3D-object-mapping/install/project/lib/python3.10/site-packages:/home/sanjuna/Desktop/FP_Robotics_and_Automation/Qbot--3D-object-mapping/install/interfaces/local/lib/python3.10/dist-packages:${PYTHONPATH} /usr/bin/python3 -W ignore:setup.py install is deprecated -W ignore:easy_install command is deprecated setup.py egg_info --egg-base ../../build/project build --build-base /home/sanjuna/Desktop/FP_Robotics_and_Automation/Qbot--3D-object-mapping/build/project/build install --record /home/sanjuna/Desktop/FP_Robotics_and_Automation/Qbot--3D-object-mapping/build/project/install.log --single-version-externally-managed install_data
[1.152s] running egg_info
[1.153s] creating ../../build/project/project.egg-info
[1.153s] writing ../../build/project/project.egg-info/PKG-INFO
[1.153s] writing dependency_links to ../../build/project/project.egg-info/dependency_links.txt
[1.153s] writing entry points to ../../build/project/project.egg-info/entry_points.txt
[1.153s] writing requirements to ../../build/project/project.egg-info/requires.txt
[1.153s] writing top-level names to ../../build/project/project.egg-info/top_level.txt
[1.154s] writing manifest file '../../build/project/project.egg-info/SOURCES.txt'
[1.155s] reading manifest file '../../build/project/project.egg-info/SOURCES.txt'
[1.155s] adding license file 'LICENSE'
[1.156s] writing manifest file '../../build/project/project.egg-info/SOURCES.txt'
[1.156s] running build
[1.156s] running build_py
[1.156s] creating /home/sanjuna/Desktop/FP_Robotics_and_Automation/Qbot--3D-object-mapping/build/project/build
[1.156s] creating /home/sanjuna/Desktop/FP_Robotics_and_Automation/Qbot--3D-object-mapping/build/project/build/lib
[1.156s] creating /home/sanjuna/Desktop/FP_Robotics_and_Automation/Qbot--3D-object-mapping/build/project/build/lib/project
[1.157s] copying project/circular_scanner.py -> /home/sanjuna/Desktop/FP_Robotics_and_Automation/Qbot--3D-object-mapping/build/project/build/lib/project
[1.157s] copying project/qbot_controller.py -> /home/sanjuna/Desktop/FP_Robotics_and_Automation/Qbot--3D-object-mapping/build/project/build/lib/project
[1.157s] copying project/odom_node.py -> /home/sanjuna/Desktop/FP_Robotics_and_Automation/Qbot--3D-object-mapping/build/project/build/lib/project
[1.157s] copying project/navigation_server.py -> /home/sanjuna/Desktop/FP_Robotics_and_Automation/Qbot--3D-object-mapping/build/project/build/lib/project
[1.157s] copying project/__init__.py -> /home/sanjuna/Desktop/FP_Robotics_and_Automation/Qbot--3D-object-mapping/build/project/build/lib/project
[1.157s] copying project/mapper_node.py -> /home/sanjuna/Desktop/FP_Robotics_and_Automation/Qbot--3D-object-mapping/build/project/build/lib/project
[1.157s] running install
[1.157s] running install_lib
[1.158s] creating /home/sanjuna/Desktop/FP_Robotics_and_Automation/Qbot--3D-object-mapping/install/project/lib/python3.10/site-packages/project
[1.159s] copying /home/sanjuna/Desktop/FP_Robotics_and_Automation/Qbot--3D-object-mapping/build/project/build/lib/project/circular_scanner.py -> /home/sanjuna/Desktop/FP_Robotics_and_Automation/Qbot--3D-object-mapping/install/project/lib/python3.10/site-packages/project
[1.159s] copying /home/sanjuna/Desktop/FP_Robotics_and_Automation/Qbot--3D-object-mapping/build/project/build/lib/project/qbot_controller.py -> /home/sanjuna/Desktop/FP_Robotics_and_Automation/Qbot--3D-object-mapping/install/project/lib/python3.10/site-packages/project
[1.159s] copying /home/sanjuna/Desktop/FP_Robotics_and_Automation/Qbot--3D-object-mapping/build/project/build/lib/project/odom_node.py -> /home/sanjuna/Desktop/FP_Robotics_and_Automation/Qbot--3D-object-mapping/install/project/lib/python3.10/site-packages/project
[1.159s] copying /home/sanjuna/Desktop/FP_Robotics_and_Automation/Qbot--3D-object-mapping/build/project/build/lib/project/navigation_server.py -> /home/sanjuna/Desktop/FP_Robotics_and_Automation/Qbot--3D-object-mapping/install/project/lib/python3.10/site-packages/project
[1.159s] copying /home/sanjuna/Desktop/FP_Robotics_and_Automation/Qbot--3D-object-mapping/build/project/build/lib/project/__init__.py -> /home/sanjuna/Desktop/FP_Robotics_and_Automation/Qbot--3D-object-mapping/install/project/lib/python3.10/site-packages/project
[1.159s] copying /home/sanjuna/Desktop/FP_Robotics_and_Automation/Qbot--3D-object-mapping/build/project/build/lib/project/mapper_node.py -> /home/sanjuna/Desktop/FP_Robotics_and_Automation/Qbot--3D-object-mapping/install/project/lib/python3.10/site-packages/project
[1.159s] byte-compiling /home/sanjuna/Desktop/FP_Robotics_and_Automation/Qbot--3D-object-mapping/install/project/lib/python3.10/site-packages/project/circular_scanner.py to circular_scanner.cpython-310.pyc
[1.160s] byte-compiling /home/sanjuna/Desktop/FP_Robotics_and_Automation/Qbot--3D-object-mapping/install/project/lib/python3.10/site-packages/project/qbot_controller.py to qbot_controller.cpython-310.pyc
[1.161s] byte-compiling /home/sanjuna/Desktop/FP_Robotics_and_Automation/Qbot--3D-object-mapping/install/project/lib/python3.10/site-packages/project/odom_node.py to odom_node.cpython-310.pyc
[1.162s] byte-compiling /home/sanjuna/Desktop/FP_Robotics_and_Automation/Qbot--3D-object-mapping/install/project/lib/python3.10/site-packages/project/navigation_server.py to navigation_server.cpython-310.pyc
[1.163s] byte-compiling /home/sanjuna/Desktop/FP_Robotics_and_Automation/Qbot--3D-object-mapping/install/project/lib/python3.10/site-packages/project/__init__.py to __init__.cpython-310.pyc
[1.163s] byte-compiling /home/sanjuna/Desktop/FP_Robotics_and_Automation/Qbot--3D-object-mapping/install/project/lib/python3.10/site-packages/project/mapper_node.py to mapper_node.cpython-310.pyc
[1.164s] running install_data
[1.164s] creating /home/sanjuna/Desktop/FP_Robotics_and_Automation/Qbot--3D-object-mapping/install/project/share/ament_index
[1.164s] creating /home/sanjuna/Desktop/FP_Robotics_and_Automation/Qbot--3D-object-mapping/install/project/share/ament_index/resource_index
[1.164s] creating /home/sanjuna/Desktop/FP_Robotics_and_Automation/Qbot--3D-object-mapping/install/project/share/ament_index/resource_index/packages
[1.164s] copying resource/project -> /home/sanjuna/Desktop/FP_Robotics_and_Automation/Qbot--3D-object-mapping/install/project/share/ament_index/resource_index/packages
[1.164s] copying package.xml -> /home/sanjuna/Desktop/FP_Robotics_and_Automation/Qbot--3D-object-mapping/install/project/share/project
[1.164s] creating /home/sanjuna/Desktop/FP_Robotics_and_Automation/Qbot--3D-object-mapping/install/project/share/project/launch
[1.165s] copying launch/lab_06_simulation_launch.py -> /home/sanjuna/Desktop/FP_Robotics_and_Automation/Qbot--3D-object-mapping/install/project/share/project/launch
[1.165s] copying launch/lab_06_gznew_launch.py -> /home/sanjuna/Desktop/FP_Robotics_and_Automation/Qbot--3D-object-mapping/install/project/share/project/launch
[1.165s] creating /home/sanjuna/Desktop/FP_Robotics_and_Automation/Qbot--3D-object-mapping/install/project/share/project/config
[1.165s] copying config/slam_toolbox_params.yaml -> /home/sanjuna/Desktop/FP_Robotics_and_Automation/Qbot--3D-object-mapping/install/project/share/project/config
[1.165s] running install_egg_info
[1.167s] Copying ../../build/project/project.egg-info to /home/sanjuna/Desktop/FP_Robotics_and_Automation/Qbot--3D-object-mapping/install/project/lib/python3.10/site-packages/project-0.0.0-py3.10.egg-info
[1.168s] running install_scripts
[1.188s] Installing circular_scanner script to /home/sanjuna/Desktop/FP_Robotics_and_Automation/Qbot--3D-object-mapping/install/project/lib/project
[1.189s] Installing navigation_server script to /home/sanjuna/Desktop/FP_Robotics_and_Automation/Qbot--3D-object-mapping/install/project/lib/project
[1.189s] Installing qbot_controller script to /home/sanjuna/Desktop/FP_Robotics_and_Automation/Qbot--3D-object-mapping/install/project/lib/project
[1.189s] writing list of installed files to '/home/sanjuna/Desktop/FP_Robotics_and_Automation/Qbot--3D-object-mapping/build/project/install.log'
[1.215s] Invoked command in '/home/sanjuna/Desktop/FP_Robotics_and_Automation/Qbot--3D-object-mapping/src/project' returned '0': AMENT_PREFIX_PATH=/home/sanjuna/Desktop/FP_Robotics_and_Automation/Qbot--3D-object-mapping/install/qbot_description:/home/sanjuna/Desktop/FP_Robotics_and_Automation/Qbot--3D-object-mapping/install/interfaces:${AMENT_PREFIX_PATH} CMAKE_PREFIX_PATH=/home/sanjuna/Desktop/FP_Robotics_and_Automation/Qbot--3D-object-mapping/install/qbot_description:/home/sanjuna/Desktop/FP_Robotics_and_Automation/Qbot--3D-object-mapping/install/interfaces LD_LIBRARY_PATH=/home/sanjuna/Desktop/FP_Robotics_and_Automation/Qbot--3D-object-mapping/install/interfaces/lib:${LD_LIBRARY_PATH} PYTHONPATH=/home/sanjuna/Desktop/FP_Robotics_and_Automation/Qbot--3D-object-mapping/build/project/prefix_override:/usr/lib/python3/dist-packages/colcon_core/task/python/colcon_distutils_commands:/home/sanjuna/Desktop/FP_Robotics_and_Automation/Qbot--3D-object-mapping/install/project/lib/python3.10/site-packages:/home/sanjuna/Desktop/FP_Robotics_and_Automation/Qbot--3D-object-mapping/install/interfaces/local/lib/python3.10/dist-packages:${PYTHONPATH} /usr/bin/python3 -W ignore:setup.py install is deprecated -W ignore:easy_install command is deprecated setup.py egg_info --egg-base ../../build/project build --build-base /home/sanjuna/Desktop/FP_Robotics_and_Automation/Qbot--3D-object-mapping/build/project/build install --record /home/sanjuna/Desktop/FP_Robotics_and_Automation/Qbot--3D-object-mapping/build/project/install.log --single-version-externally-managed install_data
