/home/sanjuna/Desktop/FP_Robotics_and_Automation/Qbot--3D-object-mapping/install/lab_06/lib/python3.10/site-packages/lab_06/circular_scanner.py
/home/sanjuna/Desktop/FP_Robotics_and_Automation/Qbot--3D-object-mapping/install/lab_06/lib/python3.10/site-packages/lab_06/qbot_controller.py
/home/sanjuna/Desktop/FP_Robotics_and_Automation/Qbot--3D-object-mapping/install/lab_06/lib/python3.10/site-packages/lab_06/odom_node.py
/home/sanjuna/Desktop/FP_Robotics_and_Automation/Qbot--3D-object-mapping/install/lab_06/lib/python3.10/site-packages/lab_06/navigation_server.py
/home/sanjuna/Desktop/FP_Robotics_and_Automation/Qbot--3D-object-mapping/install/lab_06/lib/python3.10/site-packages/lab_06/__init__.py
/home/sanjuna/Desktop/FP_Robotics_and_Automation/Qbot--3D-object-mapping/install/lab_06/lib/python3.10/site-packages/lab_06/mapper_node.py
/home/sanjuna/Desktop/FP_Robotics_and_Automation/Qbot--3D-object-mapping/install/lab_06/lib/python3.10/site-packages/lab_06/__pycache__/circular_scanner.cpython-310.pyc
/home/sanjuna/Desktop/FP_Robotics_and_Automation/Qbot--3D-object-mapping/install/lab_06/lib/python3.10/site-packages/lab_06/__pycache__/qbot_controller.cpython-310.pyc
/home/sanjuna/Desktop/FP_Robotics_and_Automation/Qbot--3D-object-mapping/install/lab_06/lib/python3.10/site-packages/lab_06/__pycache__/odom_node.cpython-310.pyc
/home/sanjuna/Desktop/FP_Robotics_and_Automation/Qbot--3D-object-mapping/install/lab_06/lib/python3.10/site-packages/lab_06/__pycache__/navigation_server.cpython-310.pyc
/home/sanjuna/Desktop/FP_Robotics_and_Automation/Qbot--3D-object-mapping/install/lab_06/lib/python3.10/site-packages/lab_06/__pycache__/__init__.cpython-310.pyc
/home/sanjuna/Desktop/FP_Robotics_and_Automation/Qbot--3D-object-mapping/install/lab_06/lib/python3.10/site-packages/lab_06/__pycache__/mapper_node.cpython-310.pyc
/home/sanjuna/Desktop/FP_Robotics_and_Automation/Qbot--3D-object-mapping/install/lab_06/share/ament_index/resource_index/packages/lab_06
/home/sanjuna/Desktop/FP_Robotics_and_Automation/Qbot--3D-object-mapping/install/lab_06/share/lab_06/package.xml
/home/sanjuna/Desktop/FP_Robotics_and_Automation/Qbot--3D-object-mapping/install/lab_06/share/lab_06/launch/lab_06_simulation_launch.py
/home/sanjuna/Desktop/FP_Robotics_and_Automation/Qbot--3D-object-mapping/install/lab_06/share/lab_06/launch/lab_06_gznew_launch.py
/home/sanjuna/Desktop/FP_Robotics_and_Automation/Qbot--3D-object-mapping/install/lab_06/share/lab_06/config/slam_toolbox_params.yaml
/home/sanjuna/Desktop/FP_Robotics_and_Automation/Qbot--3D-object-mapping/install/lab_06/lib/python3.10/site-packages/lab_06-0.0.0-py3.10.egg-info/SOURCES.txt
/home/sanjuna/Desktop/FP_Robotics_and_Automation/Qbot--3D-object-mapping/install/lab_06/lib/python3.10/site-packages/lab_06-0.0.0-py3.10.egg-info/entry_points.txt
/home/sanjuna/Desktop/FP_Robotics_and_Automation/Qbot--3D-object-mapping/install/lab_06/lib/python3.10/site-packages/lab_06-0.0.0-py3.10.egg-info/dependency_links.txt
/home/sanjuna/Desktop/FP_Robotics_and_Automation/Qbot--3D-object-mapping/install/lab_06/lib/python3.10/site-packages/lab_06-0.0.0-py3.10.egg-info/PKG-INFO
/home/sanjuna/Desktop/FP_Robotics_and_Automation/Qbot--3D-object-mapping/install/lab_06/lib/python3.10/site-packages/lab_06-0.0.0-py3.10.egg-info/requires.txt
/home/sanjuna/Desktop/FP_Robotics_and_Automation/Qbot--3D-object-mapping/install/lab_06/lib/python3.10/site-packages/lab_06-0.0.0-py3.10.egg-info/top_level.txt
/home/sanjuna/Desktop/FP_Robotics_and_Automation/Qbot--3D-object-mapping/install/lab_06/lib/python3.10/site-packages/lab_06-0.0.0-py3.10.egg-info/zip-safe
/home/sanjuna/Desktop/FP_Robotics_and_Automation/Qbot--3D-object-mapping/install/lab_06/lib/lab_06/circular_scanner
/home/sanjuna/Desktop/FP_Robotics_and_Automation/Qbot--3D-object-mapping/install/lab_06/lib/lab_06/navigation_server
/home/sanjuna/Desktop/FP_Robotics_and_Automation/Qbot--3D-object-mapping/install/lab_06/lib/lab_06/qbot_controller
