[0.477s] Invoking command in '/home/netrunner/Documents/Robotics_and_Automation/CA/Qbot--3D-object-mapping/simulation/build/qbot_scanner': PYTHONPATH=/home/netrunner/Documents/Robotics_and_Automation/CA/Qbot--3D-object-mapping/simulation/build/qbot_scanner/prefix_override:/usr/lib/python3/dist-packages/colcon_core/task/python/colcon_distutils_commands:/home/netrunner/Documents/Robotics_and_Automation/CA/Qbot--3D-object-mapping/simulation/install/qbot_scanner/lib/python3.10/site-packages:${PYTHONPATH} /usr/bin/python3 -W ignore:setup.py install is deprecated -W ignore:easy_install command is deprecated setup.py develop --editable --build-directory /home/netrunner/Documents/Robotics_and_Automation/CA/Qbot--3D-object-mapping/simulation/build/qbot_scanner/build --no-deps symlink_data
[0.669s] running develop
[0.799s] running egg_info
[0.799s] writing qbot_scanner.egg-info/PKG-INFO
[0.799s] writing dependency_links to qbot_scanner.egg-info/dependency_links.txt
[0.799s] writing entry points to qbot_scanner.egg-info/entry_points.txt
[0.799s] writing requirements to qbot_scanner.egg-info/requires.txt
[0.799s] writing top-level names to qbot_scanner.egg-info/top_level.txt
[0.800s] reading manifest file 'qbot_scanner.egg-info/SOURCES.txt'
[0.801s] writing manifest file 'qbot_scanner.egg-info/SOURCES.txt'
[0.802s] running build_ext
[0.802s] Creating /home/netrunner/Documents/Robotics_and_Automation/CA/Qbot--3D-object-mapping/simulation/install/qbot_scanner/lib/python3.10/site-packages/qbot-scanner.egg-link (link to .)
[0.803s] Installing scan_logic script to /home/netrunner/Documents/Robotics_and_Automation/CA/Qbot--3D-object-mapping/simulation/install/qbot_scanner/lib/qbot_scanner
[0.803s] 
[0.803s] Installed /home/netrunner/Documents/Robotics_and_Automation/CA/Qbot--3D-object-mapping/simulation/build/qbot_scanner
[0.803s] running symlink_data
[0.803s] creating /home/netrunner/Documents/Robotics_and_Automation/CA/Qbot--3D-object-mapping/simulation/install/qbot_scanner/share/qbot_scanner/launch
[0.804s] symbolically linking /home/netrunner/Documents/Robotics_and_Automation/CA/Qbot--3D-object-mapping/simulation/build/qbot_scanner/launch/qbot_bringup.launch.py -> /home/netrunner/Documents/Robotics_and_Automation/CA/Qbot--3D-object-mapping/simulation/install/qbot_scanner/share/qbot_scanner/launch
[0.804s] creating /home/netrunner/Documents/Robotics_and_Automation/CA/Qbot--3D-object-mapping/simulation/install/qbot_scanner/share/qbot_scanner/urdf
[0.804s] symbolically linking /home/netrunner/Documents/Robotics_and_Automation/CA/Qbot--3D-object-mapping/simulation/build/qbot_scanner/urdf/qbot.urdf -> /home/netrunner/Documents/Robotics_and_Automation/CA/Qbot--3D-object-mapping/simulation/install/qbot_scanner/share/qbot_scanner/urdf
[0.804s] creating /home/netrunner/Documents/Robotics_and_Automation/CA/Qbot--3D-object-mapping/simulation/install/qbot_scanner/share/qbot_scanner/worlds
[0.804s] symbolically linking /home/netrunner/Documents/Robotics_and_Automation/CA/Qbot--3D-object-mapping/simulation/build/qbot_scanner/worlds/scan_world.world -> /home/netrunner/Documents/Robotics_and_Automation/CA/Qbot--3D-object-mapping/simulation/install/qbot_scanner/share/qbot_scanner/worlds
[0.826s] Invoked command in '/home/netrunner/Documents/Robotics_and_Automation/CA/Qbot--3D-object-mapping/simulation/build/qbot_scanner' returned '0': PYTHONPATH=/home/netrunner/Documents/Robotics_and_Automation/CA/Qbot--3D-object-mapping/simulation/build/qbot_scanner/prefix_override:/usr/lib/python3/dist-packages/colcon_core/task/python/colcon_distutils_commands:/home/netrunner/Documents/Robotics_and_Automation/CA/Qbot--3D-object-mapping/simulation/install/qbot_scanner/lib/python3.10/site-packages:${PYTHONPATH} /usr/bin/python3 -W ignore:setup.py install is deprecated -W ignore:easy_install command is deprecated setup.py develop --editable --build-directory /home/netrunner/Documents/Robotics_and_Automation/CA/Qbot--3D-object-mapping/simulation/build/qbot_scanner/build --no-deps symlink_data
